{"/Users/wxhou/Documents/openspec-playwright/package.json": {"path":"/Users/wxhou/Documents/openspec-playwright/package.json","statementMap":{"0":{"start":{"line":1,"column":20},"end":{"line":1,"column":41}},"1":{"start":{"line":2,"column":23},"end":{"line":2,"column":30}},"2":{"start":{"line":3,"column":27},"end":{"line":3,"column":94}},"3":{"start":{"line":4,"column":20},"end":{"line":4,"column":28}},"4":{"start":{"line":5,"column":19},"end":{"line":5,"column":57}},"5":{"start":{"line":6,"column":23},"end":{"line":6,"column":456}},"6":{"start":{"line":7,"column":28},"end":{"line":7,"column":130}},"7":{"start":{"line":8,"column":31},"end":{"line":8,"column":249}},"8":{"start":{"line":9,"column":23},"end":{"line":9,"column":38}},"9":{"start":{"line":10,"column":21},"end":{"line":10,"column":121}},"10":{"start":{"line":11,"column":24},"end":{"line":11,"column":113}},"11":{"start":{"line":12,"column":23},"end":{"line":12,"column":28}},"12":{"start":{"line":13,"column":26},"end":{"line":13,"column":93}}},"fnMap":{},"branchMap":{},"s":{"0":1,"1":1,"2":1,"3":1,"4":1,"5":1,"6":1,"7":1,"8":1,"9":1,"10":1,"11":1,"12":1},"f":{},"b":{},"meta":{"lastBranch":0,"lastFunction":0,"lastStatement":13,"seen":{"s:1:20:1:41":0,"s:2:23:2:30":1,"s:3:27:3:94":2,"s:4:20:4:28":3,"s:5:19:5:57":4,"s:6:23:6:456":5,"s:7:28:7:130":6,"s:8:31:8:249":7,"s:9:23:9:38":8,"s:10:21:10:121":9,"s:11:24:11:113":10,"s:12:23:12:28":11,"s:13:26:13:93":12}}}
,"/Users/wxhou/Documents/openspec-playwright/src/commands/doctor.ts": {"path":"/Users/wxhou/Documents/openspec-playwright/src/commands/doctor.ts","statementMap":{"0":{"start":{"line":16,"column":7},"end":{"line":16,"column":9}},"1":{"start":{"line":18,"column":22},"end":{"line":18,"column":35}},"2":{"start":{"line":21,"column":2},"end":{"line":36,"column":null}},"3":{"start":{"line":22,"column":14},"end":{"line":22,"column":73}},"4":{"start":{"line":23,"column":4},"end":{"line":28,"column":null}},"5":{"start":{"line":30,"column":4},"end":{"line":35,"column":null}},"6":{"start":{"line":39,"column":2},"end":{"line":54,"column":null}},"7":{"start":{"line":40,"column":13},"end":{"line":40,"column":71}},"8":{"start":{"line":41,"column":4},"end":{"line":46,"column":null}},"9":{"start":{"line":48,"column":4},"end":{"line":53,"column":null}},"10":{"start":{"line":57,"column":19},"end":{"line":57,"column":63}},"11":{"start":{"line":58,"column":2},"end":{"line":63,"column":null}},"12":{"start":{"line":66,"column":2},"end":{"line":83,"column":null}},"13":{"start":{"line":67,"column":12},"end":{"line":69,"column":13}},"14":{"start":{"line":70,"column":4},"end":{"line":75,"column":null}},"15":{"start":{"line":77,"column":4},"end":{"line":82,"column":null}},"16":{"start":{"line":86,"column":21},"end":{"line":86,"column":26}},"17":{"start":{"line":87,"column":2},"end":{"line":97,"column":null}},"18":{"start":{"line":88,"column":16},"end":{"line":91,"column":6}},"19":{"start":{"line":92,"column":4},"end":{"line":94,"column":null}},"20":{"start":{"line":93,"column":6},"end":{"line":93,"column":null}},"21":{"start":{"line":98,"column":2},"end":{"line":103,"column":null}},"22":{"start":{"line":106,"column":16},"end":{"line":107,"column":null}},"23":{"start":{"line":109,"column":2},"end":{"line":114,"column":null}},"24":{"start":{"line":117,"column":15},"end":{"line":118,"column":null}},"25":{"start":{"line":120,"column":2},"end":{"line":125,"column":null}},"26":{"start":{"line":127,"column":16},"end":{"line":127,"column":86}},"27":{"start":{"line":127,"column":37},"end":{"line":127,"column":72}},"28":{"start":{"line":129,"column":2},"end":{"line":135,"column":null}},"29":{"start":{"line":130,"column":4},"end":{"line":132,"column":null}},"30":{"start":{"line":133,"column":4},"end":{"line":133,"column":null}},"31":{"start":{"line":133,"column":16},"end":{"line":133,"column":null}},"32":{"start":{"line":134,"column":4},"end":{"line":134,"column":null}},"33":{"start":{"line":138,"column":2},"end":{"line":140,"column":null}},"34":{"start":{"line":142,"column":21},"end":{"line":142,"column":23}},"35":{"start":{"line":143,"column":2},"end":{"line":155,"column":null}},"36":{"start":{"line":144,"column":4},"end":{"line":147,"column":null}},"37":{"start":{"line":145,"column":6},"end":{"line":145,"column":null}},"38":{"start":{"line":146,"column":6},"end":{"line":146,"column":null}},"39":{"start":{"line":148,"column":4},"end":{"line":154,"column":null}},"40":{"start":{"line":149,"column":6},"end":{"line":149,"column":null}},"41":{"start":{"line":150,"column":11},"end":{"line":154,"column":null}},"42":{"start":{"line":151,"column":6},"end":{"line":151,"column":null}},"43":{"start":{"line":153,"column":6},"end":{"line":153,"column":null}},"44":{"start":{"line":157,"column":2},"end":{"line":157,"column":null}},"45":{"start":{"line":158,"column":2},"end":{"line":165,"column":null}},"46":{"start":{"line":159,"column":4},"end":{"line":159,"column":null}},"47":{"start":{"line":160,"column":4},"end":{"line":160,"column":null}},"48":{"start":{"line":162,"column":4},"end":{"line":162,"column":null}},"49":{"start":{"line":163,"column":4},"end":{"line":163,"column":null}},"50":{"start":{"line":164,"column":4},"end":{"line":164,"column":null}}},"fnMap":{"0":{"name":"doctor","decl":{"start":{"line":10,"column":22},"end":{"line":10,"column":28}},"loc":{"start":{"line":10,"column":56},"end":{"line":166,"column":null}},"line":10},"1":{"name":"(anonymous_1)","decl":{"start":{"line":127,"column":30},"end":{"line":127,"column":31}},"loc":{"start":{"line":127,"column":37},"end":{"line":127,"column":72}},"line":127}},"branchMap":{"0":{"loc":{"start":{"line":10,"column":29},"end":{"line":10,"column":56}},"type":"default-arg","locations":[{"start":{"line":10,"column":54},"end":{"line":10,"column":56}}],"line":10},"1":{"loc":{"start":{"line":62,"column":13},"end":{"line":62,"column":60}},"type":"cond-expr","locations":[{"start":{"line":62,"column":27},"end":{"line":62,"column":40}},{"start":{"line":62,"column":43},"end":{"line":62,"column":60}}],"line":62},"2":{"loc":{"start":{"line":92,"column":4},"end":{"line":94,"column":null}},"type":"if","locations":[{"start":{"line":92,"column":4},"end":{"line":94,"column":null}},{"start":{},"end":{}}],"line":92},"3":{"loc":{"start":{"line":102,"column":13},"end":{"line":102,"column":58}},"type":"cond-expr","locations":[{"start":{"line":102,"column":28},"end":{"line":102,"column":39}},{"start":{"line":102,"column":42},"end":{"line":102,"column":58}}],"line":102},"4":{"loc":{"start":{"line":113,"column":13},"end":{"line":113,"column":53}},"type":"cond-expr","locations":[{"start":{"line":113,"column":24},"end":{"line":113,"column":35}},{"start":{"line":113,"column":38},"end":{"line":113,"column":53}}],"line":113},"5":{"loc":{"start":{"line":124,"column":13},"end":{"line":124,"column":55}},"type":"cond-expr","locations":[{"start":{"line":124,"column":23},"end":{"line":124,"column":30}},{"start":{"line":124,"column":33},"end":{"line":124,"column":55}}],"line":124},"6":{"loc":{"start":{"line":127,"column":37},"end":{"line":127,"column":72}},"type":"binary-expr","locations":[{"start":{"line":127,"column":37},"end":{"line":127,"column":42}},{"start":{"line":127,"column":46},"end":{"line":127,"column":72}}],"line":127},"7":{"loc":{"start":{"line":129,"column":2},"end":{"line":135,"column":null}},"type":"if","locations":[{"start":{"line":129,"column":2},"end":{"line":135,"column":null}},{"start":{},"end":{}}],"line":129},"8":{"loc":{"start":{"line":133,"column":4},"end":{"line":133,"column":null}},"type":"if","locations":[{"start":{"line":133,"column":4},"end":{"line":133,"column":null}},{"start":{},"end":{}}],"line":133},"9":{"loc":{"start":{"line":144,"column":4},"end":{"line":147,"column":null}},"type":"if","locations":[{"start":{"line":144,"column":4},"end":{"line":147,"column":null}},{"start":{},"end":{}}],"line":144},"10":{"loc":{"start":{"line":148,"column":4},"end":{"line":154,"column":null}},"type":"if","locations":[{"start":{"line":148,"column":4},"end":{"line":154,"column":null}},{"start":{"line":150,"column":11},"end":{"line":154,"column":null}}],"line":148},"11":{"loc":{"start":{"line":150,"column":11},"end":{"line":154,"column":null}},"type":"if","locations":[{"start":{"line":150,"column":11},"end":{"line":154,"column":null}},{"start":{"line":152,"column":11},"end":{"line":154,"column":null}}],"line":150},"12":{"loc":{"start":{"line":158,"column":2},"end":{"line":165,"column":null}},"type":"if","locations":[{"start":{"line":158,"column":2},"end":{"line":165,"column":null}},{"start":{"line":161,"column":9},"end":{"line":165,"column":null}}],"line":158}},"s":{"0":0,"1":0,"2":0,"3":0,"4":0,"5":0,"6":0,"7":0,"8":0,"9":0,"10":0,"11":0,"12":0,"13":0,"14":0,"15":0,"16":0,"17":0,"18":0,"19":0,"20":0,"21":0,"22":0,"23":0,"24":0,"25":0,"26":0,"27":0,"28":0,"29":0,"30":0,"31":0,"32":0,"33":0,"34":0,"35":0,"36":0,"37":0,"38":0,"39":0,"40":0,"41":0,"42":0,"43":0,"44":0,"45":0,"46":0,"47":0,"48":0,"49":0,"50":0},"f":{"0":0,"1":0},"b":{"0":[0],"1":[0,0],"2":[0,0],"3":[0,0],"4":[0,0],"5":[0,0],"6":[0,0],"7":[0,0],"8":[0,0],"9":[0,0],"10":[0,0],"11":[0,0],"12":[0,0]},"meta":{"lastBranch":13,"lastFunction":2,"lastStatement":51,"seen":{"f:10:22:10:28":0,"b:10:54:10:56":0,"s:16:7:16:9":0,"s:18:22:18:35":1,"s:21:2:36:Infinity":2,"s:22:14:22:73":3,"s:23:4:28:Infinity":4,"s:30:4:35:Infinity":5,"s:39:2:54:Infinity":6,"s:40:13:40:71":7,"s:41:4:46:Infinity":8,"s:48:4:53:Infinity":9,"s:57:19:57:63":10,"s:58:2:63:Infinity":11,"b:62:27:62:40:62:43:62:60":1,"s:66:2:83:Infinity":12,"s:67:12:69:13":13,"s:70:4:75:Infinity":14,"s:77:4:82:Infinity":15,"s:86:21:86:26":16,"s:87:2:97:Infinity":17,"s:88:16:91:6":18,"b:92:4:94:Infinity:undefined:undefined:undefined:undefined":2,"s:92:4:94:Infinity":19,"s:93:6:93:Infinity":20,"s:98:2:103:Infinity":21,"b:102:28:102:39:102:42:102:58":3,"s:106:16:107:Infinity":22,"s:109:2:114:Infinity":23,"b:113:24:113:35:113:38:113:53":4,"s:117:15:118:Infinity":24,"s:120:2:125:Infinity":25,"b:124:23:124:30:124:33:124:55":5,"s:127:16:127:86":26,"f:127:30:127:31":1,"s:127:37:127:72":27,"b:127:37:127:42:127:46:127:72":6,"b:129:2:135:Infinity:undefined:undefined:undefined:undefined":7,"s:129:2:135:Infinity":28,"s:130:4:132:Infinity":29,"b:133:4:133:Infinity:undefined:undefined:undefined:undefined":8,"s:133:4:133:Infinity":30,"s:133:16:133:Infinity":31,"s:134:4:134:Infinity":32,"s:138:2:140:Infinity":33,"s:142:21:142:23":34,"s:143:2:155:Infinity":35,"b:144:4:147:Infinity:undefined:undefined:undefined:undefined":9,"s:144:4:147:Infinity":36,"s:145:6:145:Infinity":37,"s:146:6:146:Infinity":38,"b:148:4:154:Infinity:150:11:154:Infinity":10,"s:148:4:154:Infinity":39,"s:149:6:149:Infinity":40,"b:150:11:154:Infinity:152:11:154:Infinity":11,"s:150:11:154:Infinity":41,"s:151:6:151:Infinity":42,"s:153:6:153:Infinity":43,"s:157:2:157:Infinity":44,"b:158:2:165:Infinity:161:9:165:Infinity":12,"s:158:2:165:Infinity":45,"s:159:4:159:Infinity":46,"s:160:4:160:Infinity":47,"s:162:4:162:Infinity":48,"s:163:4:163:Infinity":49,"s:164:4:164:Infinity":50}}}
,"/Users/wxhou/Documents/openspec-playwright/src/commands/editors.ts": {"path":"/Users/wxhou/Documents/openspec-playwright/src/commands/editors.ts","statementMap":{"0":{"start":{"line":7,"column":23},"end":{"line":7,"column":69}},"1":{"start":{"line":8,"column":2},"end":{"line":14,"column":null}},"2":{"start":{"line":9,"column":20},"end":{"line":12,"column":28}},"3":{"start":{"line":13,"column":4},"end":{"line":13,"column":null}},"4":{"start":{"line":15,"column":2},"end":{"line":15,"column":null}},"5":{"start":{"line":20,"column":2},"end":{"line":20,"column":null}},"6":{"start":{"line":20,"column":29},"end":{"line":20,"column":47}},"7":{"start":{"line":37,"column":2},"end":{"line":45,"column":null}},"8":{"start":{"line":49,"column":2},"end":{"line":49,"column":null}},"9":{"start":{"line":54,"column":2},"end":{"line":61,"column":null}},"10":{"start":{"line":66,"column":2},"end":{"line":66,"column":null}},"11":{"start":{"line":76,"column":15},"end":{"line":76,"column":37}},"12":{"start":{"line":77,"column":18},"end":{"line":77,"column":47}},"13":{"start":{"line":78,"column":15},"end":{"line":78,"column":51}},"14":{"start":{"line":79,"column":2},"end":{"line":79,"column":null}},"15":{"start":{"line":80,"column":2},"end":{"line":80,"column":null}},"16":{"start":{"line":81,"column":2},"end":{"line":81,"column":null}},"17":{"start":{"line":86,"column":16},"end":{"line":86,"column":73}},"18":{"start":{"line":87,"column":2},"end":{"line":87,"column":null}},"19":{"start":{"line":88,"column":2},"end":{"line":88,"column":null}},"20":{"start":{"line":89,"column":2},"end":{"line":89,"column":null}},"21":{"start":{"line":97,"column":12},"end":{"line":97,"column":45}},"22":{"start":{"line":98,"column":22},"end":{"line":98,"column":47}},"23":{"start":{"line":99,"column":20},"end":{"line":99,"column":43}},"24":{"start":{"line":101,"column":2},"end":{"line":110,"column":null}},"25":{"start":{"line":103,"column":21},"end":{"line":103,"column":62}},"26":{"start":{"line":104,"column":20},"end":{"line":104,"column":94}},"27":{"start":{"line":105,"column":4},"end":{"line":105,"column":null}},"28":{"start":{"line":106,"column":4},"end":{"line":108,"column":null}},"29":{"start":{"line":109,"column":4},"end":{"line":109,"column":null}},"30":{"start":{"line":113,"column":16},"end":{"line":113,"column":46}},"31":{"start":{"line":114,"column":19},"end":{"line":114,"column":49}},"32":{"start":{"line":115,"column":17},"end":{"line":115,"column":45}},"33":{"start":{"line":117,"column":2},"end":{"line":148,"column":null}},"34":{"start":{"line":119,"column":21},"end":{"line":119,"column":50}},"35":{"start":{"line":120,"column":19},"end":{"line":120,"column":65}},"36":{"start":{"line":121,"column":19},"end":{"line":121,"column":56}},"37":{"start":{"line":122,"column":18},"end":{"line":122,"column":40}},"38":{"start":{"line":123,"column":20},"end":{"line":123,"column":111}},"39":{"start":{"line":124,"column":4},"end":{"line":124,"column":null}},"40":{"start":{"line":125,"column":4},"end":{"line":127,"column":null}},"41":{"start":{"line":128,"column":9},"end":{"line":148,"column":null}},"42":{"start":{"line":131,"column":6},"end":{"line":138,"column":10}},"43":{"start":{"line":139,"column":4},"end":{"line":139,"column":null}},"44":{"start":{"line":140,"column":4},"end":{"line":142,"column":null}},"45":{"start":{"line":145,"column":4},"end":{"line":147,"column":null}},"46":{"start":{"line":153,"column":2},"end":{"line":153,"column":null}},"47":{"start":{"line":8,"column":2},"end":{"line":13,"column":null}},"48":{"start":{"line":37,"column":2},"end":{"line":44,"column":null}},"49":{"start":{"line":78,"column":8},"end":{"line":78,"column":51}},"50":{"start":{"line":86,"column":8},"end":{"line":86,"column":73}},"51":{"start":{"line":97,"column":8},"end":{"line":97,"column":45}},"52":{"start":{"line":98,"column":22},"end":{"line":98,"column":null}},"53":{"start":{"line":99,"column":20},"end":{"line":99,"column":null}},"54":{"start":{"line":101,"column":2},"end":{"line":109,"column":null}},"55":{"start":{"line":103,"column":21},"end":{"line":103,"column":null}},"56":{"start":{"line":104,"column":20},"end":{"line":104,"column":null}},"57":{"start":{"line":113,"column":8},"end":{"line":113,"column":46}},"58":{"start":{"line":117,"column":2},"end":{"line":147,"column":null}},"59":{"start":{"line":120,"column":19},"end":{"line":120,"column":null}},"60":{"start":{"line":123,"column":20},"end":{"line":123,"column":null}},"61":{"start":{"line":128,"column":13},"end":{"line":147,"column":null}},"62":{"start":{"line":131,"column":6},"end":{"line":138,"column":null}}},"fnMap":{"0":{"name":"escapeYamlValue","decl":{"start":{"line":6,"column":16},"end":{"line":6,"column":31}},"loc":{"start":{"line":6,"column":45},"end":{"line":16,"column":null}},"line":6},"1":{"name":"formatTagsArray","decl":{"start":{"line":19,"column":16},"end":{"line":19,"column":31}},"loc":{"start":{"line":19,"column":46},"end":{"line":21,"column":null}},"line":19},"2":{"name":"(anonymous_2)","decl":{"start":{"line":20,"column":22},"end":{"line":20,"column":23}},"loc":{"start":{"line":20,"column":29},"end":{"line":20,"column":47}},"line":20},"3":{"name":"formatClaudeCommand","decl":{"start":{"line":36,"column":16},"end":{"line":36,"column":35}},"loc":{"start":{"line":36,"column":53},"end":{"line":46,"column":null}},"line":36},"4":{"name":"getClaudeCommandPath","decl":{"start":{"line":48,"column":16},"end":{"line":48,"column":36}},"loc":{"start":{"line":48,"column":47},"end":{"line":50,"column":null}},"line":48},"5":{"name":"buildCommandMeta","decl":{"start":{"line":53,"column":16},"end":{"line":53,"column":32}},"loc":{"start":{"line":53,"column":45},"end":{"line":62,"column":null}},"line":53},"6":{"name":"hasClaudeCode","decl":{"start":{"line":65,"column":16},"end":{"line":65,"column":29}},"loc":{"start":{"line":65,"column":49},"end":{"line":67,"column":null}},"line":65},"7":{"name":"installForClaudeCode","decl":{"start":{"line":72,"column":16},"end":{"line":72,"column":36}},"loc":{"start":{"line":74,"column":21},"end":{"line":82,"column":null}},"line":74},"8":{"name":"installSkill","decl":{"start":{"line":85,"column":16},"end":{"line":85,"column":28}},"loc":{"start":{"line":85,"column":70},"end":{"line":90,"column":null}},"line":85},"9":{"name":"installProjectClaudeMd","decl":{"start":{"line":93,"column":16},"end":{"line":93,"column":38}},"loc":{"start":{"line":95,"column":26},"end":{"line":149,"column":null}},"line":95},"10":{"name":"readEmployeeStandards","decl":{"start":{"line":152,"column":16},"end":{"line":152,"column":37}},"loc":{"start":{"line":152,"column":53},"end":{"line":154,"column":null}},"line":152},"11":{"name":"escapeYamlValue","decl":{"start":{"line":6,"column":16},"end":{"line":6,"column":32}},"loc":{"start":{"line":6,"column":55},"end":{"line":15,"column":null}},"line":6},"12":{"name":"formatTagsArray","decl":{"start":{"line":19,"column":16},"end":{"line":19,"column":32}},"loc":{"start":{"line":19,"column":56},"end":{"line":20,"column":null}},"line":19},"13":{"name":"formatClaudeCommand","decl":{"start":{"line":36,"column":16},"end":{"line":36,"column":36}},"loc":{"start":{"line":36,"column":63},"end":{"line":44,"column":null}},"line":36},"14":{"name":"getClaudeCommandPath","decl":{"start":{"line":48,"column":16},"end":{"line":48,"column":37}},"loc":{"start":{"line":48,"column":57},"end":{"line":49,"column":null}},"line":48},"15":{"name":"buildCommandMeta","decl":{"start":{"line":53,"column":16},"end":{"line":53,"column":33}},"loc":{"start":{"line":53,"column":60},"end":{"line":61,"column":null}},"line":53},"16":{"name":"hasClaudeCode","decl":{"start":{"line":65,"column":16},"end":{"line":65,"column":30}},"loc":{"start":{"line":65,"column":60},"end":{"line":66,"column":null}},"line":65},"17":{"name":"installForClaudeCode","decl":{"start":{"line":72,"column":16},"end":{"line":72,"column":null}},"loc":{"start":{"line":75,"column":8},"end":{"line":81,"column":null}},"line":75},"18":{"name":"installSkill","decl":{"start":{"line":85,"column":16},"end":{"line":85,"column":29}},"loc":{"start":{"line":85,"column":78},"end":{"line":89,"column":null}},"line":85},"19":{"name":"installProjectClaudeMd","decl":{"start":{"line":93,"column":16},"end":{"line":93,"column":null}},"loc":{"start":{"line":96,"column":8},"end":{"line":147,"column":null}},"line":96},"20":{"name":"readEmployeeStandards","decl":{"start":{"line":152,"column":16},"end":{"line":152,"column":38}},"loc":{"start":{"line":152,"column":63},"end":{"line":153,"column":null}},"line":152}},"branchMap":{"0":{"loc":{"start":{"line":8,"column":2},"end":{"line":14,"column":null}},"type":"if","locations":[{"start":{"line":8,"column":2},"end":{"line":14,"column":null}},{"start":{},"end":{}}],"line":8},"1":{"loc":{"start":{"line":101,"column":2},"end":{"line":110,"column":null}},"type":"if","locations":[{"start":{"line":101,"column":2},"end":{"line":110,"column":null}},{"start":{},"end":{}}],"line":101},"2":{"loc":{"start":{"line":103,"column":21},"end":{"line":103,"column":62}},"type":"binary-expr","locations":[{"start":{"line":103,"column":21},"end":{"line":103,"column":49}},{"start":{"line":103,"column":53},"end":{"line":103,"column":62}}],"line":103},"3":{"loc":{"start":{"line":117,"column":2},"end":{"line":148,"column":null}},"type":"if","locations":[{"start":{"line":117,"column":2},"end":{"line":148,"column":null}},{"start":{"line":128,"column":9},"end":{"line":148,"column":null}}],"line":117},"4":{"loc":{"start":{"line":117,"column":6},"end":{"line":117,"column":24}},"type":"binary-expr","locations":[{"start":{"line":117,"column":6},"end":{"line":117,"column":14}},{"start":{"line":117,"column":18},"end":{"line":117,"column":24}}],"line":117},"5":{"loc":{"start":{"line":128,"column":9},"end":{"line":148,"column":null}},"type":"if","locations":[{"start":{"line":128,"column":9},"end":{"line":148,"column":null}},{"start":{"line":143,"column":9},"end":{"line":148,"column":null}}],"line":128},"6":{"loc":{"start":{"line":128,"column":13},"end":{"line":128,"column":33}},"type":"binary-expr","locations":[{"start":{"line":128,"column":13},"end":{"line":128,"column":22}},{"start":{"line":128,"column":26},"end":{"line":128,"column":33}}],"line":128},"7":{"loc":{"start":{"line":153,"column":2},"end":{"line":153,"column":66}},"type":"cond-expr","locations":[{"start":{"line":153,"column":30},"end":{"line":153,"column":61}},{"start":{"line":153,"column":64},"end":{"line":153,"column":66}}],"line":153},"8":{"loc":{"start":{"line":8,"column":2},"end":{"line":13,"column":null}},"type":"if","locations":[{"start":{"line":8,"column":2},"end":{"line":13,"column":null}},{"start":{},"end":{}}],"line":8},"9":{"loc":{"start":{"line":101,"column":2},"end":{"line":109,"column":null}},"type":"if","locations":[{"start":{"line":101,"column":2},"end":{"line":109,"column":null}},{"start":{},"end":{}}],"line":101},"10":{"loc":{"start":{"line":117,"column":2},"end":{"line":147,"column":null}},"type":"if","locations":[{"start":{"line":117,"column":2},"end":{"line":147,"column":null}},{"start":{"line":128,"column":13},"end":{"line":147,"column":null}}],"line":117},"11":{"loc":{"start":{"line":117,"column":6},"end":{"line":117,"column":26}},"type":"binary-expr","locations":[{"start":{"line":117,"column":6},"end":{"line":117,"column":18}},{"start":{"line":117,"column":18},"end":{"line":117,"column":26}}],"line":117},"12":{"loc":{"start":{"line":128,"column":13},"end":{"line":147,"column":null}},"type":"if","locations":[{"start":{"line":128,"column":13},"end":{"line":147,"column":null}},{"start":{"line":143,"column":9},"end":{"line":147,"column":null}}],"line":128},"13":{"loc":{"start":{"line":128,"column":13},"end":{"line":128,"column":35}},"type":"binary-expr","locations":[{"start":{"line":128,"column":13},"end":{"line":128,"column":26}},{"start":{"line":128,"column":26},"end":{"line":128,"column":35}}],"line":128},"14":{"loc":{"start":{"line":153,"column":2},"end":{"line":153,"column":null}},"type":"cond-expr","locations":[{"start":{"line":153,"column":28},"end":{"line":153,"column":61}},{"start":{"line":153,"column":64},"end":{"line":153,"column":null}}],"line":153}},"s":{"0":49,"1":0,"2":19,"3":19,"4":30,"5":10,"6":23,"7":0,"8":1,"9":8,"10":3,"11":0,"12":0,"13":0,"14":0,"15":0,"16":0,"17":0,"18":0,"19":0,"20":0,"21":0,"22":0,"23":0,"24":0,"25":0,"26":0,"27":0,"28":0,"29":0,"30":0,"31":0,"32":0,"33":0,"34":0,"35":0,"36":0,"37":0,"38":0,"39":0,"40":0,"41":0,"42":0,"43":0,"44":0,"45":0,"46":0,"47":49,"48":4,"49":0,"50":0,"51":0,"52":0,"53":0,"54":0,"55":0,"56":0,"57":0,"58":0,"59":0,"60":0,"61":0,"62":0},"f":{"0":0,"1":0,"2":23,"3":0,"4":0,"5":0,"6":1,"7":0,"8":0,"9":0,"10":0,"11":49,"12":10,"13":4,"14":1,"15":8,"16":3,"17":0,"18":0,"19":0,"20":0},"b":{"0":[0,0],"1":[0,0],"2":[0,0],"3":[0,0],"4":[0,0],"5":[0,0],"6":[0,0],"7":[0,0],"8":[19,30],"9":[0,0],"10":[0,0],"11":[0,0],"12":[0,0],"13":[0,0],"14":[0,0]},"meta":{"lastBranch":8,"lastFunction":11,"lastStatement":47,"seen":{"f:6:16:6:31":0,"s:7:23:7:69":0,"b:8:2:14:Infinity:undefined:undefined:undefined:undefined":0,"s:8:2:14:Infinity":1,"s:9:20:12:28":2,"s:13:4:13:Infinity":3,"s:15:2:15:Infinity":4,"f:19:16:19:31":1,"s:20:2:20:Infinity":5,"f:20:22:20:23":2,"s:20:29:20:47":6,"f:36:16:36:35":3,"s:37:2:45:Infinity":7,"f:48:16:48:36":4,"s:49:2:49:Infinity":8,"f:53:16:53:32":5,"s:54:2:61:Infinity":9,"f:65:16:65:29":6,"s:66:2:66:Infinity":10,"f:72:16:72:36":7,"s:76:15:76:37":11,"s:77:18:77:47":12,"s:78:15:78:51":13,"s:79:2:79:Infinity":14,"s:80:2:80:Infinity":15,"s:81:2:81:Infinity":16,"f:85:16:85:28":8,"s:86:16:86:73":17,"s:87:2:87:Infinity":18,"s:88:2:88:Infinity":19,"s:89:2:89:Infinity":20,"f:93:16:93:38":9,"s:97:12:97:45":21,"s:98:22:98:47":22,"s:99:20:99:43":23,"b:101:2:110:Infinity:undefined:undefined:undefined:undefined":1,"s:101:2:110:Infinity":24,"s:103:21:103:62":25,"b:103:21:103:49:103:53:103:62":2,"s:104:20:104:94":26,"s:105:4:105:Infinity":27,"s:106:4:108:Infinity":28,"s:109:4:109:Infinity":29,"s:113:16:113:46":30,"s:114:19:114:49":31,"s:115:17:115:45":32,"b:117:2:148:Infinity:128:9:148:Infinity":3,"s:117:2:148:Infinity":33,"b:117:6:117:14:117:18:117:24":4,"s:119:21:119:50":34,"s:120:19:120:65":35,"s:121:19:121:56":36,"s:122:18:122:40":37,"s:123:20:123:111":38,"s:124:4:124:Infinity":39,"s:125:4:127:Infinity":40,"b:128:9:148:Infinity:143:9:148:Infinity":5,"s:128:9:148:Infinity":41,"b:128:13:128:22:128:26:128:33":6,"s:131:6:138:10":42,"s:139:4:139:Infinity":43,"s:140:4:142:Infinity":44,"s:145:4:147:Infinity":45,"f:152:16:152:37":10,"s:153:2:153:Infinity":46,"b:153:30:153:61:153:64:153:66":7}}}
,"/Users/wxhou/Documents/openspec-playwright/src/commands/init.ts": {"path":"/Users/wxhou/Documents/openspec-playwright/src/commands/init.ts","statementMap":{"0":{"start":{"line":16,"column":18},"end":{"line":16,"column":79}},"1":{"start":{"line":17,"column":15},"end":{"line":18,"column":null}},"2":{"start":{"line":20,"column":28},"end":{"line":21,"column":null}},"3":{"start":{"line":26,"column":2},"end":{"line":26,"column":null}},"4":{"start":{"line":36,"column":2},"end":{"line":36,"column":null}},"5":{"start":{"line":38,"column":22},"end":{"line":38,"column":35}},"6":{"start":{"line":41,"column":2},"end":{"line":41,"column":null}},"7":{"start":{"line":43,"column":18},"end":{"line":43,"column":60}},"8":{"start":{"line":44,"column":17},"end":{"line":44,"column":54}},"9":{"start":{"line":45,"column":2},"end":{"line":49,"column":null}},"10":{"start":{"line":51,"column":2},"end":{"line":54,"column":null}},"11":{"start":{"line":52,"column":4},"end":{"line":52,"column":null}},"12":{"start":{"line":53,"column":4},"end":{"line":53,"column":null}},"13":{"start":{"line":55,"column":2},"end":{"line":55,"column":null}},"14":{"start":{"line":58,"column":2},"end":{"line":68,"column":null}},"15":{"start":{"line":59,"column":4},"end":{"line":61,"column":null}},"16":{"start":{"line":62,"column":4},"end":{"line":62,"column":null}},"17":{"start":{"line":63,"column":4},"end":{"line":63,"column":null}},"18":{"start":{"line":64,"column":4},"end":{"line":64,"column":null}},"19":{"start":{"line":65,"column":4},"end":{"line":65,"column":null}},"20":{"start":{"line":66,"column":4},"end":{"line":66,"column":null}},"21":{"start":{"line":67,"column":4},"end":{"line":67,"column":null}},"22":{"start":{"line":69,"column":2},"end":{"line":69,"column":null}},"23":{"start":{"line":72,"column":2},"end":{"line":125,"column":null}},"24":{"start":{"line":73,"column":4},"end":{"line":73,"column":null}},"25":{"start":{"line":76,"column":23},"end":{"line":76,"column":28}},"26":{"start":{"line":77,"column":4},"end":{"line":87,"column":null}},"27":{"start":{"line":78,"column":18},"end":{"line":81,"column":8}},"28":{"start":{"line":82,"column":6},"end":{"line":84,"column":null}},"29":{"start":{"line":83,"column":8},"end":{"line":83,"column":null}},"30":{"start":{"line":89,"column":4},"end":{"line":124,"column":null}},"31":{"start":{"line":90,"column":6},"end":{"line":90,"column":null}},"32":{"start":{"line":92,"column":6},"end":{"line":123,"column":null}},"33":{"start":{"line":93,"column":8},"end":{"line":97,"column":null}},"34":{"start":{"line":98,"column":8},"end":{"line":98,"column":null}},"35":{"start":{"line":99,"column":8},"end":{"line":99,"column":null}},"36":{"start":{"line":101,"column":18},"end":{"line":101,"column":44}},"37":{"start":{"line":102,"column":8},"end":{"line":122,"column":null}},"38":{"start":{"line":103,"column":10},"end":{"line":105,"column":null}},"39":{"start":{"line":107,"column":10},"end":{"line":111,"column":null}},"40":{"start":{"line":112,"column":10},"end":{"line":116,"column":null}},"41":{"start":{"line":117,"column":10},"end":{"line":121,"column":null}},"42":{"start":{"line":128,"column":2},"end":{"line":128,"column":null}},"43":{"start":{"line":129,"column":23},"end":{"line":129,"column":57}},"44":{"start":{"line":130,"column":15},"end":{"line":130,"column":45}},"45":{"start":{"line":131,"column":2},"end":{"line":143,"column":null}},"46":{"start":{"line":132,"column":4},"end":{"line":132,"column":null}},"47":{"start":{"line":133,"column":4},"end":{"line":133,"column":null}},"48":{"start":{"line":134,"column":4},"end":{"line":134,"column":null}},"49":{"start":{"line":136,"column":4},"end":{"line":138,"column":null}},"50":{"start":{"line":139,"column":4},"end":{"line":141,"column":null}},"51":{"start":{"line":142,"column":4},"end":{"line":142,"column":null}},"52":{"start":{"line":146,"column":2},"end":{"line":159,"column":null}},"53":{"start":{"line":147,"column":4},"end":{"line":147,"column":null}},"54":{"start":{"line":148,"column":19},"end":{"line":153,"column":null}},"55":{"start":{"line":155,"column":4},"end":{"line":155,"column":null}},"56":{"start":{"line":157,"column":4},"end":{"line":157,"column":null}},"57":{"start":{"line":158,"column":4},"end":{"line":158,"column":null}},"58":{"start":{"line":162,"column":2},"end":{"line":165,"column":null}},"59":{"start":{"line":163,"column":4},"end":{"line":163,"column":null}},"60":{"start":{"line":164,"column":4},"end":{"line":164,"column":null}},"61":{"start":{"line":168,"column":2},"end":{"line":171,"column":null}},"62":{"start":{"line":169,"column":4},"end":{"line":169,"column":null}},"63":{"start":{"line":170,"column":4},"end":{"line":170,"column":null}},"64":{"start":{"line":174,"column":2},"end":{"line":174,"column":null}},"65":{"start":{"line":175,"column":2},"end":{"line":175,"column":null}},"66":{"start":{"line":178,"column":2},"end":{"line":178,"column":null}},"67":{"start":{"line":179,"column":17},"end":{"line":179,"column":65}},"68":{"start":{"line":180,"column":2},"end":{"line":182,"column":null}},"69":{"start":{"line":181,"column":4},"end":{"line":181,"column":null}},"70":{"start":{"line":185,"column":2},"end":{"line":185,"column":null}},"71":{"start":{"line":186,"column":2},"end":{"line":186,"column":null}},"72":{"start":{"line":188,"column":2},"end":{"line":188,"column":null}},"73":{"start":{"line":189,"column":2},"end":{"line":193,"column":null}},"74":{"start":{"line":194,"column":2},"end":{"line":198,"column":null}},"75":{"start":{"line":199,"column":2},"end":{"line":203,"column":null}},"76":{"start":{"line":204,"column":2},"end":{"line":206,"column":null}},"77":{"start":{"line":207,"column":2},"end":{"line":211,"column":null}},"78":{"start":{"line":212,"column":17},"end":{"line":212,"column":60}},"79":{"start":{"line":213,"column":2},"end":{"line":217,"column":null}},"80":{"start":{"line":214,"column":4},"end":{"line":216,"column":null}},"81":{"start":{"line":218,"column":2},"end":{"line":222,"column":null}},"82":{"start":{"line":223,"column":2},"end":{"line":227,"column":null}},"83":{"start":{"line":229,"column":2},"end":{"line":229,"column":null}},"84":{"start":{"line":230,"column":2},"end":{"line":232,"column":null}},"85":{"start":{"line":233,"column":2},"end":{"line":233,"column":null}},"86":{"start":{"line":234,"column":2},"end":{"line":234,"column":null}},"87":{"start":{"line":238,"column":16},"end":{"line":238,"column":59}},"88":{"start":{"line":239,"column":2},"end":{"line":239,"column":null}},"89":{"start":{"line":241,"column":16},"end":{"line":241,"column":49}},"90":{"start":{"line":242,"column":2},"end":{"line":248,"column":null}},"91":{"start":{"line":243,"column":4},"end":{"line":243,"column":null}},"92":{"start":{"line":245,"column":24},"end":{"line":245,"column":79}},"93":{"start":{"line":246,"column":4},"end":{"line":246,"column":null}},"94":{"start":{"line":247,"column":4},"end":{"line":247,"column":null}},"95":{"start":{"line":251,"column":21},"end":{"line":251,"column":55}},"96":{"start":{"line":252,"column":2},"end":{"line":261,"column":null}},"97":{"start":{"line":253,"column":4},"end":{"line":253,"column":null}},"98":{"start":{"line":255,"column":24},"end":{"line":257,"column":null}},"99":{"start":{"line":259,"column":4},"end":{"line":259,"column":null}},"100":{"start":{"line":260,"column":4},"end":{"line":260,"column":null}},"101":{"start":{"line":264,"column":17},"end":{"line":264,"column":54}},"102":{"start":{"line":265,"column":2},"end":{"line":276,"column":null}},"103":{"start":{"line":266,"column":4},"end":{"line":266,"column":null}},"104":{"start":{"line":268,"column":25},"end":{"line":270,"column":null}},"105":{"start":{"line":272,"column":4},"end":{"line":272,"column":null}},"106":{"start":{"line":273,"column":4},"end":{"line":275,"column":null}},"107":{"start":{"line":278,"column":2},"end":{"line":280,"column":null}},"108":{"start":{"line":284,"column":11},"end":{"line":284,"column":52}},"109":{"start":{"line":285,"column":12},"end":{"line":285,"column":75}},"110":{"start":{"line":287,"column":2},"end":{"line":290,"column":null}},"111":{"start":{"line":288,"column":4},"end":{"line":288,"column":null}},"112":{"start":{"line":289,"column":4},"end":{"line":289,"column":null}},"113":{"start":{"line":292,"column":2},"end":{"line":297,"column":null}},"114":{"start":{"line":293,"column":4},"end":{"line":293,"column":null}},"115":{"start":{"line":294,"column":4},"end":{"line":296,"column":null}},"116":{"start":{"line":301,"column":16},"end":{"line":301,"column":68}},"117":{"start":{"line":302,"column":2},"end":{"line":302,"column":null}},"118":{"start":{"line":304,"column":19},"end":{"line":304,"column":64}},"119":{"start":{"line":305,"column":20},"end":{"line":305,"column":52}},"120":{"start":{"line":306,"column":2},"end":{"line":318,"column":null}},"121":{"start":{"line":307,"column":4},"end":{"line":307,"column":null}},"122":{"start":{"line":308,"column":9},"end":{"line":318,"column":null}},"123":{"start":{"line":309,"column":4},"end":{"line":309,"column":null}},"124":{"start":{"line":310,"column":4},"end":{"line":312,"column":null}},"125":{"start":{"line":313,"column":4},"end":{"line":317,"column":null}},"126":{"start":{"line":323,"column":17},"end":{"line":327,"column":null}},"127":{"start":{"line":329,"column":20},"end":{"line":329,"column":51}},"128":{"start":{"line":330,"column":2},"end":{"line":330,"column":null}},"129":{"start":{"line":332,"column":31},"end":{"line":338,"column":null}},"130":{"start":{"line":340,"column":2},"end":{"line":346,"column":null}},"131":{"start":{"line":341,"column":13},"end":{"line":341,"column":40}},"132":{"start":{"line":342,"column":14},"end":{"line":342,"column":41}},"133":{"start":{"line":343,"column":4},"end":{"line":345,"column":null}},"134":{"start":{"line":344,"column":6},"end":{"line":344,"column":null}},"135":{"start":{"line":350,"column":2},"end":{"line":357,"column":null}},"136":{"start":{"line":351,"column":4},"end":{"line":351,"column":null}},"137":{"start":{"line":352,"column":4},"end":{"line":352,"column":null}},"138":{"start":{"line":352,"column":17},"end":{"line":352,"column":null}},"139":{"start":{"line":353,"column":4},"end":{"line":353,"column":null}},"140":{"start":{"line":355,"column":4},"end":{"line":355,"column":null}},"141":{"start":{"line":355,"column":17},"end":{"line":355,"column":null}},"142":{"start":{"line":356,"column":4},"end":{"line":356,"column":null}},"143":{"start":{"line":16,"column":6},"end":{"line":16,"column":79}},"144":{"start":{"line":17,"column":6},"end":{"line":18,"column":null}},"145":{"start":{"line":20,"column":6},"end":{"line":21,"column":null}},"146":{"start":{"line":51,"column":2},"end":{"line":53,"column":null}},"147":{"start":{"line":58,"column":2},"end":{"line":67,"column":null}},"148":{"start":{"line":72,"column":2},"end":{"line":121,"column":null}},"149":{"start":{"line":76,"column":23},"end":{"line":76,"column":null}},"150":{"start":{"line":77,"column":4},"end":{"line":85,"column":null}},"151":{"start":{"line":78,"column":12},"end":{"line":81,"column":8}},"152":{"start":{"line":82,"column":6},"end":{"line":83,"column":null}},"153":{"start":{"line":89,"column":4},"end":{"line":121,"column":null}},"154":{"start":{"line":92,"column":6},"end":{"line":121,"column":null}},"155":{"start":{"line":101,"column":18},"end":{"line":101,"column":null}},"156":{"start":{"line":102,"column":8},"end":{"line":121,"column":null}},"157":{"start":{"line":131,"column":2},"end":{"line":142,"column":null}},"158":{"start":{"line":146,"column":2},"end":{"line":158,"column":null}},"159":{"start":{"line":148,"column":10},"end":{"line":153,"column":null}},"160":{"start":{"line":162,"column":2},"end":{"line":164,"column":null}},"161":{"start":{"line":168,"column":2},"end":{"line":170,"column":null}},"162":{"start":{"line":179,"column":8},"end":{"line":179,"column":65}},"163":{"start":{"line":180,"column":2},"end":{"line":181,"column":null}},"164":{"start":{"line":212,"column":8},"end":{"line":212,"column":60}},"165":{"start":{"line":213,"column":2},"end":{"line":216,"column":null}},"166":{"start":{"line":238,"column":8},"end":{"line":238,"column":59}},"167":{"start":{"line":241,"column":8},"end":{"line":241,"column":49}},"168":{"start":{"line":242,"column":2},"end":{"line":247,"column":null}},"169":{"start":{"line":251,"column":8},"end":{"line":251,"column":55}},"170":{"start":{"line":252,"column":2},"end":{"line":260,"column":null}},"171":{"start":{"line":264,"column":8},"end":{"line":264,"column":54}},"172":{"start":{"line":265,"column":2},"end":{"line":275,"column":null}},"173":{"start":{"line":284,"column":8},"end":{"line":284,"column":52}},"174":{"start":{"line":285,"column":8},"end":{"line":285,"column":75}},"175":{"start":{"line":287,"column":2},"end":{"line":289,"column":null}},"176":{"start":{"line":292,"column":2},"end":{"line":296,"column":null}},"177":{"start":{"line":301,"column":8},"end":{"line":301,"column":68}},"178":{"start":{"line":304,"column":8},"end":{"line":304,"column":64}},"179":{"start":{"line":305,"column":8},"end":{"line":305,"column":52}},"180":{"start":{"line":306,"column":2},"end":{"line":317,"column":null}},"181":{"start":{"line":308,"column":13},"end":{"line":317,"column":null}},"182":{"start":{"line":323,"column":8},"end":{"line":327,"column":null}},"183":{"start":{"line":329,"column":8},"end":{"line":329,"column":51}},"184":{"start":{"line":340,"column":2},"end":{"line":344,"column":null}},"185":{"start":{"line":341,"column":10},"end":{"line":341,"column":40}},"186":{"start":{"line":342,"column":10},"end":{"line":342,"column":41}},"187":{"start":{"line":343,"column":4},"end":{"line":344,"column":null}},"188":{"start":{"line":350,"column":2},"end":{"line":356,"column":null}}},"fnMap":{"0":{"name":"extractSkillBody","decl":{"start":{"line":25,"column":9},"end":{"line":25,"column":25}},"loc":{"start":{"line":25,"column":41},"end":{"line":27,"column":null}},"line":25},"1":{"name":"init","decl":{"start":{"line":35,"column":22},"end":{"line":35,"column":26}},"loc":{"start":{"line":35,"column":47},"end":{"line":235,"column":null}},"line":35},"2":{"name":"generateSeedTest","decl":{"start":{"line":237,"column":22},"end":{"line":237,"column":38}},"loc":{"start":{"line":237,"column":74},"end":{"line":281,"column":null}},"line":237},"3":{"name":"generateAppKnowledge","decl":{"start":{"line":283,"column":22},"end":{"line":283,"column":42}},"loc":{"start":{"line":283,"column":62},"end":{"line":298,"column":null}},"line":283},"4":{"name":"generateSharedPages","decl":{"start":{"line":300,"column":22},"end":{"line":300,"column":41}},"loc":{"start":{"line":300,"column":61},"end":{"line":319,"column":null}},"line":300},"5":{"name":"installSkillTemplates","decl":{"start":{"line":322,"column":16},"end":{"line":322,"column":37}},"loc":{"start":{"line":322,"column":57},"end":{"line":347,"column":null}},"line":322},"6":{"name":"execCmd","decl":{"start":{"line":349,"column":9},"end":{"line":349,"column":16}},"loc":{"start":{"line":349,"column":58},"end":{"line":358,"column":null}},"line":349},"7":{"name":"extractSkillBody","decl":{"start":{"line":25,"column":9},"end":{"line":25,"column":26}},"loc":{"start":{"line":25,"column":51},"end":{"line":26,"column":null}},"line":25},"8":{"name":"init","decl":{"start":{"line":35,"column":22},"end":{"line":35,"column":27}},"loc":{"start":{"line":35,"column":49},"end":{"line":234,"column":null}},"line":35},"9":{"name":"generateSeedTest","decl":{"start":{"line":237,"column":22},"end":{"line":237,"column":39}},"loc":{"start":{"line":237,"column":76},"end":{"line":280,"column":null}},"line":237},"10":{"name":"generateAppKnowledge","decl":{"start":{"line":283,"column":22},"end":{"line":283,"column":43}},"loc":{"start":{"line":283,"column":64},"end":{"line":296,"column":null}},"line":283},"11":{"name":"generateSharedPages","decl":{"start":{"line":300,"column":22},"end":{"line":300,"column":42}},"loc":{"start":{"line":300,"column":63},"end":{"line":317,"column":null}},"line":300},"12":{"name":"installSkillTemplates","decl":{"start":{"line":322,"column":16},"end":{"line":322,"column":38}},"loc":{"start":{"line":322,"column":59},"end":{"line":344,"column":null}},"line":322},"13":{"name":"execCmd","decl":{"start":{"line":349,"column":9},"end":{"line":349,"column":17}},"loc":{"start":{"line":349,"column":69},"end":{"line":356,"column":null}},"line":349}},"branchMap":{"0":{"loc":{"start":{"line":51,"column":2},"end":{"line":54,"column":null}},"type":"if","locations":[{"start":{"line":51,"column":2},"end":{"line":54,"column":null}},{"start":{},"end":{}}],"line":51},"1":{"loc":{"start":{"line":51,"column":6},"end":{"line":51,"column":25}},"type":"binary-expr","locations":[{"start":{"line":51,"column":6},"end":{"line":51,"column":14}},{"start":{"line":51,"column":18},"end":{"line":51,"column":25}}],"line":51},"2":{"loc":{"start":{"line":58,"column":2},"end":{"line":68,"column":null}},"type":"if","locations":[{"start":{"line":58,"column":2},"end":{"line":68,"column":null}},{"start":{},"end":{}}],"line":58},"3":{"loc":{"start":{"line":72,"column":2},"end":{"line":125,"column":null}},"type":"if","locations":[{"start":{"line":72,"column":2},"end":{"line":125,"column":null}},{"start":{},"end":{}}],"line":72},"4":{"loc":{"start":{"line":82,"column":6},"end":{"line":84,"column":null}},"type":"if","locations":[{"start":{"line":82,"column":6},"end":{"line":84,"column":null}},{"start":{},"end":{}}],"line":82},"5":{"loc":{"start":{"line":89,"column":4},"end":{"line":124,"column":null}},"type":"if","locations":[{"start":{"line":89,"column":4},"end":{"line":124,"column":null}},{"start":{"line":91,"column":11},"end":{"line":124,"column":null}}],"line":89},"6":{"loc":{"start":{"line":102,"column":8},"end":{"line":122,"column":null}},"type":"if","locations":[{"start":{"line":102,"column":8},"end":{"line":122,"column":null}},{"start":{"line":106,"column":15},"end":{"line":122,"column":null}}],"line":102},"7":{"loc":{"start":{"line":131,"column":2},"end":{"line":143,"column":null}},"type":"if","locations":[{"start":{"line":131,"column":2},"end":{"line":143,"column":null}},{"start":{"line":135,"column":9},"end":{"line":143,"column":null}}],"line":131},"8":{"loc":{"start":{"line":146,"column":2},"end":{"line":159,"column":null}},"type":"if","locations":[{"start":{"line":146,"column":2},"end":{"line":159,"column":null}},{"start":{"line":156,"column":9},"end":{"line":159,"column":null}}],"line":146},"9":{"loc":{"start":{"line":162,"column":2},"end":{"line":165,"column":null}},"type":"if","locations":[{"start":{"line":162,"column":2},"end":{"line":165,"column":null}},{"start":{},"end":{}}],"line":162},"10":{"loc":{"start":{"line":168,"column":2},"end":{"line":171,"column":null}},"type":"if","locations":[{"start":{"line":168,"column":2},"end":{"line":171,"column":null}},{"start":{},"end":{}}],"line":168},"11":{"loc":{"start":{"line":180,"column":2},"end":{"line":182,"column":null}},"type":"if","locations":[{"start":{"line":180,"column":2},"end":{"line":182,"column":null}},{"start":{},"end":{}}],"line":180},"12":{"loc":{"start":{"line":213,"column":2},"end":{"line":217,"column":null}},"type":"if","locations":[{"start":{"line":213,"column":2},"end":{"line":217,"column":null}},{"start":{},"end":{}}],"line":213},"13":{"loc":{"start":{"line":220,"column":11},"end":{"line":220,"column":34}},"type":"cond-expr","locations":[{"start":{"line":220,"column":23},"end":{"line":220,"column":27}},{"start":{"line":220,"column":30},"end":{"line":220,"column":34}}],"line":220},"14":{"loc":{"start":{"line":225,"column":11},"end":{"line":225,"column":34}},"type":"cond-expr","locations":[{"start":{"line":225,"column":23},"end":{"line":225,"column":27}},{"start":{"line":225,"column":30},"end":{"line":225,"column":34}}],"line":225},"15":{"loc":{"start":{"line":242,"column":2},"end":{"line":248,"column":null}},"type":"if","locations":[{"start":{"line":242,"column":2},"end":{"line":248,"column":null}},{"start":{"line":244,"column":9},"end":{"line":248,"column":null}}],"line":242},"16":{"loc":{"start":{"line":242,"column":2},"end":{"line":242,"column":36}},"type":"binary-expr","locations":[{"start":{"line":242,"column":2},"end":{"line":242,"column":26}},{"start":{"line":242,"column":30},"end":{"line":242,"column":36}}],"line":242},"17":{"loc":{"start":{"line":247,"column":78},"end":{"line":247,"column":107}},"type":"cond-expr","locations":[{"start":{"line":247,"column":86},"end":{"line":247,"column":102}},{"start":{"line":247,"column":105},"end":{"line":247,"column":107}}],"line":247},"18":{"loc":{"start":{"line":252,"column":2},"end":{"line":261,"column":null}},"type":"if","locations":[{"start":{"line":252,"column":2},"end":{"line":261,"column":null}},{"start":{"line":254,"column":9},"end":{"line":261,"column":null}}],"line":252},"19":{"loc":{"start":{"line":265,"column":2},"end":{"line":276,"column":null}},"type":"if","locations":[{"start":{"line":265,"column":2},"end":{"line":276,"column":null}},{"start":{"line":267,"column":9},"end":{"line":276,"column":null}}],"line":265},"20":{"loc":{"start":{"line":287,"column":2},"end":{"line":290,"column":null}},"type":"if","locations":[{"start":{"line":287,"column":2},"end":{"line":290,"column":null}},{"start":{},"end":{}}],"line":287},"21":{"loc":{"start":{"line":292,"column":2},"end":{"line":297,"column":null}},"type":"if","locations":[{"start":{"line":292,"column":2},"end":{"line":297,"column":null}},{"start":{},"end":{}}],"line":292},"22":{"loc":{"start":{"line":306,"column":2},"end":{"line":318,"column":null}},"type":"if","locations":[{"start":{"line":306,"column":2},"end":{"line":318,"column":null}},{"start":{"line":308,"column":9},"end":{"line":318,"column":null}}],"line":306},"23":{"loc":{"start":{"line":308,"column":9},"end":{"line":318,"column":null}},"type":"if","locations":[{"start":{"line":308,"column":9},"end":{"line":318,"column":null}},{"start":{},"end":{}}],"line":308},"24":{"loc":{"start":{"line":343,"column":4},"end":{"line":345,"column":null}},"type":"if","locations":[{"start":{"line":343,"column":4},"end":{"line":345,"column":null}},{"start":{},"end":{}}],"line":343},"25":{"loc":{"start":{"line":343,"column":4},"end":{"line":343,"column":44}},"type":"binary-expr","locations":[{"start":{"line":343,"column":4},"end":{"line":343,"column":23}},{"start":{"line":343,"column":27},"end":{"line":343,"column":44}}],"line":343},"26":{"loc":{"start":{"line":349,"column":44},"end":{"line":349,"column":58}},"type":"default-arg","locations":[{"start":{"line":349,"column":53},"end":{"line":349,"column":58}}],"line":349},"27":{"loc":{"start":{"line":352,"column":4},"end":{"line":352,"column":null}},"type":"if","locations":[{"start":{"line":352,"column":4},"end":{"line":352,"column":null}},{"start":{},"end":{}}],"line":352},"28":{"loc":{"start":{"line":355,"column":4},"end":{"line":355,"column":null}},"type":"if","locations":[{"start":{"line":355,"column":4},"end":{"line":355,"column":null}},{"start":{},"end":{}}],"line":355},"29":{"loc":{"start":{"line":51,"column":2},"end":{"line":53,"column":null}},"type":"if","locations":[{"start":{"line":51,"column":2},"end":{"line":53,"column":null}},{"start":{},"end":{}}],"line":51},"30":{"loc":{"start":{"line":51,"column":6},"end":{"line":51,"column":27}},"type":"binary-expr","locations":[{"start":{"line":51,"column":6},"end":{"line":51,"column":18}},{"start":{"line":51,"column":18},"end":{"line":51,"column":27}}],"line":51},"31":{"loc":{"start":{"line":58,"column":2},"end":{"line":67,"column":null}},"type":"if","locations":[{"start":{"line":58,"column":2},"end":{"line":67,"column":null}},{"start":{},"end":{}}],"line":58},"32":{"loc":{"start":{"line":72,"column":2},"end":{"line":121,"column":null}},"type":"if","locations":[{"start":{"line":72,"column":2},"end":{"line":121,"column":null}},{"start":{},"end":{}}],"line":72},"33":{"loc":{"start":{"line":82,"column":6},"end":{"line":83,"column":null}},"type":"if","locations":[{"start":{"line":82,"column":6},"end":{"line":83,"column":null}},{"start":{},"end":{}}],"line":82},"34":{"loc":{"start":{"line":89,"column":4},"end":{"line":121,"column":null}},"type":"if","locations":[{"start":{"line":89,"column":4},"end":{"line":121,"column":null}},{"start":{"line":91,"column":11},"end":{"line":121,"column":null}}],"line":89},"35":{"loc":{"start":{"line":102,"column":8},"end":{"line":121,"column":null}},"type":"if","locations":[{"start":{"line":102,"column":8},"end":{"line":121,"column":null}},{"start":{"line":106,"column":15},"end":{"line":121,"column":null}}],"line":102},"36":{"loc":{"start":{"line":131,"column":2},"end":{"line":142,"column":null}},"type":"if","locations":[{"start":{"line":131,"column":2},"end":{"line":142,"column":null}},{"start":{"line":135,"column":9},"end":{"line":142,"column":null}}],"line":131},"37":{"loc":{"start":{"line":146,"column":2},"end":{"line":158,"column":null}},"type":"if","locations":[{"start":{"line":146,"column":2},"end":{"line":158,"column":null}},{"start":{"line":156,"column":9},"end":{"line":158,"column":null}}],"line":146},"38":{"loc":{"start":{"line":162,"column":2},"end":{"line":164,"column":null}},"type":"if","locations":[{"start":{"line":162,"column":2},"end":{"line":164,"column":null}},{"start":{},"end":{}}],"line":162},"39":{"loc":{"start":{"line":168,"column":2},"end":{"line":170,"column":null}},"type":"if","locations":[{"start":{"line":168,"column":2},"end":{"line":170,"column":null}},{"start":{},"end":{}}],"line":168},"40":{"loc":{"start":{"line":180,"column":2},"end":{"line":181,"column":null}},"type":"if","locations":[{"start":{"line":180,"column":2},"end":{"line":181,"column":null}},{"start":{},"end":{}}],"line":180},"41":{"loc":{"start":{"line":213,"column":2},"end":{"line":216,"column":null}},"type":"if","locations":[{"start":{"line":213,"column":2},"end":{"line":216,"column":null}},{"start":{},"end":{}}],"line":213},"42":{"loc":{"start":{"line":220,"column":11},"end":{"line":220,"column":35}},"type":"cond-expr","locations":[{"start":{"line":220,"column":23},"end":{"line":220,"column":30}},{"start":{"line":220,"column":30},"end":{"line":220,"column":35}}],"line":220},"43":{"loc":{"start":{"line":225,"column":11},"end":{"line":225,"column":35}},"type":"cond-expr","locations":[{"start":{"line":225,"column":23},"end":{"line":225,"column":30}},{"start":{"line":225,"column":30},"end":{"line":225,"column":35}}],"line":225},"44":{"loc":{"start":{"line":242,"column":2},"end":{"line":247,"column":null}},"type":"if","locations":[{"start":{"line":242,"column":2},"end":{"line":247,"column":null}},{"start":{"line":244,"column":9},"end":{"line":247,"column":null}}],"line":242},"45":{"loc":{"start":{"line":247,"column":78},"end":{"line":247,"column":109}},"type":"cond-expr","locations":[{"start":{"line":247,"column":86},"end":{"line":247,"column":105}},{"start":{"line":247,"column":105},"end":{"line":247,"column":109}}],"line":247},"46":{"loc":{"start":{"line":252,"column":2},"end":{"line":260,"column":null}},"type":"if","locations":[{"start":{"line":252,"column":2},"end":{"line":260,"column":null}},{"start":{"line":254,"column":9},"end":{"line":260,"column":null}}],"line":252},"47":{"loc":{"start":{"line":265,"column":2},"end":{"line":275,"column":null}},"type":"if","locations":[{"start":{"line":265,"column":2},"end":{"line":275,"column":null}},{"start":{"line":267,"column":9},"end":{"line":275,"column":null}}],"line":265},"48":{"loc":{"start":{"line":287,"column":2},"end":{"line":289,"column":null}},"type":"if","locations":[{"start":{"line":287,"column":2},"end":{"line":289,"column":null}},{"start":{},"end":{}}],"line":287},"49":{"loc":{"start":{"line":292,"column":2},"end":{"line":296,"column":null}},"type":"if","locations":[{"start":{"line":292,"column":2},"end":{"line":296,"column":null}},{"start":{},"end":{}}],"line":292},"50":{"loc":{"start":{"line":306,"column":2},"end":{"line":317,"column":null}},"type":"if","locations":[{"start":{"line":306,"column":2},"end":{"line":317,"column":null}},{"start":{"line":308,"column":13},"end":{"line":317,"column":null}}],"line":306},"51":{"loc":{"start":{"line":308,"column":13},"end":{"line":317,"column":null}},"type":"if","locations":[{"start":{"line":308,"column":13},"end":{"line":317,"column":null}},{"start":{},"end":{}}],"line":308},"52":{"loc":{"start":{"line":343,"column":4},"end":{"line":344,"column":null}},"type":"if","locations":[{"start":{"line":343,"column":4},"end":{"line":344,"column":null}},{"start":{},"end":{}}],"line":343},"53":{"loc":{"start":{"line":349,"column":44},"end":{"line":349,"column":69}},"type":"default-arg","locations":[{"start":{"line":349,"column":53},"end":{"line":349,"column":69}}],"line":349}},"s":{"0":2,"1":2,"2":2,"3":0,"4":0,"5":0,"6":0,"7":0,"8":0,"9":0,"10":0,"11":0,"12":0,"13":0,"14":0,"15":0,"16":0,"17":0,"18":0,"19":0,"20":0,"21":0,"22":0,"23":0,"24":0,"25":0,"26":0,"27":0,"28":0,"29":0,"30":0,"31":0,"32":0,"33":0,"34":0,"35":0,"36":0,"37":0,"38":0,"39":0,"40":0,"41":0,"42":0,"43":0,"44":0,"45":0,"46":0,"47":0,"48":0,"49":0,"50":0,"51":0,"52":0,"53":0,"54":0,"55":0,"56":0,"57":0,"58":0,"59":0,"60":0,"61":0,"62":0,"63":0,"64":0,"65":0,"66":0,"67":0,"68":0,"69":0,"70":0,"71":0,"72":0,"73":0,"74":0,"75":0,"76":0,"77":0,"78":0,"79":0,"80":0,"81":0,"82":0,"83":0,"84":0,"85":0,"86":0,"87":7,"88":7,"89":7,"90":0,"91":1,"92":6,"93":6,"94":6,"95":7,"96":0,"97":2,"98":5,"99":5,"100":5,"101":7,"102":0,"103":1,"104":6,"105":6,"106":6,"107":7,"108":2,"109":2,"110":0,"111":1,"112":1,"113":0,"114":1,"115":1,"116":2,"117":2,"118":2,"119":2,"120":0,"121":1,"122":0,"123":1,"124":1,"125":1,"126":2,"127":2,"128":2,"129":2,"130":0,"131":10,"132":10,"133":0,"134":9,"135":0,"136":0,"137":0,"138":0,"139":0,"140":0,"141":0,"142":0,"143":1,"144":1,"145":1,"146":0,"147":0,"148":0,"149":0,"150":0,"151":0,"152":0,"153":0,"154":0,"155":0,"156":0,"157":0,"158":0,"159":0,"160":0,"161":0,"162":0,"163":0,"164":0,"165":0,"166":7,"167":7,"168":7,"169":7,"170":7,"171":7,"172":7,"173":2,"174":2,"175":2,"176":1,"177":2,"178":2,"179":2,"180":2,"181":1,"182":2,"183":2,"184":2,"185":10,"186":10,"187":10,"188":0},"f":{"0":0,"1":0,"2":0,"3":0,"4":0,"5":0,"6":0,"7":0,"8":0,"9":7,"10":2,"11":2,"12":2,"13":0},"b":{"0":[0,0],"1":[0,0],"2":[0,0],"3":[0,0],"4":[0,0],"5":[0,0],"6":[0,0],"7":[0,0],"8":[0,0],"9":[0,0],"10":[0,0],"11":[0,0],"12":[0,0],"13":[0,0],"14":[0,0],"15":[0,0],"16":[7,2],"17":[1,5],"18":[0,0],"19":[0,0],"20":[0,0],"21":[0,0],"22":[0,0],"23":[0,0],"24":[0,0],"25":[10,10],"26":[0],"27":[0,0],"28":[0,0],"29":[0,0],"30":[0,0],"31":[0,0],"32":[0,0],"33":[0,0],"34":[0,0],"35":[0,0],"36":[0,0],"37":[0,0],"38":[0,0],"39":[0,0],"40":[0,0],"41":[0,0],"42":[0,0],"43":[0,0],"44":[1,6],"45":[1,5],"46":[2,5],"47":[1,6],"48":[1,1],"49":[1,0],"50":[1,1],"51":[1,0],"52":[9,1],"53":[0]},"meta":{"lastBranch":29,"lastFunction":7,"lastStatement":143,"seen":{"s:16:18:16:79":0,"s:17:15:18:Infinity":1,"s:20:28:21:Infinity":2,"f:25:9:25:25":0,"s:26:2:26:Infinity":3,"f:35:22:35:26":1,"s:36:2:36:Infinity":4,"s:38:22:38:35":5,"s:41:2:41:Infinity":6,"s:43:18:43:60":7,"s:44:17:44:54":8,"s:45:2:49:Infinity":9,"b:51:2:54:Infinity:undefined:undefined:undefined:undefined":0,"s:51:2:54:Infinity":10,"b:51:6:51:14:51:18:51:25":1,"s:52:4:52:Infinity":11,"s:53:4:53:Infinity":12,"s:55:2:55:Infinity":13,"b:58:2:68:Infinity:undefined:undefined:undefined:undefined":2,"s:58:2:68:Infinity":14,"s:59:4:61:Infinity":15,"s:62:4:62:Infinity":16,"s:63:4:63:Infinity":17,"s:64:4:64:Infinity":18,"s:65:4:65:Infinity":19,"s:66:4:66:Infinity":20,"s:67:4:67:Infinity":21,"s:69:2:69:Infinity":22,"b:72:2:125:Infinity:undefined:undefined:undefined:undefined":3,"s:72:2:125:Infinity":23,"s:73:4:73:Infinity":24,"s:76:23:76:28":25,"s:77:4:87:Infinity":26,"s:78:18:81:8":27,"b:82:6:84:Infinity:undefined:undefined:undefined:undefined":4,"s:82:6:84:Infinity":28,"s:83:8:83:Infinity":29,"b:89:4:124:Infinity:91:11:124:Infinity":5,"s:89:4:124:Infinity":30,"s:90:6:90:Infinity":31,"s:92:6:123:Infinity":32,"s:93:8:97:Infinity":33,"s:98:8:98:Infinity":34,"s:99:8:99:Infinity":35,"s:101:18:101:44":36,"b:102:8:122:Infinity:106:15:122:Infinity":6,"s:102:8:122:Infinity":37,"s:103:10:105:Infinity":38,"s:107:10:111:Infinity":39,"s:112:10:116:Infinity":40,"s:117:10:121:Infinity":41,"s:128:2:128:Infinity":42,"s:129:23:129:57":43,"s:130:15:130:45":44,"b:131:2:143:Infinity:135:9:143:Infinity":7,"s:131:2:143:Infinity":45,"s:132:4:132:Infinity":46,"s:133:4:133:Infinity":47,"s:134:4:134:Infinity":48,"s:136:4:138:Infinity":49,"s:139:4:141:Infinity":50,"s:142:4:142:Infinity":51,"b:146:2:159:Infinity:156:9:159:Infinity":8,"s:146:2:159:Infinity":52,"s:147:4:147:Infinity":53,"s:148:19:153:Infinity":54,"s:155:4:155:Infinity":55,"s:157:4:157:Infinity":56,"s:158:4:158:Infinity":57,"b:162:2:165:Infinity:undefined:undefined:undefined:undefined":9,"s:162:2:165:Infinity":58,"s:163:4:163:Infinity":59,"s:164:4:164:Infinity":60,"b:168:2:171:Infinity:undefined:undefined:undefined:undefined":10,"s:168:2:171:Infinity":61,"s:169:4:169:Infinity":62,"s:170:4:170:Infinity":63,"s:174:2:174:Infinity":64,"s:175:2:175:Infinity":65,"s:178:2:178:Infinity":66,"s:179:17:179:65":67,"b:180:2:182:Infinity:undefined:undefined:undefined:undefined":11,"s:180:2:182:Infinity":68,"s:181:4:181:Infinity":69,"s:185:2:185:Infinity":70,"s:186:2:186:Infinity":71,"s:188:2:188:Infinity":72,"s:189:2:193:Infinity":73,"s:194:2:198:Infinity":74,"s:199:2:203:Infinity":75,"s:204:2:206:Infinity":76,"s:207:2:211:Infinity":77,"s:212:17:212:60":78,"b:213:2:217:Infinity:undefined:undefined:undefined:undefined":12,"s:213:2:217:Infinity":79,"s:214:4:216:Infinity":80,"s:218:2:222:Infinity":81,"b:220:23:220:27:220:30:220:34":13,"s:223:2:227:Infinity":82,"b:225:23:225:27:225:30:225:34":14,"s:229:2:229:Infinity":83,"s:230:2:232:Infinity":84,"s:233:2:233:Infinity":85,"s:234:2:234:Infinity":86,"f:237:22:237:38":2,"s:238:16:238:59":87,"s:239:2:239:Infinity":88,"s:241:16:241:49":89,"b:242:2:248:Infinity:244:9:248:Infinity":15,"s:242:2:248:Infinity":90,"b:242:2:242:26:242:30:242:36":16,"s:243:4:243:Infinity":91,"s:245:24:245:79":92,"s:246:4:246:Infinity":93,"s:247:4:247:Infinity":94,"b:247:86:247:102:247:105:247:107":17,"s:251:21:251:55":95,"b:252:2:261:Infinity:254:9:261:Infinity":18,"s:252:2:261:Infinity":96,"s:253:4:253:Infinity":97,"s:255:24:257:Infinity":98,"s:259:4:259:Infinity":99,"s:260:4:260:Infinity":100,"s:264:17:264:54":101,"b:265:2:276:Infinity:267:9:276:Infinity":19,"s:265:2:276:Infinity":102,"s:266:4:266:Infinity":103,"s:268:25:270:Infinity":104,"s:272:4:272:Infinity":105,"s:273:4:275:Infinity":106,"s:278:2:280:Infinity":107,"f:283:22:283:42":3,"s:284:11:284:52":108,"s:285:12:285:75":109,"b:287:2:290:Infinity:undefined:undefined:undefined:undefined":20,"s:287:2:290:Infinity":110,"s:288:4:288:Infinity":111,"s:289:4:289:Infinity":112,"b:292:2:297:Infinity:undefined:undefined:undefined:undefined":21,"s:292:2:297:Infinity":113,"s:293:4:293:Infinity":114,"s:294:4:296:Infinity":115,"f:300:22:300:41":4,"s:301:16:301:68":116,"s:302:2:302:Infinity":117,"s:304:19:304:64":118,"s:305:20:305:52":119,"b:306:2:318:Infinity:308:9:318:Infinity":22,"s:306:2:318:Infinity":120,"s:307:4:307:Infinity":121,"b:308:9:318:Infinity:undefined:undefined:undefined:undefined":23,"s:308:9:318:Infinity":122,"s:309:4:309:Infinity":123,"s:310:4:312:Infinity":124,"s:313:4:317:Infinity":125,"f:322:16:322:37":5,"s:323:17:327:Infinity":126,"s:329:20:329:51":127,"s:330:2:330:Infinity":128,"s:332:31:338:Infinity":129,"s:340:2:346:Infinity":130,"s:341:13:341:40":131,"s:342:14:342:41":132,"b:343:4:345:Infinity:undefined:undefined:undefined:undefined":24,"s:343:4:345:Infinity":133,"b:343:4:343:23:343:27:343:44":25,"s:344:6:344:Infinity":134,"f:349:9:349:16":6,"b:349:53:349:58":26,"s:350:2:357:Infinity":135,"s:351:4:351:Infinity":136,"b:352:4:352:Infinity:undefined:undefined:undefined:undefined":27,"s:352:4:352:Infinity":137,"s:352:17:352:Infinity":138,"s:353:4:353:Infinity":139,"b:355:4:355:Infinity:undefined:undefined:undefined:undefined":28,"s:355:4:355:Infinity":140,"s:355:17:355:Infinity":141,"s:356:4:356:Infinity":142}}}
,"/Users/wxhou/Documents/openspec-playwright/src/commands/mcpSync.ts": {"path":"/Users/wxhou/Documents/openspec-playwright/src/commands/mcpSync.ts","statementMap":{"0":{"start":{"line":16,"column":34},"end":{"line":16,"column":53}},"1":{"start":{"line":18,"column":36},"end":{"line":33,"column":null}},"2":{"start":{"line":37,"column":14},"end":{"line":37,"column":54}},"3":{"start":{"line":38,"column":2},"end":{"line":38,"column":null}},"4":{"start":{"line":38,"column":18},"end":{"line":38,"column":null}},"5":{"start":{"line":39,"column":14},"end":{"line":39,"column":47}},"6":{"start":{"line":40,"column":2},"end":{"line":40,"column":null}},"7":{"start":{"line":45,"column":2},"end":{"line":48,"column":null}},"8":{"start":{"line":47,"column":22},"end":{"line":47,"column":65}},"9":{"start":{"line":56,"column":15},"end":{"line":56,"column":78}},"10":{"start":{"line":56,"column":32},"end":{"line":56,"column":66}},"11":{"start":{"line":57,"column":2},"end":{"line":57,"column":null}},"12":{"start":{"line":66,"column":20},"end":{"line":66,"column":57}},"13":{"start":{"line":67,"column":16},"end":{"line":67,"column":55}},"14":{"start":{"line":68,"column":2},"end":{"line":68,"column":null}},"15":{"start":{"line":68,"column":20},"end":{"line":68,"column":null}},"16":{"start":{"line":69,"column":12},"end":{"line":69,"column":44}},"17":{"start":{"line":70,"column":2},"end":{"line":70,"column":null}},"18":{"start":{"line":70,"column":18},"end":{"line":70,"column":null}},"19":{"start":{"line":72,"column":17},"end":{"line":72,"column":42}},"20":{"start":{"line":73,"column":16},"end":{"line":73,"column":36}},"21":{"start":{"line":74,"column":2},"end":{"line":74,"column":null}},"22":{"start":{"line":79,"column":2},"end":{"line":95,"column":null}},"23":{"start":{"line":80,"column":4},"end":{"line":94,"column":null}},"24":{"start":{"line":84,"column":8},"end":{"line":87,"column":null}},"25":{"start":{"line":85,"column":10},"end":{"line":85,"column":null}},"26":{"start":{"line":86,"column":10},"end":{"line":86,"column":null}},"27":{"start":{"line":88,"column":8},"end":{"line":92,"column":null}},"28":{"start":{"line":89,"column":10},"end":{"line":89,"column":null}},"29":{"start":{"line":91,"column":10},"end":{"line":91,"column":null}},"30":{"start":{"line":98,"column":15},"end":{"line":98,"column":33}},"31":{"start":{"line":105,"column":2},"end":{"line":105,"column":null}},"32":{"start":{"line":106,"column":2},"end":{"line":106,"column":null}},"33":{"start":{"line":107,"column":2},"end":{"line":107,"column":null}},"34":{"start":{"line":114,"column":58},"end":{"line":114,"column":60}},"35":{"start":{"line":115,"column":13},"end":{"line":115,"column":66}},"36":{"start":{"line":117,"column":2},"end":{"line":123,"column":null}},"37":{"start":{"line":118,"column":17},"end":{"line":118,"column":28}},"38":{"start":{"line":119,"column":4},"end":{"line":122,"column":null}},"39":{"start":{"line":120,"column":22},"end":{"line":120,"column":52}},"40":{"start":{"line":121,"column":6},"end":{"line":121,"column":null}},"41":{"start":{"line":124,"column":2},"end":{"line":128,"column":null}},"42":{"start":{"line":125,"column":4},"end":{"line":127,"column":null}},"43":{"start":{"line":129,"column":2},"end":{"line":129,"column":null}},"44":{"start":{"line":139,"column":14},"end":{"line":139,"column":61}},"45":{"start":{"line":140,"column":2},"end":{"line":163,"column":null}},"46":{"start":{"line":141,"column":4},"end":{"line":144,"column":null}},"47":{"start":{"line":145,"column":18},"end":{"line":146,"column":null}},"48":{"start":{"line":146,"column":13},"end":{"line":146,"column":66}},"49":{"start":{"line":148,"column":4},"end":{"line":148,"column":null}},"50":{"start":{"line":148,"column":31},"end":{"line":148,"column":null}},"51":{"start":{"line":149,"column":21},"end":{"line":149,"column":49}},"52":{"start":{"line":150,"column":20},"end":{"line":150,"column":42}},"53":{"start":{"line":151,"column":4},"end":{"line":151,"column":null}},"54":{"start":{"line":152,"column":20},"end":{"line":152,"column":52}},"55":{"start":{"line":153,"column":17},"end":{"line":155,"column":10}},"56":{"start":{"line":156,"column":4},"end":{"line":156,"column":null}},"57":{"start":{"line":157,"column":4},"end":{"line":157,"column":null}},"58":{"start":{"line":159,"column":4},"end":{"line":161,"column":null}},"59":{"start":{"line":162,"column":4},"end":{"line":162,"column":null}},"60":{"start":{"line":174,"column":24},"end":{"line":174,"column":51}},"61":{"start":{"line":175,"column":2},"end":{"line":181,"column":null}},"62":{"start":{"line":176,"column":4},"end":{"line":179,"column":null}},"63":{"start":{"line":177,"column":6},"end":{"line":179,"column":null}},"64":{"start":{"line":180,"column":4},"end":{"line":180,"column":null}},"65":{"start":{"line":183,"column":2},"end":{"line":187,"column":null}},"66":{"start":{"line":184,"column":4},"end":{"line":185,"column":null}},"67":{"start":{"line":185,"column":6},"end":{"line":185,"column":null}},"68":{"start":{"line":186,"column":4},"end":{"line":186,"column":null}},"69":{"start":{"line":189,"column":20},"end":{"line":189,"column":55}},"70":{"start":{"line":190,"column":24},"end":{"line":190,"column":57}},"71":{"start":{"line":192,"column":2},"end":{"line":196,"column":null}},"72":{"start":{"line":193,"column":4},"end":{"line":194,"column":null}},"73":{"start":{"line":194,"column":6},"end":{"line":194,"column":null}},"74":{"start":{"line":195,"column":4},"end":{"line":195,"column":null}},"75":{"start":{"line":198,"column":2},"end":{"line":203,"column":null}},"76":{"start":{"line":199,"column":4},"end":{"line":203,"column":null}},"77":{"start":{"line":205,"column":16},"end":{"line":205,"column":50}},"78":{"start":{"line":206,"column":18},"end":{"line":206,"column":65}},"79":{"start":{"line":208,"column":18},"end":{"line":208,"column":73}},"80":{"start":{"line":209,"column":2},"end":{"line":209,"column":null}},"81":{"start":{"line":211,"column":2},"end":{"line":225,"column":null}},"82":{"start":{"line":212,"column":4},"end":{"line":224,"column":null}},"83":{"start":{"line":213,"column":6},"end":{"line":217,"column":null}},"84":{"start":{"line":219,"column":6},"end":{"line":223,"column":null}},"85":{"start":{"line":226,"column":2},"end":{"line":226,"column":null}},"86":{"start":{"line":16,"column":34},"end":{"line":16,"column":null}},"87":{"start":{"line":56,"column":32},"end":{"line":56,"column":67}},"88":{"start":{"line":84,"column":8},"end":{"line":86,"column":null}},"89":{"start":{"line":88,"column":8},"end":{"line":91,"column":null}},"90":{"start":{"line":98,"column":6},"end":{"line":98,"column":33}},"91":{"start":{"line":115,"column":13},"end":{"line":115,"column":null}},"92":{"start":{"line":117,"column":2},"end":{"line":121,"column":null}},"93":{"start":{"line":119,"column":4},"end":{"line":121,"column":null}},"94":{"start":{"line":124,"column":2},"end":{"line":127,"column":null}},"95":{"start":{"line":139,"column":8},"end":{"line":139,"column":61}},"96":{"start":{"line":140,"column":2},"end":{"line":162,"column":null}},"97":{"start":{"line":145,"column":10},"end":{"line":146,"column":null}},"98":{"start":{"line":149,"column":10},"end":{"line":149,"column":49}},"99":{"start":{"line":150,"column":10},"end":{"line":150,"column":42}},"100":{"start":{"line":152,"column":10},"end":{"line":152,"column":52}},"101":{"start":{"line":153,"column":10},"end":{"line":155,"column":null}},"102":{"start":{"line":175,"column":2},"end":{"line":180,"column":null}},"103":{"start":{"line":183,"column":2},"end":{"line":186,"column":null}},"104":{"start":{"line":189,"column":8},"end":{"line":189,"column":55}},"105":{"start":{"line":192,"column":2},"end":{"line":195,"column":null}},"106":{"start":{"line":206,"column":18},"end":{"line":206,"column":null}},"107":{"start":{"line":211,"column":2},"end":{"line":223,"column":null}},"108":{"start":{"line":212,"column":4},"end":{"line":223,"column":null}}},"fnMap":{"0":{"name":"getStoredMcpVersion","decl":{"start":{"line":36,"column":16},"end":{"line":36,"column":35}},"loc":{"start":{"line":36,"column":56},"end":{"line":41,"column":null}},"line":36},"1":{"name":"removeMcpVersionMarkers","decl":{"start":{"line":44,"column":9},"end":{"line":44,"column":32}},"loc":{"start":{"line":44,"column":48},"end":{"line":49,"column":null}},"line":44},"2":{"name":"(anonymous_2)","decl":{"start":{"line":47,"column":12},"end":{"line":47,"column":13}},"loc":{"start":{"line":47,"column":22},"end":{"line":47,"column":65}},"line":47},"3":{"name":"buildHealerTable","decl":{"start":{"line":52,"column":9},"end":{"line":52,"column":25}},"loc":{"start":{"line":54,"column":49},"end":{"line":58,"column":null}},"line":54},"4":{"name":"(anonymous_4)","decl":{"start":{"line":56,"column":25},"end":{"line":56,"column":26}},"loc":{"start":{"line":56,"column":32},"end":{"line":56,"column":66}},"line":56},"5":{"name":"updateHealerTable","decl":{"start":{"line":61,"column":16},"end":{"line":61,"column":33}},"loc":{"start":{"line":64,"column":49},"end":{"line":75,"column":null}},"line":64},"6":{"name":"getLatestMcpVersion","decl":{"start":{"line":78,"column":16},"end":{"line":78,"column":35}},"loc":{"start":{"line":78,"column":35},"end":{"line":96,"column":null}},"line":78},"7":{"name":"(anonymous_7)","decl":{"start":{"line":79,"column":21},"end":{"line":79,"column":22}},"loc":{"start":{"line":79,"column":33},"end":{"line":95,"column":3}},"line":79},"8":{"name":"(anonymous_8)","decl":{"start":{"line":83,"column":6},"end":{"line":83,"column":7}},"loc":{"start":{"line":83,"column":22},"end":{"line":93,"column":7}},"line":83},"9":{"name":"extractTarball","decl":{"start":{"line":101,"column":15},"end":{"line":101,"column":29}},"loc":{"start":{"line":103,"column":17},"end":{"line":108,"column":null}},"line":103},"10":{"name":"parseMcpReadme","decl":{"start":{"line":111,"column":9},"end":{"line":111,"column":23}},"loc":{"start":{"line":112,"column":17},"end":{"line":130,"column":null}},"line":112},"11":{"name":"fetchMcpTools","decl":{"start":{"line":136,"column":22},"end":{"line":136,"column":35}},"loc":{"start":{"line":137,"column":17},"end":{"line":164,"column":null}},"line":137},"12":{"name":"(anonymous_12)","decl":{"start":{"line":146,"column":6},"end":{"line":146,"column":7}},"loc":{"start":{"line":146,"column":13},"end":{"line":146,"column":66}},"line":146},"13":{"name":"syncMcpTools","decl":{"start":{"line":170,"column":22},"end":{"line":170,"column":34}},"loc":{"start":{"line":172,"column":17},"end":{"line":227,"column":null}},"line":172},"14":{"name":"getStoredMcpVersion","decl":{"start":{"line":36,"column":16},"end":{"line":36,"column":36}},"loc":{"start":{"line":36,"column":73},"end":{"line":40,"column":null}},"line":36},"15":{"name":"removeMcpVersionMarkers","decl":{"start":{"line":44,"column":9},"end":{"line":44,"column":33}},"loc":{"start":{"line":44,"column":58},"end":{"line":48,"column":null}},"line":44},"16":{"name":"buildHealerTable","decl":{"start":{"line":52,"column":9},"end":{"line":52,"column":null}},"loc":{"start":{"line":55,"column":10},"end":{"line":57,"column":null}},"line":55},"17":{"name":"(anonymous_4)","decl":{"start":{"line":56,"column":21},"end":{"line":56,"column":26}},"loc":{"start":{"line":56,"column":32},"end":{"line":56,"column":67}},"line":56},"18":{"name":"updateHealerTable","decl":{"start":{"line":61,"column":16},"end":{"line":61,"column":null}},"loc":{"start":{"line":65,"column":10},"end":{"line":74,"column":null}},"line":65},"19":{"name":"getLatestMcpVersion","decl":{"start":{"line":78,"column":16},"end":{"line":78,"column":62}},"loc":{"start":{"line":78,"column":62},"end":{"line":95,"column":null}},"line":78},"20":{"name":"(anonymous_7)","decl":{"start":{"line":79,"column":13},"end":{"line":79,"column":22}},"loc":{"start":{"line":79,"column":34},"end":{"line":95,"column":null}},"line":79},"21":{"name":"(anonymous_8)","decl":{"start":{"line":82,"column":24},"end":{"line":82,"column":null}},"loc":{"start":{"line":83,"column":23},"end":{"line":94,"column":null}},"line":83},"22":{"name":"extractTarball","decl":{"start":{"line":101,"column":15},"end":{"line":101,"column":null}},"loc":{"start":{"line":104,"column":17},"end":{"line":107,"column":null}},"line":104},"23":{"name":"parseMcpReadme","decl":{"start":{"line":111,"column":9},"end":{"line":111,"column":null}},"loc":{"start":{"line":113,"column":44},"end":{"line":129,"column":null}},"line":113},"24":{"name":"fetchMcpTools","decl":{"start":{"line":136,"column":22},"end":{"line":136,"column":null}},"loc":{"start":{"line":138,"column":53},"end":{"line":162,"column":null}},"line":138},"25":{"name":"syncMcpTools","decl":{"start":{"line":170,"column":22},"end":{"line":170,"column":null}},"loc":{"start":{"line":173,"column":20},"end":{"line":226,"column":null}},"line":173}},"branchMap":{"0":{"loc":{"start":{"line":38,"column":2},"end":{"line":38,"column":null}},"type":"if","locations":[{"start":{"line":38,"column":2},"end":{"line":38,"column":null}},{"start":{},"end":{}}],"line":38},"1":{"loc":{"start":{"line":68,"column":2},"end":{"line":68,"column":null}},"type":"if","locations":[{"start":{"line":68,"column":2},"end":{"line":68,"column":null}},{"start":{},"end":{}}],"line":68},"2":{"loc":{"start":{"line":70,"column":2},"end":{"line":70,"column":null}},"type":"if","locations":[{"start":{"line":70,"column":2},"end":{"line":70,"column":null}},{"start":{},"end":{}}],"line":70},"3":{"loc":{"start":{"line":84,"column":8},"end":{"line":87,"column":null}},"type":"if","locations":[{"start":{"line":84,"column":8},"end":{"line":87,"column":null}},{"start":{},"end":{}}],"line":84},"4":{"loc":{"start":{"line":119,"column":4},"end":{"line":122,"column":null}},"type":"if","locations":[{"start":{"line":119,"column":4},"end":{"line":122,"column":null}},{"start":{},"end":{}}],"line":119},"5":{"loc":{"start":{"line":124,"column":2},"end":{"line":128,"column":null}},"type":"if","locations":[{"start":{"line":124,"column":2},"end":{"line":128,"column":null}},{"start":{},"end":{}}],"line":124},"6":{"loc":{"start":{"line":146,"column":13},"end":{"line":146,"column":66}},"type":"binary-expr","locations":[{"start":{"line":146,"column":13},"end":{"line":146,"column":44}},{"start":{"line":146,"column":48},"end":{"line":146,"column":66}}],"line":146},"7":{"loc":{"start":{"line":148,"column":4},"end":{"line":148,"column":null}},"type":"if","locations":[{"start":{"line":148,"column":4},"end":{"line":148,"column":null}},{"start":{},"end":{}}],"line":148},"8":{"loc":{"start":{"line":153,"column":17},"end":{"line":155,"column":10}},"type":"cond-expr","locations":[{"start":{"line":154,"column":7},"end":{"line":154,"column":null}},{"start":{"line":155,"column":8},"end":{"line":155,"column":10}}],"line":153},"9":{"loc":{"start":{"line":172,"column":2},"end":{"line":172,"column":17}},"type":"default-arg","locations":[{"start":{"line":172,"column":12},"end":{"line":172,"column":17}}],"line":172},"10":{"loc":{"start":{"line":175,"column":2},"end":{"line":181,"column":null}},"type":"if","locations":[{"start":{"line":175,"column":2},"end":{"line":181,"column":null}},{"start":{},"end":{}}],"line":175},"11":{"loc":{"start":{"line":176,"column":4},"end":{"line":179,"column":null}},"type":"if","locations":[{"start":{"line":176,"column":4},"end":{"line":179,"column":null}},{"start":{},"end":{}}],"line":176},"12":{"loc":{"start":{"line":183,"column":2},"end":{"line":187,"column":null}},"type":"if","locations":[{"start":{"line":183,"column":2},"end":{"line":187,"column":null}},{"start":{},"end":{}}],"line":183},"13":{"loc":{"start":{"line":184,"column":4},"end":{"line":185,"column":null}},"type":"if","locations":[{"start":{"line":184,"column":4},"end":{"line":185,"column":null}},{"start":{},"end":{}}],"line":184},"14":{"loc":{"start":{"line":192,"column":2},"end":{"line":196,"column":null}},"type":"if","locations":[{"start":{"line":192,"column":2},"end":{"line":196,"column":null}},{"start":{},"end":{}}],"line":192},"15":{"loc":{"start":{"line":193,"column":4},"end":{"line":194,"column":null}},"type":"if","locations":[{"start":{"line":193,"column":4},"end":{"line":194,"column":null}},{"start":{},"end":{}}],"line":193},"16":{"loc":{"start":{"line":198,"column":2},"end":{"line":203,"column":null}},"type":"if","locations":[{"start":{"line":198,"column":2},"end":{"line":203,"column":null}},{"start":{},"end":{}}],"line":198},"17":{"loc":{"start":{"line":201,"column":29},"end":{"line":201,"column":55}},"type":"binary-expr","locations":[{"start":{"line":201,"column":29},"end":{"line":201,"column":42}},{"start":{"line":201,"column":46},"end":{"line":201,"column":55}}],"line":201},"18":{"loc":{"start":{"line":206,"column":18},"end":{"line":206,"column":65}},"type":"cond-expr","locations":[{"start":{"line":206,"column":37},"end":{"line":206,"column":42}},{"start":{"line":206,"column":45},"end":{"line":206,"column":65}}],"line":206},"19":{"loc":{"start":{"line":211,"column":2},"end":{"line":225,"column":null}},"type":"if","locations":[{"start":{"line":211,"column":2},"end":{"line":225,"column":null}},{"start":{},"end":{}}],"line":211},"20":{"loc":{"start":{"line":212,"column":4},"end":{"line":224,"column":null}},"type":"if","locations":[{"start":{"line":212,"column":4},"end":{"line":224,"column":null}},{"start":{"line":218,"column":11},"end":{"line":224,"column":null}}],"line":212},"21":{"loc":{"start":{"line":84,"column":8},"end":{"line":86,"column":null}},"type":"if","locations":[{"start":{"line":84,"column":8},"end":{"line":86,"column":null}},{"start":{},"end":{}}],"line":84},"22":{"loc":{"start":{"line":119,"column":4},"end":{"line":121,"column":null}},"type":"if","locations":[{"start":{"line":119,"column":4},"end":{"line":121,"column":null}},{"start":{},"end":{}}],"line":119},"23":{"loc":{"start":{"line":124,"column":2},"end":{"line":127,"column":null}},"type":"if","locations":[{"start":{"line":124,"column":2},"end":{"line":127,"column":null}},{"start":{},"end":{}}],"line":124},"24":{"loc":{"start":{"line":153,"column":10},"end":{"line":155,"column":null}},"type":"cond-expr","locations":[{"start":{"line":153,"column":42},"end":{"line":154,"column":41}},{"start":{"line":155,"column":8},"end":{"line":155,"column":null}}],"line":153},"25":{"loc":{"start":{"line":172,"column":2},"end":{"line":172,"column":null}},"type":"default-arg","locations":[{"start":{"line":172,"column":12},"end":{"line":172,"column":null}}],"line":172},"26":{"loc":{"start":{"line":17
[...]
olumn":null}},{"start":{},"end":{}}],"line":248},"22":{"loc":{"start":{"line":249,"column":20},"end":{"line":249,"column":74}},"type":"cond-expr","locations":[{"start":{"line":249,"column":41},"end":{"line":249,"column":69}},{"start":{"line":249,"column":72},"end":{"line":249,"column":74}}],"line":249},"23":{"loc":{"start":{"line":251,"column":6},"end":{"line":254,"column":null}},"type":"if","locations":[{"start":{"line":251,"column":6},"end":{"line":254,"column":null}},{"start":{},"end":{}}],"line":251},"24":{"loc":{"start":{"line":262,"column":2},"end":{"line":262,"column":null}},"type":"if","locations":[{"start":{"line":262,"column":2},"end":{"line":262,"column":null}},{"start":{},"end":{}}],"line":262},"25":{"loc":{"start":{"line":268,"column":2},"end":{"line":285,"column":null}},"type":"if","locations":[{"start":{"line":268,"column":2},"end":{"line":285,"column":null}},{"start":{},"end":{}}],"line":268},"26":{"loc":{"start":{"line":269,"column":4},"end":{"line":284,"column":null}},"type":"if","locations":[{"start":{"line":269,"column":4},"end":{"line":284,"column":null}},{"start":{"line":275,"column":11},"end":{"line":284,"column":null}}],"line":269},"27":{"loc":{"start":{"line":278,"column":6},"end":{"line":283,"column":null}},"type":"if","locations":[{"start":{"line":278,"column":6},"end":{"line":283,"column":null}},{"start":{},"end":{}}],"line":278},"28":{"loc":{"start":{"line":291,"column":2},"end":{"line":296,"column":null}},"type":"if","locations":[{"start":{"line":291,"column":2},"end":{"line":296,"column":null}},{"start":{},"end":{}}],"line":291},"29":{"loc":{"start":{"line":291,"column":2},"end":{"line":291,"column":66}},"type":"binary-expr","locations":[{"start":{"line":291,"column":2},"end":{"line":291,"column":33}},{"start":{"line":291,"column":37},"end":{"line":291,"column":66}}],"line":291},"30":{"loc":{"start":{"line":302,"column":2},"end":{"line":317,"column":null}},"type":"if","locations":[{"start":{"line":302,"column":2},"end":{"line":317,"column":null}},{"start":{},"end":{}}],"line":302},"31":{"loc":{"start":{"line":302,"column":2},"end":{"line":302,"column":49}},"type":"binary-expr","locations":[{"start":{"line":302,"column":2},"end":{"line":302,"column":25}},{"start":{"line":302,"column":25},"end":{"line":302,"column":49}}],"line":302},"32":{"loc":{"start":{"line":305,"column":4},"end":{"line":316,"column":null}},"type":"if","locations":[{"start":{"line":305,"column":4},"end":{"line":316,"column":null}},{"start":{},"end":{}}],"line":305},"33":{"loc":{"start":{"line":332,"column":2},"end":{"line":332,"column":null}},"type":"if","locations":[{"start":{"line":332,"column":2},"end":{"line":332,"column":null}},{"start":{},"end":{}}],"line":332},"34":{"loc":{"start":{"line":336,"column":2},"end":{"line":343,"column":null}},"type":"if","locations":[{"start":{"line":336,"column":2},"end":{"line":343,"column":null}},{"start":{},"end":{}}],"line":336},"35":{"loc":{"start":{"line":346,"column":2},"end":{"line":346,"column":null}},"type":"if","locations":[{"start":{"line":346,"column":2},"end":{"line":346,"column":null}},{"start":{},"end":{}}],"line":346},"36":{"loc":{"start":{"line":368,"column":19},"end":{"line":368,"column":53}},"type":"cond-expr","locations":[{"start":{"line":368,"column":30},"end":{"line":368,"column":48}},{"start":{"line":368,"column":51},"end":{"line":368,"column":53}}],"line":368},"37":{"loc":{"start":{"line":372,"column":2},"end":{"line":385,"column":null}},"type":"if","locations":[{"start":{"line":372,"column":2},"end":{"line":385,"column":null}},{"start":{},"end":{}}],"line":372},"38":{"loc":{"start":{"line":387,"column":2},"end":{"line":389,"column":null}},"type":"if","locations":[{"start":{"line":387,"column":2},"end":{"line":389,"column":null}},{"start":{},"end":{}}],"line":387},"39":{"loc":{"start":{"line":387,"column":6},"end":{"line":387,"column":49}},"type":"binary-expr","locations":[{"start":{"line":387,"column":6},"end":{"line":387,"column":14}},{"start":{"line":387,"column":18},"end":{"line":387,"column":49}}],"line":387},"40":{"loc":{"start":{"line":40,"column":2},"end":{"line":45,"column":null}},"type":"if","locations":[{"start":{"line":40,"column":2},"end":{"line":45,"column":null}},{"start":{},"end":{}}],"line":40},"41":{"loc":{"start":{"line":40,"column":6},"end":{"line":40,"column":33}},"type":"binary-expr","locations":[{"start":{"line":40,"column":6},"end":{"line":40,"column":19}},{"start":{"line":40,"column":19},"end":{"line":40,"column":33}}],"line":40},"42":{"loc":{"start":{"line":49,"column":2},"end":{"line":61,"column":null}},"type":"if","locations":[{"start":{"line":49,"column":2},"end":{"line":61,"column":null}},{"start":{},"end":{}}],"line":49},"43":{"loc":{"start":{"line":66,"column":2},"end":{"line":141,"column":null}},"type":"if","locations":[{"start":{"line":66,"column":2},"end":{"line":141,"column":null}},{"start":{},"end":{}}],"line":66},"44":{"loc":{"start":{"line":95,"column":6},"end":{"line":97,"column":null}},"type":"if","locations":[{"start":{"line":95,"column":6},"end":{"line":97,"column":null}},{"start":{},"end":{}}],"line":95},"45":{"loc":{"start":{"line":102,"column":6},"end":{"line":105,"column":null}},"type":"if","locations":[{"start":{"line":102,"column":6},"end":{"line":105,"column":null}},{"start":{"line":104,"column":17},"end":{"line":105,"column":null}}],"line":102},"46":{"loc":{"start":{"line":102,"column":10},"end":{"line":102,"column":29}},"type":"binary-expr","locations":[{"start":{"line":102,"column":10},"end":{"line":102,"column":23}},{"start":{"line":102,"column":23},"end":{"line":102,"column":29}}],"line":102},"47":{"loc":{"start":{"line":104,"column":17},"end":{"line":105,"column":null}},"type":"if","locations":[{"start":{"line":104,"column":17},"end":{"line":105,"column":null}},{"start":{},"end":{}}],"line":104},"48":{"loc":{"start":{"line":109,"column":6},"end":{"line":111,"column":null}},"type":"if","locations":[{"start":{"line":109,"column":6},"end":{"line":111,"column":null}},{"start":{},"end":{}}],"line":109},"49":{"loc":{"start":{"line":109,"column":10},"end":{"line":109,"column":43}},"type":"binary-expr","locations":[{"start":{"line":109,"column":10},"end":{"line":109,"column":23}},{"start":{"line":109,"column":10},"end":{"line":109,"column":43}}],"line":109},"50":{"loc":{"start":{"line":122,"column":6},"end":{"line":124,"column":null}},"type":"if","locations":[{"start":{"line":122,"column":6},"end":{"line":124,"column":null}},{"start":{},"end":{}}],"line":122},"51":{"loc":{"start":{"line":130,"column":18},"end":{"line":130,"column":66}},"type":"cond-expr","locations":[{"start":{"line":130,"column":41},"end":{"line":130,"column":55}},{"start":{"line":130,"column":55},"end":{"line":130,"column":66}}],"line":130},"52":{"loc":{"start":{"line":147,"column":2},"end":{"line":183,"column":null}},"type":"if","locations":[{"start":{"line":147,"column":2},"end":{"line":183,"column":null}},{"start":{},"end":{}}],"line":147},"53":{"loc":{"start":{"line":147,"column":6},"end":{"line":147,"column":71}},"type":"binary-expr","locations":[{"start":{"line":147,"column":6},"end":{"line":147,"column":31}},{"start":{"line":147,"column":22},"end":{"line":147,"column":71}}],"line":147},"54":{"loc":{"start":{"line":157,"column":6},"end":{"line":158,"column":null}},"type":"if","locations":[{"start":{"line":157,"column":6},"end":{"line":158,"column":null}},{"start":{},"end":{}}],"line":157},"55":{"loc":{"start":{"line":164,"column":4},"end":{"line":183,"column":null}},"type":"if","locations":[{"start":{"line":164,"column":4},"end":{"line":183,"column":null}},{"start":{"line":166,"column":11},"end":{"line":183,"column":null}}],"line":164},"56":{"loc":{"start":{"line":189,"column":2},"end":{"line":202,"column":null}},"type":"if","locations":[{"start":{"line":189,"column":2},"end":{"line":202,"column":null}},{"start":{},"end":{}}],"line":189},"57":{"loc":{"start":{"line":209,"column":2},"end":{"line":220,"column":null}},"type":"if","locations":[{"start":{"line":209,"column":2},"end":{"line":220,"column":null}},{"start":{"line":212,"column":9},"end":{"line":220,"column":null}}],"line":209},"58":{"loc":{"start":{"line":248,"column":4},"end":{"line":253,"column":null}},"type":"if","locations":[{"start":{"line":248,"column":4},"end":{"line":253,"column":null}},{"start":{},"end":{}}],"line":248},"59":{"loc":{"start":{"line":249,"column":12},"end":{"line":249,"column":null}},"type":"cond-expr","locations":[{"start":{"line":249,"column":39},"end":{"line":249,"column":69}},{"start":{"line":249,"column":72},"end":{"line":249,"column":null}}],"line":249},"60":{"loc":{"start":{"line":251,"column":6},"end":{"line":253,"column":null}},"type":"if","locations":[{"start":{"line":251,"column":6},"end":{"line":253,"column":null}},{"start":{},"end":{}}],"line":251},"61":{"loc":{"start":{"line":268,"column":2},"end":{"line":282,"column":null}},"type":"if","locations":[{"start":{"line":268,"column":2},"end":{"line":282,"column":null}},{"start":{},"end":{}}],"line":268},"62":{"loc":{"start":{"line":269,"column":4},"end":{"line":282,"column":null}},"type":"if","locations":[{"start":{"line":269,"column":4},"end":{"line":282,"column":null}},{"start":{"line":275,"column":11},"end":{"line":282,"column":null}}],"line":269},"63":{"loc":{"start":{"line":278,"column":6},"end":{"line":282,"column":null}},"type":"if","locations":[{"start":{"line":278,"column":6},"end":{"line":282,"column":null}},{"start":{},"end":{}}],"line":278},"64":{"loc":{"start":{"line":291,"column":2},"end":{"line":295,"column":null}},"type":"if","locations":[{"start":{"line":291,"column":2},"end":{"line":295,"column":null}},{"start":{},"end":{}}],"line":291},"65":{"loc":{"start":{"line":302,"column":2},"end":{"line":315,"column":null}},"type":"if","locations":[{"start":{"line":302,"column":2},"end":{"line":315,"column":null}},{"start":{},"end":{}}],"line":302},"66":{"loc":{"start":{"line":305,"column":4},"end":{"line":315,"column":null}},"type":"if","locations":[{"start":{"line":305,"column":4},"end":{"line":315,"column":null}},{"start":{},"end":{}}],"line":305},"67":{"loc":{"start":{"line":336,"column":2},"end":{"line":342,"column":null}},"type":"if","locations":[{"start":{"line":336,"column":2},"end":{"line":342,"column":null}},{"start":{},"end":{}}],"line":336},"68":{"loc":{"start":{"line":372,"column":2},"end":{"line":384,"column":null}},"type":"if","locations":[{"start":{"line":372,"column":2},"end":{"line":384,"column":null}},{"start":{},"end":{}}],"line":372},"69":{"loc":{"start":{"line":387,"column":2},"end":{"line":388,"column":null}},"type":"if","locations":[{"start":{"line":387,"column":2},"end":{"line":388,"column":null}},{"start":{},"end":{}}],"line":387},"70":{"loc":{"start":{"line":387,"column":6},"end":{"line":387,"column":49}},"type":"binary-expr","locations":[{"start":{"line":387,"column":6},"end":{"line":387,"column":18}},{"start":{"line":387,"column":18},"end":{"line":387,"column":49}}],"line":387}},"s":{"0":0,"1":0,"2":0,"3":0,"4":0,"5":0,"6":0,"7":0,"8":0,"9":0,"10":0,"11":0,"12":0,"13":0,"14":0,"15":0,"16":0,"17":0,"18":0,"19":0,"20":0,"21":0,"22":0,"23":0,"24":0,"25":0,"26":0,"27":0,"28":0,"29":0,"30":0,"31":0,"32":0,"33":0,"34":0,"35":0,"36":0,"37":0,"38":0,"39":0,"40":0,"41":0,"42":0,"43":0,"44":0,"45":0,"46":0,"47":0,"48":0,"49":0,"50":0,"51":0,"52":0,"53":0,"54":0,"55":0,"56":0,"57":0,"58":0,"59":0,"60":0,"61":0,"62":0,"63":0,"64":0,"65":0,"66":0,"67":0,"68":0,"69":0,"70":0,"71":0,"72":0,"73":0,"74":0,"75":0,"76":0,"77":0,"78":0,"79":0,"80":0,"81":0,"82":0,"83":0,"84":0,"85":0,"86":0,"87":4,"88":1,"89":3,"90":3,"91":3,"92":3,"93":0,"94":15,"95":15,"96":0,"97":4,"98":4,"99":0,"100":3,"101":3,"102":0,"103":0,"104":0,"105":0,"106":0,"107":0,"108":0,"109":0,"110":0,"111":0,"112":0,"113":0,"114":0,"115":0,"116":0,"117":0,"118":0,"119":0,"120":0,"121":0,"122":0,"123":0,"124":0,"125":0,"126":0,"127":0,"128":0,"129":0,"130":0,"131":5,"132":5,"133":5,"134":1,"135":4,"136":0,"137":1,"138":1,"139":1,"140":1,"141":3,"142":3,"143":1,"144":2,"145":2,"146":2,"147":2,"148":2,"149":0,"150":2,"151":2,"152":2,"153":5,"154":0,"155":2,"156":2,"157":2,"158":0,"159":2,"160":2,"161":2,"162":0,"163":0,"164":0,"165":0,"166":0,"167":0,"168":0,"169":0,"170":0,"171":0,"172":0,"173":0,"174":0,"175":0,"176":0,"177":0,"178":0,"179":0,"180":0,"181":0,"182":0,"183":0,"184":0,"185":0,"186":0,"187":0,"188":0,"189":0,"190":0,"191":0,"192":0,"193":0,"194":0,"195":0,"196":0,"197":0,"198":3,"199":3,"200":3,"201":15,"202":15,"203":15,"204":4,"205":4,"206":4,"207":0,"208":0,"209":0,"210":0,"211":0,"212":0,"213":0,"214":0,"215":0,"216":0,"217":0,"218":0,"219":0,"220":0,"221":0,"222":0,"223":0,"224":5,"225":5,"226":4,"227":4,"228":3,"229":2,"230":2,"231":2,"232":2,"233":5,"234":5,"235":2,"236":2},"f":{"0":0,"1":0,"2":0,"3":0,"4":0,"5":0,"6":0,"7":2,"8":0,"9":0,"10":0,"11":4,"12":0,"13":5,"14":2},"b":{"0":[0,0],"1":[0,0],"2":[0,0],"3":[0,0],"4":[0,0],"5":[0,0],"6":[0,0],"7":[0,0],"8":[0,0],"9":[0,0],"10":[0,0],"11":[0,0],"12":[0,0],"13":[0,0],"14":[0,0],"15":[0,0],"16":[0,0],"17":[0,0],"18":[0,0],"19":[0,0],"20":[1,3],"21":[0,0],"22":[2,2],"23":[0,0],"24":[0,0],"25":[0,0],"26":[0,0],"27":[0,0],"28":[0,0],"29":[0,0],"30":[0,0],"31":[0,0],"32":[0,0],"33":[1,4],"34":[0,0],"35":[1,2],"36":[2,0],"37":[0,0],"38":[0,0],"39":[2,2],"40":[0,0],"41":[0,0],"42":[0,0],"43":[0,0],"44":[0,0],"45":[0,0],"46":[0,0],"47":[0,0],"48":[0,0],"49":[0,0],"50":[0,0],"51":[0,0],"52":[0,0],"53":[0,0],"54":[0,0],"55":[0,0],"56":[0,0],"57":[0,0],"58":[4,11],"59":[2,2],"60":[3,1],"61":[0,0],"62":[0,0],"63":[0,0],"64":[0,0],"65":[0,0],"66":[0,0],"67":[1,3],"68":[2,3],"69":[2,0],"70":[2,2]},"meta":{"lastBranch":40,"lastFunction":8,"lastStatement":162,"seen":{"f:30:22:30:28":0,"s:31:2:31:Infinity":0,"s:33:22:33:35":1,"s:36:16:37:Infinity":2,"s:39:19:39:63":3,"b:40:2:46:Infinity:undefined:undefined:undefined:undefined":0,"s:40:2:46:Infinity":4,"b:40:6:40:15:40:19:40:31":1,"s:41:4:41:Infinity":5,"s:42:4:44:Infinity":6,"s:45:4:45:Infinity":7,"b:49:2:63:Infinity:undefined:undefined:undefined:undefined":2,"s:49:2:63:Infinity":8,"s:50:4:50:Infinity":9,"s:51:4:62:Infinity":10,"s:52:6:55:Infinity":11,"s:56:6:56:Infinity":12,"s:58:6:58:Infinity":13,"s:59:6:61:Infinity":14,"b:66:2:144:Infinity:undefined:undefined:undefined:undefined":3,"s:66:2:144:Infinity":15,"s:67:4:67:Infinity":16,"s:68:4:143:Infinity":17,"s:69:18:69:58":18,"s:70:6:70:Infinity":19,"s:71:6:71:Infinity":20,"s:73:21:73:39":21,"s:74:6:77:Infinity":22,"s:80:20:85:42":23,"f:82:10:82:11":1,"s:82:17:82:75":24,"b:82:17:82:53:82:57:82:75":4,"f:84:13:84:14":2,"s:84:21:84:74":25,"f:85:14:85:15":3,"s:85:24:85:41":26,"b:86:6:86:Infinity:undefined:undefined:undefined:undefined":5,"s:86:6:86:Infinity":27,"s:86:33:86:Infinity":28,"s:87:23:87:56":29,"s:90:6:90:Infinity":30,"s:93:20:93:84":31,"s:94:17:94:19":32,"b:95:6:98:Infinity:undefined:undefined:undefined:undefined":6,"s:95:6:98:Infinity":33,"s:96:26:96:60":34,"s:97:8:97:Infinity":35,"s:100:21:100:50":36,"b:102:6:106:Infinity:104:13:106:Infinity":7,"s:102:6:106:Infinity":37,"b:102:10:102:19:102:23:102:27":8,"s:103:8:103:Infinity":38,"b:104:13:106:Infinity:undefined:undefined:undefined:undefined":9,"s:104:13:106:Infinity":39,"s:105:8:105:Infinity":40,"b:109:6:112:Infinity:undefined:undefined:undefined:undefined":10,"s:109:6:112:Infinity":41,"b:109:10:109:19:109:19:109:43":11,"s:110:26:110:60":42,"s:111:8:111:Infinity":43,"s:115:6:115:Infinity":44,"s:118:6:118:Infinity":45,"s:121:24:121:64":46,"b:122:6:125:Infinity:undefined:undefined:undefined:undefined":12,"s:122:6:125:Infinity":47,"s:123:23:123:61":48,"s:124:8:124:Infinity":49,"s:127:6:127:Infinity":50,"s:128:6:128:Infinity":51,"s:130:18:130:66":52,"b:130:41:130:52:130:55:130:66":13,"s:131:6:131:Infinity":53,"s:132:6:132:Infinity":54,"s:133:6:142:Infinity":55,"s:134:8:137:Infinity":56,"s:138:8:138:Infinity":57,"s:140:8:140:Infinity":58,"s:141:8:141:Infinity":59,"b:147:2:186:Infinity:undefined:undefined:undefined:undefined":14,"s:147:2:186:Infinity":60,"b:147:6:147:27:147:27:147:71":15,"s:148:4:148:Infinity":61,"s:151:23:151:28":62,"s:152:4:162:Infinity":63,"s:153:18:156:8":64,"b:157:6:159:Infinity:undefined:undefined:undefined:undefined":16,"s:157:6:159:Infinity":65,"s:158:8:158:Infinity":66,"b:164:4:185:Infinity:166:11:185:Infinity":17,"s:164:4:185:Infinity":67,"s:165:6:165:Infinity":68,"s:167:6:184:Infinity":69,"s:168:8:171:Infinity":70,"s:172:8:172:Infinity":71,"s:173:8:173:Infinity":72,"s:175:8:175:Infinity":73,"s:176:8:180:Infinity":74,"s:181:8:183:Infinity":75,"b:189:2:203:Infinity:undefined:undefined:undefined:undefined":18,"s:189:2:203:Infinity":76,"s:194:4:194:Infinity":77,"s:195:19:200:Infinity":78,"s:202:4:202:Infinity":79,"s:206:2:206:Infinity":80,"s:207:2:207:Infinity":81,"b:209:2:221:Infinity:212:9:221:Infinity":19,"s:209:2:221:Infinity":82,"s:210:4:210:Infinity":83,"s:211:4:211:Infinity":84,"s:213:4:217:Infinity":85,"s:218:4:220:Infinity":86,"f:225:16:225:34":4,"b:226:2:226:Infinity:undefined:undefined:undefined:undefined":20,"s:226:2:226:Infinity":87,"s:226:49:226:Infinity":88,"s:228:17:232:Infinity":89,"s:234:20:234:51":90,"s:235:2:235:Infinity":91,"s:237:31:243:Infinity":92,"s:245:2:256:Infinity":93,"s:246:13:246:47":94,"s:247:14:247:41":95,"b:248:4:255:Infinity:undefined:undefined:undefined:undefined":21,"s:248:4:255:Infinity":96,"s:249:20:249:74":97,"b:249:41:249:69:249:72:249:74":22,"s:250:18:250:47":98,"b:251:6:254:Infinity:undefined:undefined:undefined:undefined":23,"s:251:6:254:Infinity":99,"s:252:8:252:Infinity":100,"s:253:8:253:Infinity":101,"f:260:9:260:29":5,"s:261:16:261:59":102,"b:262:2:262:Infinity:undefined:undefined:undefined:undefined":24,"s:262:2:262:Infinity":103,"s:262:29:262:Infinity":104,"s:265:19:265:71":105,"s:266:20:266:61":106,"b:268:2:285:Infinity:undefined:undefined:undefined:undefined":25,"s:268:2:285:Infinity":107,"b:269:4:284:Infinity:275:11:284:Infinity":26,"s:269:4:284:Infinity":108,"s:270:6:270:Infinity":109,"s:271:6:271:Infinity":110,"s:272:6:274:Infinity":111,"s:276:20:276:58":112,"s:277:18:277:55":113,"b:278:6:283:Infinity:undefined:undefined:undefined:undefined":27,"s:278:6:283:Infinity":114,"s:279:8:279:Infinity":115,"s:280:8:282:Infinity":116,"s:288:23:288:71":117,"s:289:24:289:61":118,"b:291:2:296:Infinity:undefined:undefined:undefined:undefined":28,"s:291:2:296:Infinity":119,"b:291:2:291:33:291:37:291:66":29,"s:292:4:292:Infinity":120,"s:293:4:295:Infinity":121,"s:299:15:299:59":122,"s:300:16:300:49":123,"b:302:2:317:Infinity:undefined:undefined:undefined:undefined":30,"s:302:2:317:Infinity":124,"b:302:2:302:25:302:25:302:49":31,"s:303:18:303:52":125,"s:304:16:304:49":126,"b:305:4:316:Infinity:undefined:undefined:undefined:undefined":32,"s:305:4:316:Infinity":127,"s:306:6:310:Infinity":128,"s:311:6:315:Infinity":129,"s:320:2:320:Infinity":130,"f:328:16:328:31":6,"s:329:16:329:64":131,"s:330:17:330:80":132,"b:332:2:332:Infinity:undefined:undefined:undefined:undefined":33,"s:332:2:332:Infinity":133,"s:332:29:332:Infinity":134,"s:334:14:334:48":135,"b:336:2:343:Infinity:undefined:undefined:undefined:undefined":34,"s:336:2:343:Infinity":136,"s:337:4:337:Infinity":137,"s:338:4:338:Infinity":138,"s:339:4:341:Infinity":139,"s:342:4:342:Infinity":140,"s:345:16:345:51":141,"b:346:2:346:Infinity:undefined:undefined:undefined:undefined":35,"s:346:2:346:Infinity":142,"s:346:27:346:Infinity":143,"s:349:21:349:39":144,"s:350:2:350:Infinity":145,"s:351:2:351:Infinity":146,"s:354:77:354:79":147,"s:356:16:356:92":148,"s:358:2:364:Infinity":149,"s:359:4:363:Infinity":150,"s:367:19:367:59":151,"s:368:19:368:53":152,"b:368:30:368:48:368:51:368:53":36,"s:371:16:371:22":153,"b:372:2:385:Infinity:undefined:undefined:undefined:undefined":37,"s:372:2:385:Infinity":154,"s:373:22:378:19":155,"f:375:8:375:9":7,"s:376:10:376:89":156,"s:381:4:384:Infinity":157,"b:387:2:389:Infinity:undefined:undefined:undefined:undefined":38,"s:387:2:389:Infinity":158,"b:387:6:387:14:387:18:387:49":39,"s:388:4:388:Infinity":159,"s:391:2:391:Infinity":160,"s:392:2:394:Infinity":161}}}
}
