{"/Users/wxhou/Documents/openspec-playwright/package.json": {"path":"/Users/wxhou/Documents/openspec-playwright/package.json","statementMap":{"0":{"start":{"line":1,"column":20},"end":{"line":1,"column":41}},"1":{"start":{"line":2,"column":23},"end":{"line":2,"column":31}},"2":{"start":{"line":3,"column":27},"end":{"line":3,"column":94}},"3":{"start":{"line":4,"column":20},"end":{"line":4,"column":28}},"4":{"start":{"line":5,"column":19},"end":{"line":5,"column":57}},"5":{"start":{"line":6,"column":23},"end":{"line":6,"column":400}},"6":{"start":{"line":7,"column":28},"end":{"line":7,"column":107}},"7":{"start":{"line":8,"column":31},"end":{"line":8,"column":249}},"8":{"start":{"line":9,"column":23},"end":{"line":9,"column":38}},"9":{"start":{"line":10,"column":21},"end":{"line":10,"column":87}},"10":{"start":{"line":11,"column":24},"end":{"line":11,"column":113}},"11":{"start":{"line":12,"column":23},"end":{"line":12,"column":28}},"12":{"start":{"line":13,"column":26},"end":{"line":13,"column":93}}},"fnMap":{},"branchMap":{},"s":{"0":1,"1":1,"2":1,"3":1,"4":1,"5":1,"6":1,"7":1,"8":1,"9":1,"10":1,"11":1,"12":1},"f":{},"b":{},"meta":{"lastBranch":0,"lastFunction":0,"lastStatement":13,"seen":{"s:1:20:1:41":0,"s:2:23:2:31":1,"s:3:27:3:94":2,"s:4:20:4:28":3,"s:5:19:5:57":4,"s:6:23:6:400":5,"s:7:28:7:107":6,"s:8:31:8:249":7,"s:9:23:9:38":8,"s:10:21:10:87":9,"s:11:24:11:113":10,"s:12:23:12:28":11,"s:13:26:13:93":12}}}
,"/Users/wxhou/Documents/openspec-playwright/src/commands/doctor.ts": {"path":"/Users/wxhou/Documents/openspec-playwright/src/commands/doctor.ts","statementMap":{"0":{"start":{"line":17,"column":7},"end":{"line":17,"column":9}},"1":{"start":{"line":19,"column":22},"end":{"line":19,"column":35}},"2":{"start":{"line":22,"column":2},"end":{"line":37,"column":null}},"3":{"start":{"line":23,"column":14},"end":{"line":23,"column":73}},"4":{"start":{"line":24,"column":4},"end":{"line":29,"column":null}},"5":{"start":{"line":31,"column":4},"end":{"line":36,"column":null}},"6":{"start":{"line":40,"column":2},"end":{"line":55,"column":null}},"7":{"start":{"line":41,"column":13},"end":{"line":41,"column":71}},"8":{"start":{"line":42,"column":4},"end":{"line":47,"column":null}},"9":{"start":{"line":49,"column":4},"end":{"line":54,"column":null}},"10":{"start":{"line":58,"column":19},"end":{"line":58,"column":63}},"11":{"start":{"line":59,"column":2},"end":{"line":64,"column":null}},"12":{"start":{"line":67,"column":2},"end":{"line":84,"column":null}},"13":{"start":{"line":68,"column":12},"end":{"line":70,"column":13}},"14":{"start":{"line":71,"column":4},"end":{"line":76,"column":null}},"15":{"start":{"line":78,"column":4},"end":{"line":83,"column":null}},"16":{"start":{"line":87,"column":15},"end":{"line":87,"column":27}},"17":{"start":{"line":88,"column":22},"end":{"line":88,"column":54}},"18":{"start":{"line":89,"column":21},"end":{"line":89,"column":26}},"19":{"start":{"line":90,"column":2},"end":{"line":101,"column":null}},"20":{"start":{"line":91,"column":4},"end":{"line":100,"column":null}},"21":{"start":{"line":92,"column":25},"end":{"line":92,"column":74}},"22":{"start":{"line":93,"column":24},"end":{"line":93,"column":52}},"23":{"start":{"line":94,"column":23},"end":{"line":94,"column":76}},"24":{"start":{"line":95,"column":6},"end":{"line":97,"column":null}},"25":{"start":{"line":96,"column":8},"end":{"line":96,"column":null}},"26":{"start":{"line":102,"column":2},"end":{"line":107,"column":null}},"27":{"start":{"line":110,"column":16},"end":{"line":111,"column":null}},"28":{"start":{"line":113,"column":2},"end":{"line":118,"column":null}},"29":{"start":{"line":121,"column":15},"end":{"line":122,"column":null}},"30":{"start":{"line":124,"column":2},"end":{"line":129,"column":null}},"31":{"start":{"line":131,"column":16},"end":{"line":131,"column":86}},"32":{"start":{"line":131,"column":37},"end":{"line":131,"column":72}},"33":{"start":{"line":133,"column":2},"end":{"line":139,"column":null}},"34":{"start":{"line":134,"column":4},"end":{"line":136,"column":null}},"35":{"start":{"line":137,"column":4},"end":{"line":137,"column":null}},"36":{"start":{"line":137,"column":16},"end":{"line":137,"column":null}},"37":{"start":{"line":138,"column":4},"end":{"line":138,"column":null}},"38":{"start":{"line":142,"column":2},"end":{"line":144,"column":null}},"39":{"start":{"line":146,"column":21},"end":{"line":146,"column":23}},"40":{"start":{"line":147,"column":2},"end":{"line":159,"column":null}},"41":{"start":{"line":148,"column":4},"end":{"line":151,"column":null}},"42":{"start":{"line":149,"column":6},"end":{"line":149,"column":null}},"43":{"start":{"line":150,"column":6},"end":{"line":150,"column":null}},"44":{"start":{"line":152,"column":4},"end":{"line":158,"column":null}},"45":{"start":{"line":153,"column":6},"end":{"line":153,"column":null}},"46":{"start":{"line":154,"column":11},"end":{"line":158,"column":null}},"47":{"start":{"line":155,"column":6},"end":{"line":155,"column":null}},"48":{"start":{"line":157,"column":6},"end":{"line":157,"column":null}},"49":{"start":{"line":161,"column":2},"end":{"line":161,"column":null}},"50":{"start":{"line":162,"column":2},"end":{"line":169,"column":null}},"51":{"start":{"line":163,"column":4},"end":{"line":163,"column":null}},"52":{"start":{"line":164,"column":4},"end":{"line":164,"column":null}},"53":{"start":{"line":166,"column":4},"end":{"line":166,"column":null}},"54":{"start":{"line":167,"column":4},"end":{"line":167,"column":null}},"55":{"start":{"line":168,"column":4},"end":{"line":168,"column":null}}},"fnMap":{"0":{"name":"doctor","decl":{"start":{"line":11,"column":22},"end":{"line":11,"column":28}},"loc":{"start":{"line":11,"column":56},"end":{"line":170,"column":null}},"line":11},"1":{"name":"(anonymous_1)","decl":{"start":{"line":131,"column":30},"end":{"line":131,"column":31}},"loc":{"start":{"line":131,"column":37},"end":{"line":131,"column":72}},"line":131}},"branchMap":{"0":{"loc":{"start":{"line":11,"column":29},"end":{"line":11,"column":56}},"type":"default-arg","locations":[{"start":{"line":11,"column":54},"end":{"line":11,"column":56}}],"line":11},"1":{"loc":{"start":{"line":63,"column":13},"end":{"line":63,"column":60}},"type":"cond-expr","locations":[{"start":{"line":63,"column":27},"end":{"line":63,"column":40}},{"start":{"line":63,"column":43},"end":{"line":63,"column":60}}],"line":63},"2":{"loc":{"start":{"line":90,"column":2},"end":{"line":101,"column":null}},"type":"if","locations":[{"start":{"line":90,"column":2},"end":{"line":101,"column":null}},{"start":{},"end":{}}],"line":90},"3":{"loc":{"start":{"line":93,"column":24},"end":{"line":93,"column":52}},"type":"binary-expr","locations":[{"start":{"line":93,"column":24},"end":{"line":93,"column":46}},{"start":{"line":93,"column":50},"end":{"line":93,"column":52}}],"line":93},"4":{"loc":{"start":{"line":94,"column":23},"end":{"line":94,"column":76}},"type":"binary-expr","locations":[{"start":{"line":94,"column":23},"end":{"line":94,"column":70}},{"start":{"line":94,"column":74},"end":{"line":94,"column":76}}],"line":94},"5":{"loc":{"start":{"line":95,"column":6},"end":{"line":97,"column":null}},"type":"if","locations":[{"start":{"line":95,"column":6},"end":{"line":97,"column":null}},{"start":{},"end":{}}],"line":95},"6":{"loc":{"start":{"line":95,"column":10},"end":{"line":95,"column":59}},"type":"binary-expr","locations":[{"start":{"line":95,"column":10},"end":{"line":95,"column":33}},{"start":{"line":95,"column":37},"end":{"line":95,"column":59}}],"line":95},"7":{"loc":{"start":{"line":106,"column":13},"end":{"line":106,"column":58}},"type":"cond-expr","locations":[{"start":{"line":106,"column":28},"end":{"line":106,"column":39}},{"start":{"line":106,"column":42},"end":{"line":106,"column":58}}],"line":106},"8":{"loc":{"start":{"line":117,"column":13},"end":{"line":117,"column":53}},"type":"cond-expr","locations":[{"start":{"line":117,"column":24},"end":{"line":117,"column":35}},{"start":{"line":117,"column":38},"end":{"line":117,"column":53}}],"line":117},"9":{"loc":{"start":{"line":128,"column":13},"end":{"line":128,"column":55}},"type":"cond-expr","locations":[{"start":{"line":128,"column":23},"end":{"line":128,"column":30}},{"start":{"line":128,"column":33},"end":{"line":128,"column":55}}],"line":128},"10":{"loc":{"start":{"line":131,"column":37},"end":{"line":131,"column":72}},"type":"binary-expr","locations":[{"start":{"line":131,"column":37},"end":{"line":131,"column":42}},{"start":{"line":131,"column":46},"end":{"line":131,"column":72}}],"line":131},"11":{"loc":{"start":{"line":133,"column":2},"end":{"line":139,"column":null}},"type":"if","locations":[{"start":{"line":133,"column":2},"end":{"line":139,"column":null}},{"start":{},"end":{}}],"line":133},"12":{"loc":{"start":{"line":137,"column":4},"end":{"line":137,"column":null}},"type":"if","locations":[{"start":{"line":137,"column":4},"end":{"line":137,"column":null}},{"start":{},"end":{}}],"line":137},"13":{"loc":{"start":{"line":148,"column":4},"end":{"line":151,"column":null}},"type":"if","locations":[{"start":{"line":148,"column":4},"end":{"line":151,"column":null}},{"start":{},"end":{}}],"line":148},"14":{"loc":{"start":{"line":152,"column":4},"end":{"line":158,"column":null}},"type":"if","locations":[{"start":{"line":152,"column":4},"end":{"line":158,"column":null}},{"start":{"line":154,"column":11},"end":{"line":158,"column":null}}],"line":152},"15":{"loc":{"start":{"line":154,"column":11},"end":{"line":158,"column":null}},"type":"if","locations":[{"start":{"line":154,"column":11},"end":{"line":158,"column":null}},{"start":{"line":156,"column":11},"end":{"line":158,"column":null}}],"line":154},"16":{"loc":{"start":{"line":162,"column":2},"end":{"line":169,"column":null}},"type":"if","locations":[{"start":{"line":162,"column":2},"end":{"line":169,"column":null}},{"start":{"line":165,"column":9},"end":{"line":169,"column":null}}],"line":162}},"s":{"0":0,"1":0,"2":0,"3":0,"4":0,"5":0,"6":0,"7":0,"8":0,"9":0,"10":0,"11":0,"12":0,"13":0,"14":0,"15":0,"16":0,"17":0,"18":0,"19":0,"20":0,"21":0,"22":0,"23":0,"24":0,"25":0,"26":0,"27":0,"28":0,"29":0,"30":0,"31":0,"32":0,"33":0,"34":0,"35":0,"36":0,"37":0,"38":0,"39":0,"40":0,"41":0,"42":0,"43":0,"44":0,"45":0,"46":0,"47":0,"48":0,"49":0,"50":0,"51":0,"52":0,"53":0,"54":0,"55":0},"f":{"0":0,"1":0},"b":{"0":[0],"1":[0,0],"2":[0,0],"3":[0,0],"4":[0,0],"5":[0,0],"6":[0,0],"7":[0,0],"8":[0,0],"9":[0,0],"10":[0,0],"11":[0,0],"12":[0,0],"13":[0,0],"14":[0,0],"15":[0,0],"16":[0,0]},"meta":{"lastBranch":17,"lastFunction":2,"lastStatement":56,"seen":{"f:11:22:11:28":0,"b:11:54:11:56":0,"s:17:7:17:9":0,"s:19:22:19:35":1,"s:22:2:37:Infinity":2,"s:23:14:23:73":3,"s:24:4:29:Infinity":4,"s:31:4:36:Infinity":5,"s:40:2:55:Infinity":6,"s:41:13:41:71":7,"s:42:4:47:Infinity":8,"s:49:4:54:Infinity":9,"s:58:19:58:63":10,"s:59:2:64:Infinity":11,"b:63:27:63:40:63:43:63:60":1,"s:67:2:84:Infinity":12,"s:68:12:70:13":13,"s:71:4:76:Infinity":14,"s:78:4:83:Infinity":15,"s:87:15:87:27":16,"s:88:22:88:54":17,"s:89:21:89:26":18,"b:90:2:101:Infinity:undefined:undefined:undefined:undefined":2,"s:90:2:101:Infinity":19,"s:91:4:100:Infinity":20,"s:92:25:92:74":21,"s:93:24:93:52":22,"b:93:24:93:46:93:50:93:52":3,"s:94:23:94:76":23,"b:94:23:94:70:94:74:94:76":4,"b:95:6:97:Infinity:undefined:undefined:undefined:undefined":5,"s:95:6:97:Infinity":24,"b:95:10:95:33:95:37:95:59":6,"s:96:8:96:Infinity":25,"s:102:2:107:Infinity":26,"b:106:28:106:39:106:42:106:58":7,"s:110:16:111:Infinity":27,"s:113:2:118:Infinity":28,"b:117:24:117:35:117:38:117:53":8,"s:121:15:122:Infinity":29,"s:124:2:129:Infinity":30,"b:128:23:128:30:128:33:128:55":9,"s:131:16:131:86":31,"f:131:30:131:31":1,"s:131:37:131:72":32,"b:131:37:131:42:131:46:131:72":10,"b:133:2:139:Infinity:undefined:undefined:undefined:undefined":11,"s:133:2:139:Infinity":33,"s:134:4:136:Infinity":34,"b:137:4:137:Infinity:undefined:undefined:undefined:undefined":12,"s:137:4:137:Infinity":35,"s:137:16:137:Infinity":36,"s:138:4:138:Infinity":37,"s:142:2:144:Infinity":38,"s:146:21:146:23":39,"s:147:2:159:Infinity":40,"b:148:4:151:Infinity:undefined:undefined:undefined:undefined":13,"s:148:4:151:Infinity":41,"s:149:6:149:Infinity":42,"s:150:6:150:Infinity":43,"b:152:4:158:Infinity:154:11:158:Infinity":14,"s:152:4:158:Infinity":44,"s:153:6:153:Infinity":45,"b:154:11:158:Infinity:156:11:158:Infinity":15,"s:154:11:158:Infinity":46,"s:155:6:155:Infinity":47,"s:157:6:157:Infinity":48,"s:161:2:161:Infinity":49,"b:162:2:169:Infinity:165:9:169:Infinity":16,"s:162:2:169:Infinity":50,"s:163:4:163:Infinity":51,"s:164:4:164:Infinity":52,"s:166:4:166:Infinity":53,"s:167:4:167:Infinity":54,"s:168:4:168:Infinity":55}}}
,"/Users/wxhou/Documents/openspec-playwright/src/commands/editors.ts": {"path":"/Users/wxhou/Documents/openspec-playwright/src/commands/editors.ts","statementMap":{"0":{"start":{"line":8,"column":23},"end":{"line":8,"column":69}},"1":{"start":{"line":9,"column":2},"end":{"line":15,"column":null}},"2":{"start":{"line":10,"column":20},"end":{"line":13,"column":28}},"3":{"start":{"line":14,"column":4},"end":{"line":14,"column":null}},"4":{"start":{"line":16,"column":2},"end":{"line":16,"column":null}},"5":{"start":{"line":21,"column":2},"end":{"line":21,"column":null}},"6":{"start":{"line":21,"column":29},"end":{"line":21,"column":47}},"7":{"start":{"line":26,"column":2},"end":{"line":26,"column":null}},"8":{"start":{"line":31,"column":2},"end":{"line":31,"column":null}},"9":{"start":{"line":55,"column":37},"end":{"line":72,"column":null}},"10":{"start":{"line":59,"column":4},"end":{"line":59,"column":null}},"11":{"start":{"line":62,"column":4},"end":{"line":70,"column":null}},"12":{"start":{"line":77,"column":37},"end":{"line":94,"column":null}},"13":{"start":{"line":81,"column":4},"end":{"line":81,"column":null}},"14":{"start":{"line":84,"column":4},"end":{"line":92,"column":null}},"15":{"start":{"line":99,"column":39},"end":{"line":116,"column":null}},"16":{"start":{"line":103,"column":4},"end":{"line":103,"column":null}},"17":{"start":{"line":106,"column":4},"end":{"line":114,"column":null}},"18":{"start":{"line":121,"column":36},"end":{"line":135,"column":null}},"19":{"start":{"line":125,"column":4},"end":{"line":125,"column":null}},"20":{"start":{"line":128,"column":4},"end":{"line":133,"column":null}},"21":{"start":{"line":140,"column":39},"end":{"line":156,"column":null}},"22":{"start":{"line":144,"column":4},"end":{"line":144,"column":null}},"23":{"start":{"line":147,"column":4},"end":{"line":154,"column":null}},"24":{"start":{"line":161,"column":38},"end":{"line":175,"column":null}},"25":{"start":{"line":165,"column":4},"end":{"line":165,"column":null}},"26":{"start":{"line":168,"column":4},"end":{"line":173,"column":null}},"27":{"start":{"line":180,"column":42},"end":{"line":194,"column":null}},"28":{"start":{"line":184,"column":4},"end":{"line":184,"column":null}},"29":{"start":{"line":187,"column":4},"end":{"line":192,"column":null}},"30":{"start":{"line":199,"column":37},"end":{"line":214,"column":null}},"31":{"start":{"line":203,"column":4},"end":{"line":203,"column":null}},"32":{"start":{"line":206,"column":4},"end":{"line":212,"column":null}},"33":{"start":{"line":219,"column":40},"end":{"line":235,"column":null}},"34":{"start":{"line":223,"column":4},"end":{"line":223,"column":null}},"35":{"start":{"line":226,"column":4},"end":{"line":233,"column":null}},"36":{"start":{"line":240,"column":36},"end":{"line":259,"column":null}},"37":{"start":{"line":245,"column":6},"end":{"line":245,"column":65}},"38":{"start":{"line":248,"column":4},"end":{"line":248,"column":null}},"39":{"start":{"line":251,"column":4},"end":{"line":257,"column":null}},"40":{"start":{"line":264,"column":39},"end":{"line":279,"column":null}},"41":{"start":{"line":268,"column":4},"end":{"line":268,"column":null}},"42":{"start":{"line":271,"column":4},"end":{"line":277,"column":null}},"43":{"start":{"line":284,"column":36},"end":{"line":301,"column":null}},"44":{"start":{"line":288,"column":4},"end":{"line":288,"column":null}},"45":{"start":{"line":291,"column":4},"end":{"line":299,"column":null}},"46":{"start":{"line":306,"column":38},"end":{"line":321,"column":null}},"47":{"start":{"line":310,"column":4},"end":{"line":310,"column":null}},"48":{"start":{"line":313,"column":4},"end":{"line":319,"column":null}},"49":{"start":{"line":326,"column":37},"end":{"line":340,"column":null}},"50":{"start":{"line":330,"column":4},"end":{"line":330,"column":null}},"51":{"start":{"line":333,"column":4},"end":{"line":338,"column":null}},"52":{"start":{"line":345,"column":44},"end":{"line":359,"column":null}},"53":{"start":{"line":349,"column":4},"end":{"line":349,"column":null}},"54":{"start":{"line":352,"column":4},"end":{"line":357,"column":null}},"55":{"start":{"line":364,"column":36},"end":{"line":381,"column":null}},"56":{"start":{"line":368,"column":4},"end":{"line":368,"column":null}},"57":{"start":{"line":371,"column":4},"end":{"line":379,"column":null}},"58":{"start":{"line":386,"column":39},"end":{"line":396,"column":null}},"59":{"start":{"line":390,"column":4},"end":{"line":390,"column":null}},"60":{"start":{"line":393,"column":4},"end":{"line":394,"column":null}},"61":{"start":{"line":401,"column":35},"end":{"line":415,"column":null}},"62":{"start":{"line":405,"column":4},"end":{"line":405,"column":null}},"63":{"start":{"line":408,"column":4},"end":{"line":413,"column":null}},"64":{"start":{"line":420,"column":39},"end":{"line":435,"column":null}},"65":{"start":{"line":424,"column":4},"end":{"line":424,"column":null}},"66":{"start":{"line":427,"column":24},"end":{"line":427,"column":60}},"67":{"start":{"line":428,"column":4},"end":{"line":433,"column":null}},"68":{"start":{"line":440,"column":33},"end":{"line":454,"column":null}},"69":{"start":{"line":444,"column":4},"end":{"line":444,"column":null}},"70":{"start":{"line":447,"column":4},"end":{"line":452,"column":null}},"71":{"start":{"line":459,"column":36},"end":{"line":476,"column":null}},"72":{"start":{"line":463,"column":4},"end":{"line":463,"column":null}},"73":{"start":{"line":466,"column":4},"end":{"line":474,"column":null}},"74":{"start":{"line":481,"column":35},"end":{"line":495,"column":null}},"75":{"start":{"line":485,"column":4},"end":{"line":485,"column":null}},"76":{"start":{"line":488,"column":4},"end":{"line":493,"column":null}},"77":{"start":{"line":500,"column":38},"end":{"line":514,"column":null}},"78":{"start":{"line":504,"column":4},"end":{"line":504,"column":null}},"79":{"start":{"line":507,"column":4},"end":{"line":512,"column":null}},"80":{"start":{"line":518,"column":38},"end":{"line":542,"column":null}},"81":{"start":{"line":546,"column":49},"end":{"line":569,"column":null}},"82":{"start":{"line":571,"column":2},"end":{"line":573,"column":null}},"83":{"start":{"line":572,"column":22},"end":{"line":572,"column":57}},"84":{"start":{"line":573,"column":26},"end":{"line":573,"column":33}},"85":{"start":{"line":580,"column":20},"end":{"line":580,"column":79}},"86":{"start":{"line":581,"column":2},"end":{"line":581,"column":null}},"87":{"start":{"line":588,"column":2},"end":{"line":595,"column":null}},"88":{"start":{"line":604,"column":15},"end":{"line":604,"column":37}},"89":{"start":{"line":606,"column":2},"end":{"line":612,"column":null}},"90":{"start":{"line":607,"column":20},"end":{"line":607,"column":51}},"91":{"start":{"line":608,"column":17},"end":{"line":608,"column":53}},"92":{"start":{"line":609,"column":4},"end":{"line":609,"column":null}},"93":{"start":{"line":610,"column":4},"end":{"line":610,"column":null}},"94":{"start":{"line":611,"column":4},"end":{"line":611,"column":null}},"95":{"start":{"line":617,"column":16},"end":{"line":617,"column":73}},"96":{"start":{"line":618,"column":2},"end":{"line":618,"column":null}},"97":{"start":{"line":619,"column":2},"end":{"line":619,"column":null}},"98":{"start":{"line":620,"column":2},"end":{"line":620,"column":null}},"99":{"start":{"line":628,"column":12},"end":{"line":628,"column":45}},"100":{"start":{"line":629,"column":14},"end":{"line":629,"column":33}},"101":{"start":{"line":630,"column":2},"end":{"line":663,"column":null}},"102":{"start":{"line":632,"column":18},"end":{"line":632,"column":48}},"103":{"start":{"line":633,"column":24},"end":{"line":633,"column":49}},"104":{"start":{"line":634,"column":22},"end":{"line":634,"column":45}},"105":{"start":{"line":636,"column":4},"end":{"line":655,"column":null}},"106":{"start":{"line":638,"column":6},"end":{"line":640,"column":null}},"107":{"start":{"line":643,"column":8},"end":{"line":650,"column":12}},"108":{"start":{"line":651,"column":6},"end":{"line":651,"column":null}},"109":{"start":{"line":652,"column":6},"end":{"line":654,"column":null}},"110":{"start":{"line":658,"column":20},"end":{"line":658,"column":78}},"111":{"start":{"line":659,"column":4},"end":{"line":659,"column":null}},"112":{"start":{"line":660,"column":4},"end":{"line":662,"column":null}},"113":{"start":{"line":668,"column":2},"end":{"line":668,"column":null}},"114":{"start":{"line":9,"column":2},"end":{"line":14,"column":null}},"115":{"start":{"line":62,"column":4},"end":{"line":69,"column":null}},"116":{"start":{"line":84,"column":4},"end":{"line":91,"column":null}},"117":{"start":{"line":106,"column":4},"end":{"line":113,"column":null}},"118":{"start":{"line":128,"column":4},"end":{"line":132,"column":null}},"119":{"start":{"line":147,"column":4},"end":{"line":153,"column":null}},"120":{"start":{"line":168,"column":4},"end":{"line":172,"column":null}},"121":{"start":{"line":187,"column":4},"end":{"line":191,"column":null}},"122":{"start":{"line":206,"column":4},"end":{"line":211,"column":null}},"123":{"start":{"line":226,"column":4},"end":{"line":232,"column":null}},"124":{"start":{"line":251,"column":4},"end":{"line":256,"column":null}},"125":{"start":{"line":271,"column":4},"end":{"line":276,"column":null}},"126":{"start":{"line":291,"column":4},"end":{"line":298,"column":null}},"127":{"start":{"line":313,"column":4},"end":{"line":318,"column":null}},"128":{"start":{"line":333,"column":4},"end":{"line":336,"column":null}},"129":{"start":{"line":352,"column":4},"end":{"line":356,"column":null}},"130":{"start":{"line":371,"column":4},"end":{"line":378,"column":null}},"131":{"start":{"line":393,"column":4},"end":{"line":393,"column":null}},"132":{"start":{"line":408,"column":4},"end":{"line":412,"column":null}},"133":{"start":{"line":428,"column":4},"end":{"line":432,"column":null}},"134":{"start":{"line":447,"column":4},"end":{"line":451,"column":null}},"135":{"start":{"line":466,"column":4},"end":{"line":473,"column":null}},"136":{"start":{"line":488,"column":4},"end":{"line":491,"column":null}},"137":{"start":{"line":507,"column":4},"end":{"line":511,"column":null}},"138":{"start":{"line":572,"column":14},"end":{"line":572,"column":57}},"139":{"start":{"line":573,"column":26},"end":{"line":573,"column":34}},"140":{"start":{"line":606,"column":2},"end":{"line":611,"column":null}},"141":{"start":{"line":608,"column":10},"end":{"line":608,"column":53}},"142":{"start":{"line":617,"column":8},"end":{"line":617,"column":73}},"143":{"start":{"line":628,"column":8},"end":{"line":628,"column":45}},"144":{"start":{"line":629,"column":8},"end":{"line":629,"column":33}},"145":{"start":{"line":630,"column":2},"end":{"line":662,"column":null}},"146":{"start":{"line":632,"column":10},"end":{"line":632,"column":48}},"147":{"start":{"line":633,"column":24},"end":{"line":633,"column":null}},"148":{"start":{"line":634,"column":22},"end":{"line":634,"column":null}},"149":{"start":{"line":636,"column":4},"end":{"line":654,"column":null}},"150":{"start":{"line":643,"column":8},"end":{"line":650,"column":null}},"151":{"start":{"line":658,"column":20},"end":{"line":658,"column":null}}},"fnMap":{"0":{"name":"escapeYamlValue","decl":{"start":{"line":7,"column":16},"end":{"line":7,"column":31}},"loc":{"start":{"line":7,"column":45},"end":{"line":17,"column":null}},"line":7},"1":{"name":"formatTagsArray","decl":{"start":{"line":20,"column":16},"end":{"line":20,"column":31}},"loc":{"start":{"line":20,"column":46},"end":{"line":22,"column":null}},"line":20},"2":{"name":"(anonymous_2)","decl":{"start":{"line":21,"column":22},"end":{"line":21,"column":23}},"loc":{"start":{"line":21,"column":29},"end":{"line":21,"column":47}},"line":21},"3":{"name":"formatTagsPlain","decl":{"start":{"line":25,"column":9},"end":{"line":25,"column":24}},"loc":{"start":{"line":25,"column":39},"end":{"line":27,"column":null}},"line":25},"4":{"name":"transformToHyphenCommands","decl":{"start":{"line":30,"column":9},"end":{"line":30,"column":34}},"loc":{"start":{"line":30,"column":47},"end":{"line":32,"column":null}},"line":30},"5":{"name":"(anonymous_5)","decl":{"start":{"line":58,"column":2},"end":{"line":58,"column":16}},"loc":{"start":{"line":58,"column":19},"end":{"line":60,"column":3}},"line":58},"6":{"name":"(anonymous_6)","decl":{"start":{"line":61,"column":2},"end":{"line":61,"column":15}},"loc":{"start":{"line":61,"column":20},"end":{"line":71,"column":3}},"line":61},"7":{"name":"(anonymous_7)","decl":{"start":{"line":80,"column":2},"end":{"line":80,"column":16}},"loc":{"start":{"line":80,"column":19},"end":{"line":82,"column":3}},"line":80},"8":{"name":"(anonymous_8)","decl":{"start":{"line":83,"column":2},"end":{"line":83,"column":15}},"loc":{"start":{"line":83,"column":20},"end":{"line":93,"column":3}},"line":83},"9":{"name":"(anonymous_9)","decl":{"start":{"line":102,"column":2},"end":{"line":102,"column":16}},"loc":{"start":{"line":102,"column":19},"end":{"line":104,"column":3}},"line":102},"10":{"name":"(anonymous_10)","decl":{"start":{"line":105,"column":2},"end":{"line":105,"column":15}},"loc":{"start":{"line":105,"column":20},"end":{"line":115,"column":3}},"line":105},"11":{"name":"(anonymous_11)","decl":{"start":{"line":124,"column":2},"end":{"line":124,"column":16}},"loc":{"start":{"line":124,"column":19},"end":{"line":126,"column":3}},"line":124},"12":{"name":"(anonymous_12)","decl":{"start":{"line":127,"column":2},"end":{"line":127,"column":15}},"loc":{"start":{"line":127,"column":20},"end":{"line":134,"column":3}},"line":127},"13":{"name":"(anonymous_13)","decl":{"start":{"line":143,"column":2},"end":{"line":143,"column":16}},"loc":{"start":{"line":143,"column":19},"end":{"line":145,"column":3}},"line":143},"14":{"name":"(anonymous_14)","decl":{"start":{"line":146,"column":2},"end":{"line":146,"column":15}},"loc":{"start":{"line":146,"column":20},"end":{"line":155,"column":3}},"line":146},"15":{"name":"(anonymous_15)","decl":{"start":{"line":164,"column":2},"end":{"line":164,"column":16}},"loc":{"start":{"line":164,"column":19},"end":{"line":166,"column":3}},"line":164},"16":{"name":"(anonymous_16)","decl":{"start":{"line":167,"column":2},"end":{"line":167,"column":15}},"loc":{"start":{"line":167,"column":20},"end":{"line":174,"column":3}},"line":167},"17":{"name":"(anonymous_17)","decl":{"start":{"line":183,"column":2},"end":{"line":183,"column":16}},"loc":{"start":{"line":183,"column":19},"end":{"line":185,"column":3}},"line":183},"18":{"name":"(anonymous_18)","decl":{"start":{"line":186,"column":2},"end":{"line":186,"column":15}},"loc":{"start":{"line":186,"column":20},"end":{"line":193,"column":3}},"line":186},"19":{"name":"(anonymous_19)","decl":{"start":{"line":202,"column":2},"end":{"line":202,"column":16}},"loc":{"start":{"line":202,"column":19},"end":{"line":204,"column":3}},"line":202},"20":{"name":"(anonymous_20)","decl":{"start":{"line":205,"column":2},"end":{"line":205,"column":15}},"loc":{"start":{"line":205,"column":20},"end":{"line":213,"column":3}},"line":205},"21":{"name":"(anonymous_21)","decl":{"start":{"line":222,"column":2},"end":{"line":222,"column":16}},"loc":{"start":{"line":222,"column":19},"end":{"line":224,"column":3}},"line":222},"22":{"name":"(anonymous_22)","decl":{"start":{"line":225,"column":2},"end":{"line":225,"column":15}},"loc":{"start":{"line":225,"column":20},"end":{"line":234,"column":3}},"line":225},"23":{"name":"(anonymous_23)","decl":{"start":{"line":243,"column":2},"end":{"line":243,"column":16}},"loc":{"start":{"line":243,"column":19},"end":{"line":249,"column":3}},"line":243},"24":{"name":"(anonymous_24)","decl":{"start":{"line":250,"column":2},"end":{"line":250,"column":15}},"loc":{"start":{"line":250,"column":20},"end":{"line":258,"column":3}},"line":250},"25":{"name":"(anonymous_25)","decl":{"start":{"line":267,"column":2},"end":{"line":267,"column":16}},"loc":{"start":{"line":267,"column":19},"end":{"line":269,"column":3}},"line":267},"26":{"name":"(anonymous_26)","decl":{"start":{"line":270,"column":2},"end":{"line":270,"column":15}},"loc":{"start":{"line":270,"column":20},"end":{"line":278,"column":3}},"line":270},"27":{"name":"(anonymous_27)","decl":{"start":{"line":287,"column":2},"end":{"line":287,"column":16}},"loc":{"start":{"line":287,"column":19},"end":{"line":289,"column":3}},"line":287},"28":{"name":"(anonymous_28)","decl":{"start":{"line":290,"column":2},"end":{"line":290,"column":15}},"loc":{"start":{"line":290,"column":20},"end":{"line":300,"column":3}},"line":290},"29":{"name":"(anonymous_29)","decl":{"start":{"line":309,"column":2},"end":{"line":309,"column":16}},"loc":{"start":{"line":309,"column":19},"end":{"line":311,"column":3}},"line":309},"30":{"name":"(anonymous_30)","decl":{"start":{"line":312,"column":2},"end":{"line":312,"column":15}},"loc":{"start":{"line":312,"column":20},"end":{"line":320,"column":3}},"line":312},"31":{"name":"(anonymous_31)","decl":{"start":{"line":329,"column":2},"end":{"line":329,"column":16}},"loc":{"start":{"line":329,"column":19},"end":{"line":331,"column":3}},"line":329},"32":{"name":"(anonymous_32)","decl":{"start":{"line":332,"column":2},"end":{"line":332,"column":15}},"loc":{"start":{"line":332,"column":20},"end":{"line":339,"column":3}},"line":332},"33":{"name":"(anonymous_33)","decl":{"start":{"line":348,"column":2},"end":{"line":348,"column":16}},"loc":{"start":{"line":348,"column":19},"end":{"line":350,"column":3}},"line":348},"34":{"name":"(anonymous_34)","decl":{"start":{"line":351,"column":2},"end":{"line":351,"column":15}},"loc":{"start":{"line":351,"column":20},"end":{"line":358,"column":3}},"line":351},"35":{"name":"(anonymous_35)","decl":{"start":{"line":367,"column":2},"end":{"line":367,"column":16}},"loc":{"start":{"line":367,"column":19},"end":{"line":369,"column":3}},"line":367},"36":{"name":"(anonymous_36)","decl":{"start":{"line":370,"column":2},"end":{"line":370,"column":15}},"loc":{"start":{"line":370,"column":20},"end":{"line":380,"column":3}},"line":370},"37":{"name":"(anonymous_37)","decl":{"start":{"line":389,"column":2},"end":{"line":389,"column":16}},"loc":{"start":{"line":389,"column":19},"end":{"line":391,"column":3}},"line":389},"38":{"name":"(anonymous_38)","decl":{"start":{"line":392,"column":2},"end":{"line":392,"column":15}},"loc":{"start":{"line":392,"column":20},"end":{"line":395,"column":3}},"line":392},"39":{"name":"(anonymous_39)","decl":{"start":{"line":404,"column":2},"end":{"line":404,"column":16}},"loc":{"start":{"line":404,"column":19},"end":{"line":406,"column":3}},"line":404},"40":{"name":"(anonymous_40)","decl":{"start":{"line":407,"column":2},"end":{"line":407,"column":15}},"loc":{"start":{"line":407,"column":20},"end":{"line":414,"column":3}},"line":407},"41":{"name":"(anonymous_41)","decl":{"start":{"line":423,"column":2},"end":{"line":423,"column":16}},"loc":{"start":{"line":423,"column":19},"end":{"line":425,"column":3}},"line":423},"42":{"name":"(anonymous_42)","decl":{"start":{"line":426,"column":2},"end":{"line":426,"column":15}},"loc":{"start":{"line":426,"column":20},"end":{"line":434,"column":3}},"line":426},"43":{"name":"(anonymous_43)","decl":{"start":{"line":443,"column":2},"end":{"line":443,"column":16}},"loc":{"start":{"line":443,"column":19},"end":{"line":445,"column":3}},"line":443},"44":{"name":"(anonymous_44)","decl":{"start":{"line":446,"column":2},"end":{"line":446,"column":15}},"loc":{"start":{"line":446,"column":20},"end":{"line":453,"column":3}},"line":446},"45":{"name":"(anonymous_45)","decl":{"start":{"line":462,"column":2},"end":{"line":462,"column":16}},"loc":{"start":{"line":462,"column":19},"end":{"line":464,"column":3}},"line":462},"46":{"name":"(anonymous_46)","decl":{"start":{"line":465,"column":2},"end":{"line":465,"column":15}},"loc":{"start":{"line":465,"column":20},"end":{"line":475,"column":3}},"line":465},"47":{"name":"(anonymous_47)","decl":{"start":{"line":484,"column":2},"end":{"line":484,"column":16}},"loc":{"start":{"line":484,"column":19},"end":{"line":486,"column":3}},"line":484},"48":{"name":"(anonymous_48)","decl":{"start":{"line":487,"column":2},"end":{"line":487,"column":15}},"loc":{"start":{"line":487,"column":20},"end":{"line":494,"column":3}},"line":487},"49":{"name":"(anonymous_49)","decl":{"start":{"line":503,"column":2},"end":{"line":503,"column":16}},"loc":{"start":{"line":503,"column":19},"end":{"line":505,"column":3}},"line":503},"50":{"name":"(anonymous_50)","decl":{"start":{"line":506,"column":2},"end":{"line":506,"column":15}},"loc":{"start":{"line":506,"column":20},"end":{"line":513,"column":3}},"line":506},"51":{"name":"detectEditors","decl":{"start":{"line":545,"column":16},"end":{"line":545,"column":29}},"loc":{"start":{"line":545,"column":49},"end":{"line":574,"column":null}},"line":545},"52":{"name":"(anonymous_52)","decl":{"start":{"line":572,"column":12},"end":{"line":572,"column":13}},"loc":{"start":{"line":572,"column":22},"end":{"line":572,"column":57}},"line":572},"53":{"name":"(anonymous_53)","decl":{"start":{"line":573,"column":9},"end":{"line":573,"column":10}},"loc":{"start":{"line":573,"column":26},"end":{"line":573,"column":33}},"line":573},"54":{"name":"detectCodex","decl":{"start":{"line":579,"column":16},"end":{"line":579,"column":27}},"loc":{"start":{"line":579,"column":27},"end":{"line":582,"column":null}},"line":579},"55":{"name":"buildCommandMeta","decl":{"start":{"line":587,"column":16},"end":{"line":587,"column":32}},"loc":{"start":{"line":587,"column":45},"end":{"line":596,"column":null}},"line":587},"56":{"name":"installForAllEditors","decl":{"start":{"line":599,"column":16},"end":{"line":599,"column":36}},"loc":{"start":{"line":602,"column":21},"end":{"line":613,"column":null}},"line":602},"57":{"name":"installSkill","decl":{"start":{"line":616,"column":16},"end":{"line":616,"column":28}},"loc":{"start":{"line":616,"column":70},"end":{"line":621,"column":null}},"line":616},"58":{"name":"installProjectClaudeMd","decl":{"start":{"line":624,"column":16},"end":{"line":624,"column":38}},"loc":{"start":{"line":626,"column":26},"end":{"line":664,"column":null}},"line":626},"59":{"name":"readEmployeeStandards","decl":{"start":{"line":667,"column":16},"end":{"line":667,"column":37}},"loc":{"start":{"line":667,"column":53},"end":{"line":669,"column":null}},"line":667},"60":{"name":"escapeYamlValue","decl":{"start":{"line":7,"column":16},"end":{"line":7,"column":32}},"loc":{"start":{"line":7,"column":55},"end":{"line":16,"column":null}},"line":7},"61":{"name":"formatTagsArray","decl":{"start":{"line":20,"column":16},"end":{"line":20,"column":32}},"loc":{"start":{"line":20,"column":56},"end":{"line":21,"column":null}},"line":20},"62":{"name":"formatTagsPlain","decl":{"start":{"line":25,"column":9},"end":{"line":25,"column":25}},"loc":{"start":{"line":25,"column":49},"end":{"line":26,"column":null}},"line":25},"63":{"name":"transformToHyphenCommands","decl":{"start":{"line":30,"column":9},"end":{"line":30,"column":35}},"loc":{"start":{"line":30,"column":57},"end":{"line":31,"column":null}},"line":30},"64":{"name":"(anonymous_5)","decl":{"start":{"line":58,"column":2},"end":{"line":58,"column":17}},"loc":{"start":{"line":58,"column":21},"end":{"line":59,"column":null}},"line":58},"65":{"name":"(anonymous_6)","decl":{"start":{"line":61,"column":2},"end":{"line":61,"column":16}},"loc":{"start":{"line":61,"column":22},"end":{"line":69,"column":null}},"line":61},"66":{"name":"(anonymous_7)","decl":{"start":{"line":80,"column":2},"end":{"line":80,"column":17}},"loc":{"start":{"line":80,"column":21},"end":{"line":81,"column":null}},"line":80},"67":{"name":"(anonymous_8)","decl":{"start":{"line":83,"column":2},"end":{"line":83,"column":16}},"loc":{"start":{"line":83,"column":22},"end":{"line":91,"column":null}},"line":83},"68":{"name":"(anonymous_9)","decl":{"start":{"line":102,"column":2},"end":{"line":102,"column":17}},"loc":{"start":{"line":102,"column":21},"end":{"line":103,"column":null}},"line":102},"69":{"name":"(anonymous_10)","decl":{"start":{"line":105,"column":2},"end":{"line":105,"column":16}},"loc":{"start":{"line":105,"column":22},"end":{"line":113,"column":null}},"line":105},"70":{"name":"(anonymous_11)","decl":{"start":{"line":124,"column":2},"end":{"line":124,"column":17}},"loc":{"start":{"line":124,"column":21},"end":{"line":125,"column":null}},"line":124},"71":{"name":"(anonymous_12)","decl":{"start":{"line":127,"column":2},"end":{"line":127,"column":16}},"loc":{"start":{"line":127,"column":22},"end":{"line":132,"column":null}},"line":127},"72":{"name":"(anonymous_13)","decl":{"start":{"line":143,"column":2},"end":{"line":143,"column":17}},"loc":{"start":{"line":143,"column":21},"end":{"line":144,"column":null}},"line":143},"73":{"name":"(anonymous_14)","decl":{"start":{"line":146,"column":2},"end":{"line":146,"column":16}},"loc":{"start":{"line":146,"column":22},"end":{"line":153,"column":null}},"line":146},"74":{"name":"(anonymous_15)","decl":{"start":{"line":164,"column":2},"end":{"line":164,"column":17}},"loc":{"start":{"line":164,"column":21},"end":{"line":165,"column":null}},"line":164},"75":{"name":"(anonymous_16)","decl":{"start":{"line":167,"column":2},"end":{"line":167,"column":16}},"loc":{"start":{"line":167,"column":22},"end":{"line":172,"column":null}},"line":167},"76":{"name":"(anonymous_17)","decl":{"start":{"line":183,"column":2},"end":{"line":183,"column":17}},"loc":{"start":{"line":183,"column":21},"end":{"line":184,"column":null}},"line":183},"77":{"name":"(anonymous_18)","decl":{"start":{"line":186,"column":2},"end":{"line":186,"column":16}},"loc":{"start":{"line":186,"column":22},"end":{"line":191,"column":null}},"line":186},"78":{"name":"(anonymous_19)","decl":{"start":{"line":202,"column":2},"end":{"line":202,"column":17}},"loc":{"start":{"line":202,"column":21},"end":{"line":203,"column":null}},"line":202},"79":{"name":"(anonymous_20)","decl":{"start":{"line":205,"column":2},"end":{"line":205,"column":16}},"loc":{"start":{"line":205,"column":22},"end":{"line":211,"column":null}},"line":205},"80":{"name":"(anonymous_21)","decl":{"start":{"line":222,"column":2},"end":{"line":222,"column":17}},"loc":{"start":{"line":222,"column":21},"end":{"line":223,"column":null}},"line":222},"81":{"name":"(anonymous_22)","decl":{"start":{"line":225,"column":2},"end":{"line":225,"column":16}},"loc":{"start":{"line":225,"column":22},"end":{"line":232,"column":null}},"line":225},"82":{"name":"(anonymous_23)","decl":{"start":{"line":243,"column":2},"end":{"line":243,"column":17}},"loc":{"start":{"line":243,"column":21},"end":{"line":248,"column":null}},"line":243},"83":{"name":"(anonymous_24)","decl":{"start":{"line":250,"column":2},"end":{"line":250,"column":16}},"loc":{"start":{"line":250,"column":22},"end":{"line":256,"column":null}},"line":250},"84":{"name":"(anonymous_25)","decl":{"start":{"line":267,"column":2},"end":{"line":267,"column":17}},"loc":{"start":{"line":267,"column":21},"end":{"line":268,"column":null}},"line":267},"85":{"name":"(anonymous_26)","decl":{"start":{"line":270,"column":2},"end":{"line":270,"column":16}},"loc":{"start":{"line":270,"column":22},"end":{"line":276,"column":null}},"line":270},"86":{"name":"(anonymous_27)","decl":{"start":{"line":287,"column":2},"end":{"line":287,"column":17}},"loc":{"start":{"line":287,"column":21},"end":{"line":288,"column":null}},"line":287},"87":{"name":"(anonymous_28)","decl":{"start":{"line":290,"column":2},"end":{"line":290,"column":16}},"loc":{"start":{"line":290,"column":22},"end":{"line":298,"column":null}},"line":290},"88":{"name":"(anonymous_29)","decl":{"start":{"line":309,"column":2},"end":{"line":309,"column":17}},"loc":{"start":{"line":309,"column":21},"end":{"line":310,"column":null}},"line":309},"89":{"name":"(anonymous_30)","decl":{"start":{"line":312,"column":2},"end":{"line":312,"column":16}},"loc":{"start":{"line":312,"column":22},"end":{"line":318,"column":null}},"line":312},"90":{"name":"(anonymous_31)","decl":{"start":{"line":329,"column":2},"end":{"line":329,"column":17}},"loc":{"start":{"line":329,"column":21},"end":{"line":330,"column":null}},"line":329},"91":{"name":"(anonymous_32)","decl":{"start":{"line":332,"column":2},"end":{"line":332,"column":16}},"loc":{"start":{"line":332,"column":22},"end":{"line":336,"column":null}},"line":332},"92":{"name":"(anonymous_33)","decl":{"start":{"line":348,"column":2},"end":{"line":348,"column":17}},"loc":{"start":{"line":348,"column":21},"end":{"line":349,"column":null}},"line":348},"93":{"name":"(anonymous_34)","decl":{"start":{"line":351,"column":2},"end":{"line":351,"column":16}},"loc":{"start":{"line":351,"column":22},"end":{"line":356,"column":null}},"line":351},"94":{"name":"(anonymous_35)","decl":{"start":{"line":367,"column":2},"end":{"line":367,"column":17}},"loc":{"start":{"line":367,"column":21},"end":{"line":368,"column":null}},"line":367},"95":{"name":"(anonymous_36)","decl":{"start":{"line":370,"column":2},"end":{"line":370,"column":16}},"loc":{"start":{"line":370,"column":22},"end":{"line":378,"column":null}},"line":370},"96":{"name":"(anonymous_37)","decl":{"start":{"line":389,"column":2},"end":{"line":389,"column":17}},"loc":{"start":{"line":389,"column":21},"end":{"line":390,"column":null}},"line":389},"97":{"name":"(anonymous_38)","decl":{"start":{"line":392,"column":2},"end":{"line":392,"column":16}},"loc":{"start":{"line":392,"column":22},"end":{"line":393,"column":null}},"line":392},"98":{"name":"(anonymous_39)","decl":{"start":{"line":404,"column":2},"end":{"line":404,"column":17}},"loc":{"start":{"line":404,"column":21},"end":{"line":405,"column":null}},"line":404},"99":{"name":"(anonymous_40)","decl":{"start":{"line":407,"column":2},"end":{"line":407,"column":16}},"loc":{"start":{"line":407,"column":22},"end":{"line":412,"column":null}},"line":407},"100":{"name":"(anonymous_41)","decl":{"start":{"line":423,"column":2},"end":{"line":423,"column":17}},"loc":{"start":{"line":423,"column":21},"end":{"line":424,"column":null}},"line":423},"101":{"name":"(anonymous_42)","decl":{"start":{"line":426,"column":2},"end":{"line":426,"column":16}},"loc":{"start":{"line":426,"column":22},"end":{"line":432,"column":null}},"line":426},"102":{"name":"(anonymous_43)","decl":{"start":{"line":443,"column":2},"end":{"line":443,"column":17}},"loc":{"start":{"line":443,"column":21},"end":{"line":444,"column":null}},"line":443},"103":{"name":"(anonymous_44)","decl":{"start":{"line":446,"column":2},"end":{"line":446,"column":16}},"loc":{"start":{"line":446,"column":22},"end":{"line":451,"column":null}},"line":446},"104":{"name":"(anonymous_45)","decl":{"start":{"line":462,"column":2},"end":{"line":462,"column":17}},"loc":{"start":{"line":462,"column":21},"end":{"line":463,"column":null}},"line":462},"105":{"name":"(anonymous_46)","decl":{"start":{"line":465,"column":2},"end":{"line":465,"column":16}},"loc":{"start":{"line":465,"column":22},"end":{"line":473,"column":null}},"line":465},"106":{"name":"(anonymous_47)","decl":{"start":{"line":484,"column":2},"end":{"line":484,"column":17}},"loc":{"start":{"line":484,"column":21},"end":{"line":485,"column":null}},"line":484},"107":{"name":"(anonymous_48)","decl":{"start":{"line":487,"column":2},"end":{"line":487,"column":16}},"loc":{"start":{"line":487,"column":22},"end":{"line":491,"column":null}},"line":487},"108":{"name":"(anonymous_49)","decl":{"start":{"line":503,"column":2},"end":{"line":503,"column":17}},"loc":{"start":{"line":503,"column":21},"end":{"line":504,"column":null}},"line":503},"109":{"name":"(anonymous_50)","decl":{"start":{"line":506,"column":2},"end":{"line":506,"column":16}},"loc":{"start":{"line":506,"column":22},"end":{"line":511,"column":null}},"line":506},"110":{"name":"detectEditors","decl":{"start":{"line":545,"column":16},"end":{"line":545,"column":30}},"loc":{"start":{"line":545,"column":68},"end":{"line":573,"column":null}},"line":545},"111":{"name":"(anonymous_52)","decl":{"start":{"line":572,"column":5},"end":{"line":572,"column":13}},"loc":{"start":{"line":572,"column":14},"end":{"line":572,"column":57}},"line":572},"112":{"name":"(anonymous_53)","decl":{"start":{"line":573,"column":5},"end":{"line":573,"column":10}},"loc":{"start":{"line":573,"column":26},"end":{"line":573,"column":34}},"line":573},"113":{"name":"detectCodex","decl":{"start":{"line":579,"column":16},"end":{"line":579,"column":52}},"loc":{"start":{"line":579,"column":52},"end":{"line":581,"column":null}},"line":579},"114":{"name":"buildCommandMeta","decl":{"start":{"line":587,"column":16},"end":{"line":587,"column":33}},"loc":{"start":{"line":587,"column":60},"end":{"line":595,"column":null}},"line":587},"115":{"name":"installForAllEditors","decl":{"start":{"line":599,"column":16},"end":{"line":599,"column":null}},"loc":{"start":{"line":603,"column":8},"end":{"line":611,"column":null}},"line":603},"116":{"name":"installSkill","decl":{"start":{"line":616,"column":16},"end":{"line":616,"column":29}},"loc":{"start":{"line":616,"column":78},"end":{"line":620,"column":null}},"line":616},"117":{"name":"installProjectClaudeMd","decl":{"start":{"line":624,"column":16},"end":{"line":624,"column":null}},"loc":{"start":{"line":627,"column":8},"end":{"line":662,"column":null}},"line":627},"118":{"name":"readEmployeeStandards","decl":{"start":{"line":667,"column":16},"end":{"line":667,"column":38}},"loc":{"start":{"line":667,"column":63},"end":{"line":668,"column":null}},"line":667}},"branchMap":{"0":{"loc":{"start":{"line":9,"column":2},"end":{"line":15,"column":null}},"type":"if","locations":[{"start":{"line":9,"column":2},"end":{"line":15,"column":null}},{"start":{},"end":{}}],"line":9},"1":{"loc":{"start":{"line":245,"column":6},"end":{"line":245,"column":65}},"type":"binary-expr","locations":[{"start":{"line":245,"column":6},"end":{"line":245,"column":36}},{"start":{"line":245,"column":36},"end":{"line":245,"column":65}}],"line":245},"2":{"loc":{"start":{"line":580,"column":20},"end":{"line":580,"column":79}},"type":"binary-expr","locations":[{"start":{"line":580,"column":20},"end":{"line":580,"column":50}},{"start":{"line":580,"column":50},"end":{"line":580,"column":79}}],"line":580},"3":{"loc":{"start":{"line":581,"column":2},"end":{"line":581,"column":52}},"type":"cond-expr","locations":[{"start":{"line":581,"column":33},"end":{"line":581,"column":45}},{"start":{"line":581,"column":48},"end":{"line":581,"column":52}}],"line":581},"4":{"loc":{"start":{"line":630,"column":2},"end":{"line":663,"column":null}},"type":"if","locations":[{"start":{"line":630,"column":2},"end":{"line":663,"column":null}},{"start":{"line":656,"column":9},"end":{"line":663,"column":null}}],"line":630},"5":{"loc":{"start":{"line":636,"column":4},"end":{"line":655,"column":null}},"type":"if","locations":[{"start":{"line":636,"column":4},"end":{"line":655,"column":null}},{"start":{"line":641,"column":11},"end":{"line":655,"column":null}}],"line":636},"6":{"loc":{"start":{"line":636,"column":8},"end":{"line":636,"column":70}},"type":"binary-expr","locations":[{"start":{"line":636,"column":8},"end":{"line":636,"column":38}},{"start":{"line":636,"column":42},"end":{"line":636,"column":70}}],"line":636},"7":{"loc":{"start":{"line":668,"column":2},"end":{"line":668,"column":66}},"type":"cond-expr","locations":[{"start":{"line":668,"column":30},"end":{"line":668,"column":61}},{"start":{"line":668,"column":64},"end":{"line":668,"column":66}}],"line":668},"8":{"loc":{"start":{"line":9,"column":2},"end":{"line":14,"column":null}},"type":"if","locations":[{"start":{"line":9,"column":2},"end":{"line":14,"column":null}},{"start":{},"end":{}}],"line":9},"9":{"loc":{"start":{"line":581,"column":2},"end":{"line":581,"column":null}},"type":"cond-expr","locations":[{"start":{"line":581,"column":33},"end":{"line":581,"column":48}},{"start":{"line":581,"column":48},"end":{"line":581,"column":null}}],"line":581},"10":{"loc":{"start":{"line":630,"column":2},"end":{"line":662,"column":null}},"type":"if","locations":[{"start":{"line":630,"column":2},"end":{"line":662,"column":null}},{"start":{"line":656,"column":9},"end":{"line":662,"column":null}}],"line":630},"11":{"loc":{"start":{"line":636,"column":4},"end":{"line":654,"column":null}},"type":"if","locations":[{"start":{"line":636,"column":4},"end":{"line":654,"column":null}},{"start":{"line":641,"column":11},"end":{"line":654,"column":null}}],"line":636},"12":{"loc":{"start":{"line":668,"column":2},"end":{"line":668,"column":null}},"type":"cond-expr","locations":[{"start":{"line":668,"column":28},"end":{"line":668,"column":61}},{"start":{"line":668,"column":64},"end":{"line":668,"column":null}}],"line":668}},"s":{"0":46,"1":0,"2":19,"3":19,"4":27,"5":9,"6":20,"7":4,"8":1,"9":2,"10":2,"11":1,"12":2,"13":2,"14":1,"15":2,"16":2,"17":1,"18":2,"19":2,"20":1,"21":2,"22":2,"23":1,"24":2,"25":2,"26":1,"27":2,"28":2,"29":1,"30":2,"31":2,"32":1,"33":2,"34":2,"35":1,"36":2,"37":2,"38":2,"39":1,"40":2,"41":2,"42":1,"43":2,"44":2,"45":1,"46":2,"47":2,"48":1,"49":2,"50":2,"51":1,"52":2,"53":2,"54":1,"55":2,"56":2,"57":1,"58":2,"59":2,"60":1,"61":2,"62":2,"63":1,"64":2,"65":2,"66":1,"67":1,"68":2,"69":2,"70":1,"71":2,"72":2,"73":1,"74":2,"75":2,"76":1,"77":2,"78":2,"79":1,"80":2,"81":2,"82":2,"83":44,"84":2,"85":1,"86":1,"87":9,"88":0,"89":0,"90":0,"91":0,"92":0,"93":0,"94":0,"95":0,"96":0,"97":0,"98":0,"99":0,"100":0,"101":0,"102":0,"103":0,"104":0,"105":0,"106":0,"107":0,"108":0,"109":0,"110":0,"111":0,"112":0,"113":0,"114":46,"115":2,"116":1,"117":1,"118":1,"119":1,"120":1,"121":1,"122":1,"123":1,"124":1,"125":1,"126":2,"127":1,"128":2,"129":1,"130":1,"131":1,"132":1,"133":1,"134":1,"135":2,"136":2,"137":1,"138":44,"139":2,"140":0,"141":0,"142":0,"143":0,"144":0,"145":0,"146":0,"147":0,"148":0,"149":0,"150":0,"151":0},"f":{"0":0,"1":0,"2":20,"3":0,"4":0,"5":0,"6":0,"7":0,"8":0,"9":0,"10":0,"11":0,"12":0,"13":0,"14":0,"15":0,"16":0,"17":0,"18":0,"19":0,"20":0,"21":0,"22":0,"23":0,"24":0,"25":0,"26":0,"27":0,"28":0,"29":0,"30":0,"31":0,"32":0,"33":0,"34":0,"35":0,"36":0,"37":0,"38":0,"39":0,"40":0,"41":0,"42":0,"43":0,"44":0,"45":0,"46":0,"47":0,"48":0,"49":0,"50":0,"51":0,"52":44,"53":2,"54":0,"55":0,"56":0,"57":0,"58":0,"59":0,"60":46,"61":9,"62":4,"63":1,"64":2,"65":2,"66":2,"67":1,"68":2,"69":1,"70":2,"71":1,"72":2,"73":1,"74":2,"75":1,"76":2,"77":1,"78":2,"79":1,"80":2,"81":1,"82":2,"83":1,"84":2,"85":1,"86":2,"87":2,"88":2,"89":1,"90":2,"91":2,"92":2,"93":1,"94":2,"95":1,"96":2,"97":1,"98":2,"99":1,"100":2,"101":1,"102":2,"103":1,"104":2,"105":2,"106":2,"107":2,"108":2,"109":1,"110":2,"111":44,"112":2,"113":1,"114":9,"115":0,"116":0,"117":0,"118":0},"b":{"0":[0,0],"1":[2,2],"2":[1,0],"3":[0,1],"4":[0,0],"5":[0,0],"6":[0,0],"7":[0,0],"8":[19,27],"9":[0,1],"10":[0,0],"11":[0,0],"12":[0,0]},"meta":{"lastBranch":8,"lastFunction":60,"lastStatement":114,"seen":{"f:7:16:7:31":0,"s:8:23:8:69":0,"b:9:2:15:Infinity:undefined:undefined:undefined:undefined":0,"s:9:2:15:Infinity":1,"s:10:20:13:28":2,"s:14:4:14:Infinity":3,"s:16:2:16:Infinity":4,"f:20:16:20:31":1,"s:21:2:21:Infinity":5,"f:21:22:21:23":2,"s:21:29:21:47":6,"f:25:9:25:24":3,"s:26:2:26:Infinity":7,"f:30:9:30:34":4,"s:31:2:31:Infinity":8,"s:55:37:72:Infinity":9,"f:58:2:58:16":5,"s:59:4:59:Infinity":10,"f:61:2:61:15":6,"s:62:4:70:Infinity":11,"s:77:37:94:Infinity":12,"f:80:2:80:16":7,"s:81:4:81:Infinity":13,"f:83:2:83:15":8,"s:84:4:92:Infinity":14,"s:99:39:116:Infinity":15,"f:102:2:102:16":9,"s:103:4:103:Infinity":16,"f:105:2:105:15":10,"s:106:4:114:Infinity":17,"s:121:36:135:Infinity":18,"f:124:2:124:16":11,"s:125:4:125:Infinity":19,"f:127:2:127:15":12,"s:128:4:133:Infinity":20,"s:140:39:156:Infinity":21,"f:143:2:143:16":13,"s:144:4:144:Infinity":22,"f:146:2:146:15":14,"s:147:4:154:Infinity":23,"s:161:38:175:Infinity":24,"f:164:2:164:16":15,"s:165:4:165:Infinity":25,"f:167:2:167:15":16,"s:168:4:173:Infinity":26,"s:180:42:194:Infinity":27,"f:183:2:183:16":17,"s:184:4:184:Infinity":28,"f:186:2:186:15":18,"s:187:4:192:Infinity":29,"s:199:37:214:Infinity":30,"f:202:2:202:16":19,"s:203:4:203:Infinity":31,"f:205:2:205:15":20,"s:206:4:212:Infinity":32,"s:219:40:235:Infinity":33,"f:222:2:222:16":21,"s:223:4:223:Infinity":34,"f:225:2:225:15":22,"s:226:4:233:Infinity":35,"s:240:36:259:Infinity":36,"f:243:2:243:16":23,"s:245:6:245:65":37,"b:245:6:245:36:245:36:245:65":1,"s:248:4:248:Infinity":38,"f:250:2:250:15":24,"s:251:4:257:Infinity":39,"s:264:39:279:Infinity":40,"f:267:2:267:16":25,"s:268:4:268:Infinity":41,"f:270:2:270:15":26,"s:271:4:277:Infinity":42,"s:284:36:301:Infinity":43,"f:287:2:287:16":27,"s:288:4:288:Infinity":44,"f:290:2:290:15":28,"s:291:4:299:Infinity":45,"s:306:38:321:Infinity":46,"f:309:2:309:16":29,"s:310:4:310:Infinity":47,"f:312:2:312:15":30,"s:313:4:319:Infinity":48,"s:326:37:340:Infinity":49,"f:329:2:329:16":31,"s:330:4:330:Infinity":50,"f:332:2:332:15":32,"s:333:4:338:Infinity":51,"s:345:44:359:Infinity":52,"f:348:2:348:16":33,"s:349:4:349:Infinity":53,"f:351:2:351:15":34,"s:352:4:357:Infinity":54,"s:364:36:381:Infinity":55,"f:367:2:367:16":35,"s:368:4:368:Infinity":56,"f:370:2:370:15":36,"s:371:4:379:Infinity":57,"s:386:39:396:Infinity":58,"f:389:2:389:16":37,"s:390:4:390:Infinity":59,"f:392:2:392:15":38,"s:393:4:394:Infinity":60,"s:401:35:415:Infinity":61,"f:404:2:404:16":39,"s:405:4:405:Infinity":62,"f:407:2:407:15":40,"s:408:4:413:Infinity":63,"s:420:39:435:Infinity":64,"f:423:2:423:16":41,"s:424:4:424:Infinity":65,"f:426:2:426:15":42,"s:427:24:427:60":66,"s:428:4:433:Infinity":67,"s:440:33:454:Infinity":68,"f:443:2:443:16":43,"s:444:4:444:Infinity":69,"f:446:2:446:15":44,"s:447:4:452:Infinity":70,"s:459:36:476:Infinity":71,"f:462:2:462:16":45,"s:463:4:463:Infinity":72,"f:465:2:465:15":46,"s:466:4:474:Infinity":73,"s:481:35:495:Infinity":74,"f:484:2:484:16":47,"s:485:4:485:Infinity":75,"f:487:2:487:15":48,"s:488:4:493:Infinity":76,"s:500:38:514:Infinity":77,"f:503:2:503:16":49,"s:504:4:504:Infinity":78,"f:506:2:506:15":50,"s:507:4:512:Infinity":79,"s:518:38:542:Infinity":80,"f:545:16:545:29":51,"s:546:49:569:Infinity":81,"s:571:2:573:Infinity":82,"f:572:12:572:13":52,"s:572:22:572:57":83,"f:573:9:573:10":53,"s:573:26:573:33":84,"f:579:16:579:27":54,"s:580:20:580:79":85,"b:580:20:580:50:580:50:580:79":2,"s:581:2:581:Infinity":86,"b:581:33:581:45:581:48:581:52":3,"f:587:16:587:32":55,"s:588:2:595:Infinity":87,"f:599:16:599:36":56,"s:604:15:604:37":88,"s:606:2:612:Infinity":89,"s:607:20:607:51":90,"s:608:17:608:53":91,"s:609:4:609:Infinity":92,"s:610:4:610:Infinity":93,"s:611:4:611:Infinity":94,"f:616:16:616:28":57,"s:617:16:617:73":95,"s:618:2:618:Infinity":96,"s:619:2:619:Infinity":97,"s:620:2:620:Infinity":98,"f:624:16:624:38":58,"s:628:12:628:45":99,"s:629:14:629:33":100,"b:630:2:663:Infinity:656:9:663:Infinity":4,"s:630:2:663:Infinity":101,"s:632:18:632:48":102,"s:633:24:633:49":103,"s:634:22:634:45":104,"b:636:4:655:Infinity:641:11:655:Infinity":5,"s:636:4:655:Infinity":105,"b:636:8:636:38:636:42:636:70":6,"s:638:6:640:Infinity":106,"s:643:8:650:12":107,"s:651:6:651:Infinity":108,"s:652:6:654:Infinity":109,"s:658:20:658:78":110,"s:659:4:659:Infinity":111,"s:660:4:662:Infinity":112,"f:667:16:667:37":59,"s:668:2:668:Infinity":113,"b:668:30:668:61:668:64:668:66":7}}}
,"/Users/wxhou/Documents/openspec-playwright/src/commands/init.ts": {"path":"/Users/wxhou/Documents/openspec-playwright/src/commands/init.ts","statementMap":{"0":{"start":{"line":19,"column":18},"end":{"line":19,"column":79}},"1":{"start":{"line":20,"column":16},"end":{"line":20,"column":75}},"2":{"start":{"line":21,"column":15},"end":{"line":22,"column":null}},"3":{"start":{"line":24,"column":18},"end":{"line":25,"column":null}},"4":{"start":{"line":27,"column":28},"end":{"line":28,"column":null}},"5":{"start":{"line":38,"column":2},"end":{"line":38,"column":null}},"6":{"start":{"line":40,"column":22},"end":{"line":40,"column":35}},"7":{"start":{"line":43,"column":2},"end":{"line":43,"column":null}},"8":{"start":{"line":45,"column":18},"end":{"line":45,"column":60}},"9":{"start":{"line":46,"column":17},"end":{"line":46,"column":54}},"10":{"start":{"line":47,"column":2},"end":{"line":51,"column":null}},"11":{"start":{"line":53,"column":2},"end":{"line":56,"column":null}},"12":{"start":{"line":54,"column":4},"end":{"line":54,"column":null}},"13":{"start":{"line":55,"column":4},"end":{"line":55,"column":null}},"14":{"start":{"line":57,"column":2},"end":{"line":57,"column":null}},"15":{"start":{"line":60,"column":2},"end":{"line":70,"column":null}},"16":{"start":{"line":61,"column":4},"end":{"line":63,"column":null}},"17":{"start":{"line":64,"column":4},"end":{"line":64,"column":null}},"18":{"start":{"line":65,"column":4},"end":{"line":65,"column":null}},"19":{"start":{"line":66,"column":4},"end":{"line":66,"column":null}},"20":{"start":{"line":67,"column":4},"end":{"line":67,"column":null}},"21":{"start":{"line":68,"column":4},"end":{"line":68,"column":null}},"22":{"start":{"line":69,"column":4},"end":{"line":69,"column":null}},"23":{"start":{"line":71,"column":2},"end":{"line":71,"column":null}},"24":{"start":{"line":74,"column":2},"end":{"line":109,"column":null}},"25":{"start":{"line":75,"column":4},"end":{"line":75,"column":null}},"26":{"start":{"line":78,"column":24},"end":{"line":78,"column":58}},"27":{"start":{"line":79,"column":20},"end":{"line":81,"column":10}},"28":{"start":{"line":82,"column":22},"end":{"line":82,"column":50}},"29":{"start":{"line":83,"column":21},"end":{"line":83,"column":74}},"30":{"start":{"line":85,"column":4},"end":{"line":108,"column":null}},"31":{"start":{"line":86,"column":6},"end":{"line":86,"column":null}},"32":{"start":{"line":88,"column":6},"end":{"line":107,"column":null}},"33":{"start":{"line":89,"column":8},"end":{"line":92,"column":null}},"34":{"start":{"line":93,"column":8},"end":{"line":93,"column":null}},"35":{"start":{"line":94,"column":8},"end":{"line":94,"column":null}},"36":{"start":{"line":96,"column":8},"end":{"line":98,"column":null}},"37":{"start":{"line":99,"column":8},"end":{"line":103,"column":null}},"38":{"start":{"line":104,"column":8},"end":{"line":106,"column":null}},"39":{"start":{"line":112,"column":2},"end":{"line":112,"column":null}},"40":{"start":{"line":113,"column":16},"end":{"line":113,"column":45}},"41":{"start":{"line":114,"column":13},"end":{"line":114,"column":29}},"42":{"start":{"line":115,"column":19},"end":{"line":115,"column":58}},"43":{"start":{"line":116,"column":2},"end":{"line":122,"column":null}},"44":{"start":{"line":117,"column":17},"end":{"line":117,"column":54}},"45":{"start":{"line":118,"column":4},"end":{"line":118,"column":null}},"46":{"start":{"line":120,"column":17},"end":{"line":120,"column":54}},"47":{"start":{"line":121,"column":4},"end":{"line":121,"column":null}},"48":{"start":{"line":125,"column":2},"end":{"line":128,"column":null}},"49":{"start":{"line":126,"column":25},"end":{"line":126,"column":59}},"50":{"start":{"line":127,"column":4},"end":{"line":127,"column":null}},"51":{"start":{"line":131,"column":2},"end":{"line":144,"column":null}},"52":{"start":{"line":132,"column":4},"end":{"line":132,"column":null}},"53":{"start":{"line":133,"column":19},"end":{"line":138,"column":null}},"54":{"start":{"line":140,"column":4},"end":{"line":140,"column":null}},"55":{"start":{"line":142,"column":4},"end":{"line":142,"column":null}},"56":{"start":{"line":143,"column":4},"end":{"line":143,"column":null}},"57":{"start":{"line":147,"column":2},"end":{"line":147,"column":null}},"58":{"start":{"line":148,"column":2},"end":{"line":148,"column":null}},"59":{"start":{"line":151,"column":2},"end":{"line":154,"column":null}},"60":{"start":{"line":152,"column":4},"end":{"line":152,"column":null}},"61":{"start":{"line":153,"column":4},"end":{"line":153,"column":null}},"62":{"start":{"line":157,"column":2},"end":{"line":157,"column":null}},"63":{"start":{"line":158,"column":2},"end":{"line":158,"column":null}},"64":{"start":{"line":161,"column":2},"end":{"line":161,"column":null}},"65":{"start":{"line":162,"column":17},"end":{"line":162,"column":65}},"66":{"start":{"line":163,"column":2},"end":{"line":165,"column":null}},"67":{"start":{"line":164,"column":4},"end":{"line":164,"column":null}},"68":{"start":{"line":168,"column":2},"end":{"line":168,"column":null}},"69":{"start":{"line":169,"column":2},"end":{"line":169,"column":null}},"70":{"start":{"line":171,"column":2},"end":{"line":171,"column":null}},"71":{"start":{"line":172,"column":2},"end":{"line":176,"column":null}},"72":{"start":{"line":177,"column":2},"end":{"line":181,"column":null}},"73":{"start":{"line":182,"column":2},"end":{"line":186,"column":null}},"74":{"start":{"line":187,"column":2},"end":{"line":189,"column":null}},"75":{"start":{"line":190,"column":17},"end":{"line":190,"column":60}},"76":{"start":{"line":191,"column":2},"end":{"line":195,"column":null}},"77":{"start":{"line":192,"column":4},"end":{"line":194,"column":null}},"78":{"start":{"line":196,"column":2},"end":{"line":200,"column":null}},"79":{"start":{"line":201,"column":2},"end":{"line":205,"column":null}},"80":{"start":{"line":207,"column":2},"end":{"line":207,"column":null}},"81":{"start":{"line":208,"column":2},"end":{"line":210,"column":null}},"82":{"start":{"line":211,"column":2},"end":{"line":211,"column":null}},"83":{"start":{"line":212,"column":2},"end":{"line":212,"column":null}},"84":{"start":{"line":216,"column":16},"end":{"line":216,"column":59}},"85":{"start":{"line":217,"column":2},"end":{"line":217,"column":null}},"86":{"start":{"line":219,"column":16},"end":{"line":219,"column":49}},"87":{"start":{"line":220,"column":2},"end":{"line":226,"column":null}},"88":{"start":{"line":221,"column":4},"end":{"line":221,"column":null}},"89":{"start":{"line":223,"column":24},"end":{"line":223,"column":79}},"90":{"start":{"line":224,"column":4},"end":{"line":224,"column":null}},"91":{"start":{"line":225,"column":4},"end":{"line":225,"column":null}},"92":{"start":{"line":229,"column":21},"end":{"line":229,"column":55}},"93":{"start":{"line":230,"column":2},"end":{"line":239,"column":null}},"94":{"start":{"line":231,"column":4},"end":{"line":231,"column":null}},"95":{"start":{"line":233,"column":24},"end":{"line":235,"column":null}},"96":{"start":{"line":237,"column":4},"end":{"line":237,"column":null}},"97":{"start":{"line":238,"column":4},"end":{"line":238,"column":null}},"98":{"start":{"line":242,"column":17},"end":{"line":242,"column":54}},"99":{"start":{"line":243,"column":2},"end":{"line":254,"column":null}},"100":{"start":{"line":244,"column":4},"end":{"line":244,"column":null}},"101":{"start":{"line":246,"column":25},"end":{"line":248,"column":null}},"102":{"start":{"line":250,"column":4},"end":{"line":250,"column":null}},"103":{"start":{"line":251,"column":4},"end":{"line":253,"column":null}},"104":{"start":{"line":256,"column":2},"end":{"line":258,"column":null}},"105":{"start":{"line":262,"column":11},"end":{"line":266,"column":null}},"106":{"start":{"line":268,"column":12},"end":{"line":268,"column":75}},"107":{"start":{"line":270,"column":2},"end":{"line":273,"column":null}},"108":{"start":{"line":271,"column":4},"end":{"line":271,"column":null}},"109":{"start":{"line":272,"column":4},"end":{"line":272,"column":null}},"110":{"start":{"line":275,"column":2},"end":{"line":280,"column":null}},"111":{"start":{"line":276,"column":4},"end":{"line":276,"column":null}},"112":{"start":{"line":277,"column":4},"end":{"line":279,"column":null}},"113":{"start":{"line":284,"column":20},"end":{"line":284,"column":50}},"114":{"start":{"line":285,"column":18},"end":{"line":285,"column":79}},"115":{"start":{"line":286,"column":22},"end":{"line":286,"column":37}},"116":{"start":{"line":288,"column":2},"end":{"line":288,"column":null}},"117":{"start":{"line":289,"column":2},"end":{"line":295,"column":null}},"118":{"start":{"line":290,"column":13},"end":{"line":290,"column":37}},"119":{"start":{"line":291,"column":14},"end":{"line":291,"column":39}},"120":{"start":{"line":292,"column":4},"end":{"line":294,"column":null}},"121":{"start":{"line":293,"column":6},"end":{"line":293,"column":null}},"122":{"start":{"line":298,"column":20},"end":{"line":298,"column":51}},"123":{"start":{"line":299,"column":21},"end":{"line":299,"column":53}},"124":{"start":{"line":300,"column":2},"end":{"line":300,"column":null}},"125":{"start":{"line":301,"column":24},"end":{"line":307,"column":null}},"126":{"start":{"line":308,"column":2},"end":{"line":314,"column":null}},"127":{"start":{"line":309,"column":13},"end":{"line":309,"column":40}},"128":{"start":{"line":310,"column":14},"end":{"line":310,"column":42}},"129":{"start":{"line":311,"column":4},"end":{"line":313,"column":null}},"130":{"start":{"line":312,"column":6},"end":{"line":312,"column":null}},"131":{"start":{"line":316,"column":2},"end":{"line":318,"column":null}},"132":{"start":{"line":322,"column":2},"end":{"line":329,"column":null}},"133":{"start":{"line":323,"column":4},"end":{"line":323,"column":null}},"134":{"start":{"line":324,"column":4},"end":{"line":324,"column":null}},"135":{"start":{"line":324,"column":17},"end":{"line":324,"column":null}},"136":{"start":{"line":325,"column":4},"end":{"line":325,"column":null}},"137":{"start":{"line":327,"column":4},"end":{"line":327,"column":null}},"138":{"start":{"line":327,"column":17},"end":{"line":327,"column":null}},"139":{"start":{"line":328,"column":4},"end":{"line":328,"column":null}}},"fnMap":{"0":{"name":"init","decl":{"start":{"line":37,"column":22},"end":{"line":37,"column":26}},"loc":{"start":{"line":37,"column":47},"end":{"line":213,"column":null}},"line":37},"1":{"name":"generateSeedTest","decl":{"start":{"line":215,"column":15},"end":{"line":215,"column":31}},"loc":{"start":{"line":215,"column":51},"end":{"line":259,"column":null}},"line":215},"2":{"name":"generateAppKnowledge","decl":{"start":{"line":261,"column":15},"end":{"line":261,"column":35}},"loc":{"start":{"line":261,"column":55},"end":{"line":281,"column":null}},"line":261},"3":{"name":"installSchema","decl":{"start":{"line":283,"column":15},"end":{"line":283,"column":28}},"loc":{"start":{"line":283,"column":48},"end":{"line":319,"column":null}},"line":283},"4":{"name":"execCmd","decl":{"start":{"line":321,"column":9},"end":{"line":321,"column":16}},"loc":{"start":{"line":321,"column":58},"end":{"line":330,"column":null}},"line":321}},"branchMap":{"0":{"loc":{"start":{"line":53,"column":2},"end":{"line":56,"column":null}},"type":"if","locations":[{"start":{"line":53,"column":2},"end":{"line":56,"column":null}},{"start":{},"end":{}}],"line":53},"1":{"loc":{"start":{"line":53,"column":6},"end":{"line":53,"column":25}},"type":"binary-expr","locations":[{"start":{"line":53,"column":6},"end":{"line":53,"column":14}},{"start":{"line":53,"column":18},"end":{"line":53,"column":25}}],"line":53},"2":{"loc":{"start":{"line":60,"column":2},"end":{"line":70,"column":null}},"type":"if","locations":[{"start":{"line":60,"column":2},"end":{"line":70,"column":null}},{"start":{},"end":{}}],"line":60},"3":{"loc":{"start":{"line":74,"column":2},"end":{"line":109,"column":null}},"type":"if","locations":[{"start":{"line":74,"column":2},"end":{"line":109,"column":null}},{"start":{},"end":{}}],"line":74},"4":{"loc":{"start":{"line":79,"column":20},"end":{"line":81,"column":10}},"type":"cond-expr","locations":[{"start":{"line":80,"column":8},"end":{"line":80,"column":null}},{"start":{"line":81,"column":8},"end":{"line":81,"column":10}}],"line":79},"5":{"loc":{"start":{"line":82,"column":22},"end":{"line":82,"column":50}},"type":"binary-expr","locations":[{"start":{"line":82,"column":22},"end":{"line":82,"column":44}},{"start":{"line":82,"column":48},"end":{"line":82,"column":50}}],"line":82},"6":{"loc":{"start":{"line":83,"column":21},"end":{"line":83,"column":74}},"type":"binary-expr","locations":[{"start":{"line":83,"column":21},"end":{"line":83,"column":68}},{"start":{"line":83,"column":72},"end":{"line":83,"column":74}}],"line":83},"7":{"loc":{"start":{"line":85,"column":4},"end":{"line":108,"column":null}},"type":"if","locations":[{"start":{"line":85,"column":4},"end":{"line":108,"column":null}},{"start":{"line":87,"column":11},"end":{"line":108,"column":null}}],"line":85},"8":{"loc":{"start":{"line":85,"column":8},"end":{"line":85,"column":57}},"type":"binary-expr","locations":[{"start":{"line":85,"column":8},"end":{"line":85,"column":31}},{"start":{"line":85,"column":35},"end":{"line":85,"column":57}}],"line":85},"9":{"loc":{"start":{"line":115,"column":19},"end":{"line":115,"column":58}},"type":"cond-expr","locations":[{"start":{"line":115,"column":27},"end":{"line":115,"column":47}},{"start":{"line":115,"column":50},"end":{"line":115,"column":58}}],"line":115},"10":{"loc":{"start":{"line":116,"column":2},"end":{"line":122,"column":null}},"type":"if","locations":[{"start":{"line":116,"column":2},"end":{"line":122,"column":null}},{"start":{"line":119,"column":9},"end":{"line":122,"column":null}}],"line":116},"11":{"loc":{"start":{"line":125,"column":2},"end":{"line":128,"column":null}},"type":"if","locations":[{"start":{"line":125,"column":2},"end":{"line":128,"column":null}},{"start":{},"end":{}}],"line":125},"12":{"loc":{"start":{"line":131,"column":2},"end":{"line":144,"column":null}},"type":"if","locations":[{"start":{"line":131,"column":2},"end":{"line":144,"column":null}},{"start":{"line":141,"column":9},"end":{"line":144,"column":null}}],"line":131},"13":{"loc":{"start":{"line":151,"column":2},"end":{"line":154,"column":null}},"type":"if","locations":[{"start":{"line":151,"column":2},"end":{"line":154,"column":null}},{"start":{},"end":{}}],"line":151},"14":{"loc":{"start":{"line":163,"column":2},"end":{"line":165,"column":null}},"type":"if","locations":[{"start":{"line":163,"column":2},"end":{"line":165,"column":null}},{"start":{},"end":{}}],"line":163},"15":{"loc":{"start":{"line":191,"column":2},"end":{"line":195,"column":null}},"type":"if","locations":[{"start":{"line":191,"column":2},"end":{"line":195,"column":null}},{"start":{},"end":{}}],"line":191},"16":{"loc":{"start":{"line":198,"column":11},"end":{"line":198,"column":34}},"type":"cond-expr","locations":[{"start":{"line":198,"column":23},"end":{"line":198,"column":27}},{"start":{"line":198,"column":30},"end":{"line":198,"column":34}}],"line":198},"17":{"loc":{"start":{"line":203,"column":11},"end":{"line":203,"column":34}},"type":"cond-expr","locations":[{"start":{"line":203,"column":23},"end":{"line":203,"column":27}},{"start":{"line":203,"column":30},"end":{"line":203,"column":34}}],"line":203},"18":{"loc":{"start":{"line":220,"column":2},"end":{"line":226,"column":null}},"type":"if","locations":[{"start":{"line":220,"column":2},"end":{"line":226,"column":null}},{"start":{"line":222,"column":9},"end":{"line":226,"column":null}}],"line":220},"19":{"loc":{"start":{"line":230,"column":2},"end":{"line":239,"column":null}},"type":"if","locations":[{"start":{"line":230,"column":2},"end":{"line":239,"column":null}},{"start":{"line":232,"column":9},"end":{"line":239,"column":null}}],"line":230},"20":{"loc":{"start":{"line":243,"column":2},"end":{"line":254,"column":null}},"type":"if","locations":[{"start":{"line":243,"column":2},"end":{"line":254,"column":null}},{"start":{"line":245,"column":9},"end":{"line":254,"column":null}}],"line":243},"21":{"loc":{"start":{"line":270,"column":2},"end":{"line":273,"column":null}},"type":"if","locations":[{"start":{"line":270,"column":2},"end":{"line":273,"column":null}},{"start":{},"end":{}}],"line":270},"22":{"loc":{"start":{"line":275,"column":2},"end":{"line":280,"column":null}},"type":"if","locations":[{"start":{"line":275,"column":2},"end":{"line":280,"column":null}},{"start":{},"end":{}}],"line":275},"23":{"loc":{"start":{"line":292,"column":4},"end":{"line":294,"column":null}},"type":"if","locations":[{"start":{"line":292,"column":4},"end":{"line":294,"column":null}},{"start":{},"end":{}}],"line":292},"24":{"loc":{"start":{"line":311,"column":4},"end":{"line":313,"column":null}},"type":"if","locations":[{"start":{"line":311,"column":4},"end":{"line":313,"column":null}},{"start":{},"end":{}}],"line":311},"25":{"loc":{"start":{"line":321,"column":44},"end":{"line":321,"column":58}},"type":"default-arg","locations":[{"start":{"line":321,"column":53},"end":{"line":321,"column":58}}],"line":321},"26":{"loc":{"start":{"line":324,"column":4},"end":{"line":324,"column":null}},"type":"if","locations":[{"start":{"line":324,"column":4},"end":{"line":324,"column":null}},{"start":{},"end":{}}],"line":324},"27":{"loc":{"start":{"line":327,"column":4},"end":{"line":327,"column":null}},"type":"if","locations":[{"start":{"line":327,"column":4},"end":{"line":327,"column":null}},{"start":{},"end":{}}],"line":327}},"s":{"0":1,"1":1,"2":1,"3":1,"4":1,"5":0,"6":0,"7":0,"8":0,"9":0,"10":0,"11":0,"12":0,"13":0,"14":0,"15":0,"16":0,"17":0,"18":0,"19":0,"20":0,"21":0,"22":0,"23":0,"24":0,"25":0,"26":0,"27":0,"28":0,"29":0,"30":0,"31":0,"32":0,"33":0,"34":0,"35":0,"36":0,"37":0,"38":0,"39":0,"40":0,"41":0,"42":0,"43":0,"44":0,"45":0,"46":0,"47":0,"48":0,"49":0,"50":0,"51":0,"52":0,"53":0,"54":0,"55":0,"56":0,"57":0,"58":0,"59":0,"60":0,"61":0,"62":0,"63":0,"64":0,"65":0,"66":0,"67":0,"68":0,"69":0,"70":0,"71":0,"72":0,"73":0,"74":0,"75":0,"76":0,"77":0,"78":0,"79":0,"80":0,"81":0,"82":0,"83":0,"84":0,"85":0,"86":0,"87":0,"88":0,"89":0,"90":0,"91":0,"92":0,"93":0,"94":0,"95":0,"96":0,"97":0,"98":0,"99":0,"100":0,"101":0,"102":0,"103":0,"104":0,"105":0,"106":0,"107":0,"108":0,"109":0,"110":0,"111":0,"112":0,"113":0,"114":0,"115":0,"116":0,"117":0,"118":0,"119":0,"120":0,"121":0,"122":0,"123":0,"124":0,"125":0,"126":0,"127":0,"128":0,"129":0,"130":0,"131":0,"132":0,"133":0,"134":0,"135":0,"136":0,"137":0,"138":0,"139":0},"f":{"0":0,"1":0,"2":0,"3":0,"4":0},"b":{"0":[0,0],"1":[0,0],"2":[0,0],"3":[0,0],"4":[0,0],"5":[0,0],"6":[0,0],"7":[0,0],"8":[0,0],"9":[0,0],"10":[0,0],"11":[0,0],"12":[0,0],"13":[0,0],"14":[0,0],"15":[0,0],"16":[0,0],"17":[0,0],"18":[0,0],"19":[0,0],"20":[0,0],"21":[0,0],"22":[0,0],"23":[0,0],"24":[0,0],"25":[0],"26":[0,0],"27":[0,0]},"meta":{"lastBranch":28,"lastFunction":5,"lastStatement":140,"seen":{"s:19:18:19:79":0,"s:20:16:20:75":1,"s:21:15:22:Infinity":2,"s:24:18:25:Infinity":3,"s:27:28:28:Infinity":4,"f:37:22:37:26":0,"s:38:2:38:Infinity":5,"s:40:22:40:35":6,"s:43:2:43:Infinity":7,"s:45:18:45:60":8,"s:46:17:46:54":9,"s:47:2:51:Infinity":10,"b:53:2:56:Infinity:undefined:undefined:undefined:undefined":0,"s:53:2:56:Infinity":11,"b:53:6:53:14:53:18:53:25":1,"s:54:4:54:Infinity":12,"s:55:4:55:Infinity":13,"s:57:2:57:Infinity":14,"b:60:2:70:Infinity:undefined:undefined:undefined:undefined":2,"s:60:2:70:Infinity":15,"s:61:4:63:Infinity":16,"s:64:4:64:Infinity":17,"s:65:4:65:Infinity":18,"s:66:4:66:Infinity":19,"s:67:4:67:Infinity":20,"s:68:4:68:Infinity":21,"s:69:4:69:Infinity":22,"s:71:2:71:Infinity":23,"b:74:2:109:Infinity:undefined:undefined:undefined:undefined":3,"s:74:2:109:Infinity":24,"s:75:4:75:Infinity":25,"s:78:24:78:58":26,"s:79:20:81:10":27,"b:80:8:80:Infinity:81:8:81:10":4,"s:82:22:82:50":28,"b:82:22:82:44:82:48:82:50":5,"s:83:21:83:74":29,"b:83:21:83:68:83:72:83:74":6,"b:85:4:108:Infinity:87:11:108:Infinity":7,"s:85:4:108:Infinity":30,"b:85:8:85:31:85:35:85:57":8,"s:86:6:86:Infinity":31,"s:88:6:107:Infinity":32,"s:89:8:92:Infinity":33,"s:93:8:93:Infinity":34,"s:94:8:94:Infinity":35,"s:96:8:98:Infinity":36,"s:99:8:103:Infinity":37,"s:104:8:106:Infinity":38,"s:112:2:112:Infinity":39,"s:113:16:113:45":40,"s:114:13:114:29":41,"s:115:19:115:58":42,"b:115:27:115:47:115:50:115:58":9,"b:116:2:122:Infinity:119:9:122:Infinity":10,"s:116:2:122:Infinity":43,"s:117:17:117:54":44,"s:118:4:118:Infinity":45,"s:120:17:120:54":46,"s:121:4:121:Infinity":47,"b:125:2:128:Infinity:undefined:undefined:undefined:undefined":11,"s:125:2:128:Infinity":48,"s:126:25:126:59":49,"s:127:4:127:Infinity":50,"b:131:2:144:Infinity:141:9:144:Infinity":12,"s:131:2:144:Infinity":51,"s:132:4:132:Infinity":52,"s:133:19:138:Infinity":53,"s:140:4:140:Infinity":54,"s:142:4:142:Infinity":55,"s:143:4:143:Infinity":56,"s:147:2:147:Infinity":57,"s:148:2:148:Infinity":58,"b:151:2:154:Infinity:undefined:undefined:undefined:undefined":13,"s:151:2:154:Infinity":59,"s:152:4:152:Infinity":60,"s:153:4:153:Infinity":61,"s:157:2:157:Infinity":62,"s:158:2:158:Infinity":63,"s:161:2:161:Infinity":64,"s:162:17:162:65":65,"b:163:2:165:Infinity:undefined:undefined:undefined:undefined":14,"s:163:2:165:Infinity":66,"s:164:4:164:Infinity":67,"s:168:2:168:Infinity":68,"s:169:2:169:Infinity":69,"s:171:2:171:Infinity":70,"s:172:2:176:Infinity":71,"s:177:2:181:Infinity":72,"s:182:2:186:Infinity":73,"s:187:2:189:Infinity":74,"s:190:17:190:60":75,"b:191:2:195:Infinity:undefined:undefined:undefined:undefined":15,"s:191:2:195:Infinity":76,"s:192:4:194:Infinity":77,"s:196:2:200:Infinity":78,"b:198:23:198:27:198:30:198:34":16,"s:201:2:205:Infinity":79,"b:203:23:203:27:203:30:203:34":17,"s:207:2:207:Infinity":80,"s:208:2:210:Infinity":81,"s:211:2:211:Infinity":82,"s:212:2:212:Infinity":83,"f:215:15:215:31":1,"s:216:16:216:59":84,"s:217:2:217:Infinity":85,"s:219:16:219:49":86,"b:220:2:226:Infinity:222:9:226:Infinity":18,"s:220:2:226:Infinity":87,"s:221:4:221:Infinity":88,"s:223:24:223:79":89,"s:224:4:224:Infinity":90,"s:225:4:225:Infinity":91,"s:229:21:229:55":92,"b:230:2:239:Infinity:232:9:239:Infinity":19,"s:230:2:239:Infinity":93,"s:231:4:231:Infinity":94,"s:233:24:235:Infinity":95,"s:237:4:237:Infinity":96,"s:238:4:238:Infinity":97,"s:242:17:242:54":98,"b:243:2:254:Infinity:245:9:254:Infinity":20,"s:243:2:254:Infinity":99,"s:244:4:244:Infinity":100,"s:246:25:248:Infinity":101,"s:250:4:250:Infinity":102,"s:251:4:253:Infinity":103,"s:256:2:258:Infinity":104,"f:261:15:261:35":2,"s:262:11:266:Infinity":105,"s:268:12:268:75":106,"b:270:2:273:Infinity:undefined:undefined:undefined:undefined":21,"s:270:2:273:Infinity":107,"s:271:4:271:Infinity":108,"s:272:4:272:Infinity":109,"b:275:2:280:Infinity:undefined:undefined:undefined:undefined":22,"s:275:2:280:Infinity":110,"s:276:4:276:Infinity":111,"s:277:4:279:Infinity":112,"f:283:15:283:28":3,"s:284:20:284:50":113,"s:285:18:285:79":114,"s:286:22:286:37":115,"s:288:2:288:Infinity":116,"s:289:2:295:Infinity":117,"s:290:13:290:37":118,"s:291:14:291:39":119,"b:292:4:294:Infinity:undefined:undefined:undefined:undefined":23,"s:292:4:294:Infinity":120,"s:293:6:293:Infinity":121,"s:298:20:298:51":122,"s:299:21:299:53":123,"s:300:2:300:Infinity":124,"s:301:24:307:Infinity":125,"s:308:2:314:Infinity":126,"s:309:13:309:40":127,"s:310:14:310:42":128,"b:311:4:313:Infinity:undefined:undefined:undefined:undefined":24,"s:311:4:313:Infinity":129,"s:312:6:312:Infinity":130,"s:316:2:318:Infinity":131,"f:321:9:321:16":4,"b:321:53:321:58":25,"s:322:2:329:Infinity":132,"s:323:4:323:Infinity":133,"b:324:4:324:Infinity:undefined:undefined:undefined:undefined":26,"s:324:4:324:Infinity":134,"s:324:17:324:Infinity":135,"s:325:4:325:Infinity":136,"b:327:4:327:Infinity:undefined:undefined:undefined:undefined":27,"s:327:4:327:Infinity":137,"s:327:17:327:Infinity":138,"s:328:4:328:Infinity":139}}}
[...]
,"/Users/wxhou/Documents/openspec-playwright/src/commands/update.ts": {"path":"/Users/wxhou/Documents/openspec-playwright/src/commands/update.ts","statementMap":{"0":{"start":{"line":31,"column":2},"end":{"line":31,"column":null}},"1":{"start":{"line":33,"column":22},"end":{"line":33,"column":35}},"2":{"start":{"line":36,"column":16},"end":{"line":37,"column":null}},"3":{"start":{"line":39,"column":19},"end":{"line":39,"column":63}},"4":{"start":{"line":40,"column":2},"end":{"line":46,"column":null}},"5":{"start":{"line":41,"column":4},"end":{"line":41,"column":null}},"6":{"start":{"line":42,"column":4},"end":{"line":44,"column":null}},"7":{"start":{"line":45,"column":4},"end":{"line":45,"column":null}},"8":{"start":{"line":49,"column":2},"end":{"line":63,"column":null}},"9":{"start":{"line":50,"column":4},"end":{"line":50,"column":null}},"10":{"start":{"line":51,"column":4},"end":{"line":62,"column":null}},"11":{"start":{"line":52,"column":6},"end":{"line":55,"column":null}},"12":{"start":{"line":56,"column":6},"end":{"line":56,"column":null}},"13":{"start":{"line":58,"column":6},"end":{"line":58,"column":null}},"14":{"start":{"line":59,"column":6},"end":{"line":61,"column":null}},"15":{"start":{"line":66,"column":2},"end":{"line":143,"column":null}},"16":{"start":{"line":67,"column":4},"end":{"line":67,"column":null}},"17":{"start":{"line":68,"column":4},"end":{"line":142,"column":null}},"18":{"start":{"line":69,"column":18},"end":{"line":69,"column":58}},"19":{"start":{"line":70,"column":6},"end":{"line":70,"column":null}},"20":{"start":{"line":71,"column":6},"end":{"line":71,"column":null}},"21":{"start":{"line":73,"column":21},"end":{"line":73,"column":39}},"22":{"start":{"line":74,"column":6},"end":{"line":77,"column":null}},"23":{"start":{"line":80,"column":20},"end":{"line":85,"column":42}},"24":{"start":{"line":82,"column":17},"end":{"line":82,"column":75}},"25":{"start":{"line":84,"column":21},"end":{"line":84,"column":74}},"26":{"start":{"line":85,"column":24},"end":{"line":85,"column":41}},"27":{"start":{"line":86,"column":6},"end":{"line":86,"column":null}},"28":{"start":{"line":86,"column":33},"end":{"line":86,"column":null}},"29":{"start":{"line":87,"column":23},"end":{"line":87,"column":56}},"30":{"start":{"line":90,"column":6},"end":{"line":90,"column":null}},"31":{"start":{"line":92,"column":19},"end":{"line":97,"column":null}},"32":{"start":{"line":99,"column":21},"end":{"line":99,"column":65}},"33":{"start":{"line":102,"column":20},"end":{"line":102,"column":49}},"34":{"start":{"line":103,"column":17},"end":{"line":103,"column":33}},"35":{"start":{"line":104,"column":23},"end":{"line":104,"column":62}},"36":{"start":{"line":105,"column":6},"end":{"line":108,"column":null}},"37":{"start":{"line":106,"column":18},"end":{"line":106,"column":51}},"38":{"start":{"line":107,"column":8},"end":{"line":107,"column":null}},"39":{"start":{"line":111,"column":20},"end":{"line":116,"column":null}},"40":{"start":{"line":118,"column":6},"end":{"line":121,"column":null}},"41":{"start":{"line":119,"column":26},"end":{"line":119,"column":60}},"42":{"start":{"line":120,"column":8},"end":{"line":120,"column":null}},"43":{"start":{"line":124,"column":6},"end":{"line":124,"column":null}},"44":{"start":{"line":126,"column":6},"end":{"line":126,"column":null}},"45":{"start":{"line":127,"column":6},"end":{"line":127,"column":null}},"46":{"start":{"line":129,"column":18},"end":{"line":129,"column":66}},"47":{"start":{"line":130,"column":6},"end":{"line":130,"column":null}},"48":{"start":{"line":131,"column":6},"end":{"line":131,"column":null}},"49":{"start":{"line":132,"column":6},"end":{"line":141,"column":null}},"50":{"start":{"line":133,"column":8},"end":{"line":136,"column":null}},"51":{"start":{"line":137,"column":8},"end":{"line":137,"column":null}},"52":{"start":{"line":139,"column":8},"end":{"line":139,"column":null}},"53":{"start":{"line":140,"column":8},"end":{"line":140,"column":null}},"54":{"start":{"line":146,"column":2},"end":{"line":177,"column":null}},"55":{"start":{"line":147,"column":4},"end":{"line":147,"column":null}},"56":{"start":{"line":148,"column":24},"end":{"line":148,"column":58}},"57":{"start":{"line":149,"column":20},"end":{"line":151,"column":10}},"58":{"start":{"line":152,"column":22},"end":{"line":152,"column":50}},"59":{"start":{"line":153,"column":21},"end":{"line":153,"column":74}},"60":{"start":{"line":155,"column":4},"end":{"line":176,"column":null}},"61":{"start":{"line":156,"column":6},"end":{"line":156,"column":null}},"62":{"start":{"line":158,"column":6},"end":{"line":175,"column":null}},"63":{"start":{"line":159,"column":8},"end":{"line":162,"column":null}},"64":{"start":{"line":163,"column":8},"end":{"line":163,"column":null}},"65":{"start":{"line":164,"column":8},"end":{"line":164,"column":null}},"66":{"start":{"line":166,"column":8},"end":{"line":166,"column":null}},"67":{"start":{"line":167,"column":8},"end":{"line":171,"column":null}},"68":{"start":{"line":172,"column":8},"end":{"line":174,"column":null}},"69":{"start":{"line":180,"column":2},"end":{"line":194,"column":null}},"70":{"start":{"line":185,"column":4},"end":{"line":185,"column":null}},"71":{"start":{"line":186,"column":19},"end":{"line":191,"column":null}},"72":{"start":{"line":193,"column":4},"end":{"line":193,"column":null}},"73":{"start":{"line":197,"column":2},"end":{"line":197,"column":null}},"74":{"start":{"line":198,"column":2},"end":{"line":198,"column":null}},"75":{"start":{"line":200,"column":2},"end":{"line":212,"column":null}},"76":{"start":{"line":201,"column":4},"end":{"line":201,"column":null}},"77":{"start":{"line":202,"column":4},"end":{"line":202,"column":null}},"78":{"start":{"line":204,"column":4},"end":{"line":208,"column":null}},"79":{"start":{"line":209,"column":4},"end":{"line":211,"column":null}},"80":{"start":{"line":216,"column":18},"end":{"line":216,"column":79}},"81":{"start":{"line":218,"column":2},"end":{"line":218,"column":null}},"82":{"start":{"line":219,"column":21},"end":{"line":219,"column":54}},"83":{"start":{"line":220,"column":2},"end":{"line":222,"column":null}},"84":{"start":{"line":221,"column":4},"end":{"line":221,"column":null}},"85":{"start":{"line":224,"column":20},"end":{"line":224,"column":51}},"86":{"start":{"line":225,"column":21},"end":{"line":225,"column":53}},"87":{"start":{"line":226,"column":2},"end":{"line":242,"column":null}},"88":{"start":{"line":227,"column":4},"end":{"line":227,"column":null}},"89":{"start":{"line":228,"column":26},"end":{"line":234,"column":null}},"90":{"start":{"line":235,"column":4},"end":{"line":241,"column":null}},"91":{"start":{"line":236,"column":15},"end":{"line":236,"column":42}},"92":{"start":{"line":237,"column":16},"end":{"line":237,"column":44}},"93":{"start":{"line":238,"column":6},"end":{"line":240,"column":null}},"94":{"start":{"line":239,"column":8},"end":{"line":239,"column":null}},"95":{"start":{"line":244,"column":2},"end":{"line":246,"column":null}}},"fnMap":{"0":{"name":"update","decl":{"start":{"line":30,"column":22},"end":{"line":30,"column":28}},"loc":{"start":{"line":30,"column":51},"end":{"line":213,"column":null}},"line":30},"1":{"name":"(anonymous_1)","decl":{"start":{"line":82,"column":10},"end":{"line":82,"column":11}},"loc":{"start":{"line":82,"column":17},"end":{"line":82,"column":75}},"line":82},"2":{"name":"(anonymous_2)","decl":{"start":{"line":84,"column":13},"end":{"line":84,"column":14}},"loc":{"start":{"line":84,"column":21},"end":{"line":84,"column":74}},"line":84},"3":{"name":"(anonymous_3)","decl":{"start":{"line":85,"column":14},"end":{"line":85,"column":15}},"loc":{"start":{"line":85,"column":24},"end":{"line":85,"column":41}},"line":85},"4":{"name":"installSchemaFrom","decl":{"start":{"line":215,"column":9},"end":{"line":215,"column":26}},"loc":{"start":{"line":215,"column":65},"end":{"line":247,"column":null}},"line":215}},"branchMap":{"0":{"loc":{"start":{"line":40,"column":2},"end":{"line":46,"column":null}},"type":"if","locations":[{"start":{"line":40,"column":2},"end":{"line":46,"column":null}},{"start":{},"end":{}}],"line":40},"1":{"loc":{"start":{"line":40,"column":6},"end":{"line":40,"column":31}},"type":"binary-expr","locations":[{"start":{"line":40,"column":6},"end":{"line":40,"column":15}},{"start":{"line":40,"column":19},"end":{"line":40,"column":31}}],"line":40},"2":{"loc":{"start":{"line":49,"column":2},"end":{"line":63,"column":null}},"type":"if","locations":[{"start":{"line":49,"column":2},"end":{"line":63,"column":null}},{"start":{},"end":{}}],"line":49},"3":{"loc":{"start":{"line":66,"column":2},"end":{"line":143,"column":null}},"type":"if","locations":[{"start":{"line":66,"column":2},"end":{"line":143,"column":null}},{"start":{},"end":{}}],"line":66},"4":{"loc":{"start":{"line":82,"column":17},"end":{"line":82,"column":75}},"type":"binary-expr","locations":[{"start":{"line":82,"column":17},"end":{"line":82,"column":53}},{"start":{"line":82,"column":57},"end":{"line":82,"column":75}}],"line":82},"5":{"loc":{"start":{"line":86,"column":6},"end":{"line":86,"column":null}},"type":"if","locations":[{"start":{"line":86,"column":6},"end":{"line":86,"column":null}},{"start":{},"end":{}}],"line":86},"6":{"loc":{"start":{"line":104,"column":23},"end":{"line":104,"column":62}},"type":"cond-expr","locations":[{"start":{"line":104,"column":31},"end":{"line":104,"column":51}},{"start":{"line":104,"column":54},"end":{"line":104,"column":62}}],"line":104},"7":{"loc":{"start":{"line":105,"column":6},"end":{"line":108,"column":null}},"type":"if","locations":[{"start":{"line":105,"column":6},"end":{"line":108,"column":null}},{"start":{},"end":{}}],"line":105},"8":{"loc":{"start":{"line":105,"column":10},"end":{"line":105,"column":52}},"type":"binary-expr","locations":[{"start":{"line":105,"column":10},"end":{"line":105,"column":29}},{"start":{"line":105,"column":29},"end":{"line":105,"column":52}}],"line":105},"9":{"loc":{"start":{"line":118,"column":6},"end":{"line":121,"column":null}},"type":"if","locations":[{"start":{"line":118,"column":6},"end":{"line":121,"column":null}},{"start":{},"end":{}}],"line":118},"10":{"loc":{"start":{"line":118,"column":6},"end":{"line":118,"column":74}},"type":"binary-expr","locations":[{"start":{"line":118,"column":6},"end":{"line":118,"column":50}},{"start":{"line":118,"column":50},"end":{"line":118,"column":74}}],"line":118},"11":{"loc":{"start":{"line":129,"column":18},"end":{"line":129,"column":66}},"type":"cond-expr","locations":[{"start":{"line":129,"column":41},"end":{"line":129,"column":52}},{"start":{"line":129,"column":55},"end":{"line":129,"column":66}}],"line":129},"12":{"loc":{"start":{"line":146,"column":2},"end":{"line":177,"column":null}},"type":"if","locations":[{"start":{"line":146,"column":2},"end":{"line":177,"column":null}},{"start":{},"end":{}}],"line":146},"13":{"loc":{"start":{"line":146,"column":6},"end":{"line":146,"column":71}},"type":"binary-expr","locations":[{"start":{"line":146,"column":6},"end":{"line":146,"column":27}},{"start":{"line":146,"column":27},"end":{"line":146,"column":71}}],"line":146},"14":{"loc":{"start":{"line":149,"column":20},"end":{"line":151,"column":10}},"type":"cond-expr","locations":[{"start":{"line":150,"column":8},"end":{"line":150,"column":null}},{"start":{"line":151,"column":8},"end":{"line":151,"column":10}}],"line":149},"15":{"loc":{"start":{"line":152,"column":22},"end":{"line":152,"column":50}},"type":"binary-expr","locations":[{"start":{"line":152,"column":22},"end":{"line":152,"column":44}},{"start":{"line":152,"column":48},"end":{"line":152,"column":50}}],"line":152},"16":{"loc":{"start":{"line":153,"column":21},"end":{"line":153,"column":74}},"type":"binary-expr","locations":[{"start":{"line":153,"column":21},"end":{"line":153,"column":68}},{"start":{"line":153,"column":72},"end":{"line":153,"column":74}}],"line":153},"17":{"loc":{"start":{"line":155,"column":4},"end":{"line":176,"column":null}},"type":"if","locations":[{"start":{"line":155,"column":4},"end":{"line":176,"column":null}},{"start":{"line":157,"column":11},"end":{"line":176,"column":null}}],"line":155},"18":{"loc":{"start":{"line":155,"column":8},"end":{"line":155,"column":57}},"type":"binary-expr","locations":[{"start":{"line":155,"column":8},"end":{"line":155,"column":31}},{"start":{"line":155,"column":35},"end":{"line":155,"column":57}}],"line":155},"19":{"loc":{"start":{"line":180,"column":2},"end":{"line":194,"column":null}},"type":"if","locations":[{"start":{"line":180,"column":2},"end":{"line":194,"column":null}},{"start":{},"end":{}}],"line":180},"20":{"loc":{"start":{"line":200,"column":2},"end":{"line":212,"column":null}},"type":"if","locations":[{"start":{"line":200,"column":2},"end":{"line":212,"column":null}},{"start":{"line":203,"column":9},"end":{"line":212,"column":null}}],"line":200},"21":{"loc":{"start":{"line":220,"column":2},"end":{"line":222,"column":null}},"type":"if","locations":[{"start":{"line":220,"column":2},"end":{"line":222,"column":null}},{"start":{},"end":{}}],"line":220},"22":{"loc":{"start":{"line":226,"column":2},"end":{"line":242,"column":null}},"type":"if","locations":[{"start":{"line":226,"column":2},"end":{"line":242,"column":null}},{"start":{},"end":{}}],"line":226},"23":{"loc":{"start":{"line":238,"column":6},"end":{"line":240,"column":null}},"type":"if","locations":[{"start":{"line":238,"column":6},"end":{"line":240,"column":null}},{"start":{},"end":{}}],"line":238}},"s":{"0":0,"1":0,"2":0,"3":0,"4":0,"5":0,"6":0,"7":0,"8":0,"9":0,"10":0,"11":0,"12":0,"13":0,"14":0,"15":0,"16":0,"17":0,"18":0,"19":0,"20":0,"21":0,"22":0,"23":0,"24":0,"25":0,"26":0,"27":0,"28":0,"29":0,"30":0,"31":0,"32":0,"33":0,"34":0,"35":0,"36":0,"37":0,"38":0,"39":0,"40":0,"41":0,"42":0,"43":0,"44":0,"45":0,"46":0,"47":0,"48":0,"49":0,"50":0,"51":0,"52":0,"53":0,"54":0,"55":0,"56":0,"57":0,"58":0,"59":0,"60":0,"61":0,"62":0,"63":0,"64":0,"65":0,"66":0,"67":0,"68":0,"69":0,"70":0,"71":0,"72":0,"73":0,"74":0,"75":0,"76":0,"77":0,"78":0,"79":0,"80":0,"81":0,"82":0,"83":0,"84":0,"85":0,"86":0,"87":0,"88":0,"89":0,"90":0,"91":0,"92":0,"93":0,"94":0,"95":0},"f":{"0":0,"1":0,"2":0,"3":0,"4":0},"b":{"0":[0,0],"1":[0,0],"2":[0,0],"3":[0,0],"4":[0,0],"5":[0,0],"6":[0,0],"7":[0,0],"8":[0,0],"9":[0,0],"10":[0,0],"11":[0,0],"12":[0,0],"13":[0,0],"14":[0,0],"15":[0,0],"16":[0,0],"17":[0,0],"18":[0,0],"19":[0,0],"20":[0,0],"21":[0,0],"22":[0,0],"23":[0,0]},"meta":{"lastBranch":24,"lastFunction":5,"lastStatement":96,"seen":{"f:30:22:30:28":0,"s:31:2:31:Infinity":0,"s:33:22:33:35":1,"s:36:16:37:Infinity":2,"s:39:19:39:63":3,"b:40:2:46:Infinity:undefined:undefined:undefined:undefined":0,"s:40:2:46:Infinity":4,"b:40:6:40:15:40:19:40:31":1,"s:41:4:41:Infinity":5,"s:42:4:44:Infinity":6,"s:45:4:45:Infinity":7,"b:49:2:63:Infinity:undefined:undefined:undefined:undefined":2,"s:49:2:63:Infinity":8,"s:50:4:50:Infinity":9,"s:51:4:62:Infinity":10,"s:52:6:55:Infinity":11,"s:56:6:56:Infinity":12,"s:58:6:58:Infinity":13,"s:59:6:61:Infinity":14,"b:66:2:143:Infinity:undefined:undefined:undefined:undefined":3,"s:66:2:143:Infinity":15,"s:67:4:67:Infinity":16,"s:68:4:142:Infinity":17,"s:69:18:69:58":18,"s:70:6:70:Infinity":19,"s:71:6:71:Infinity":20,"s:73:21:73:39":21,"s:74:6:77:Infinity":22,"s:80:20:85:42":23,"f:82:10:82:11":1,"s:82:17:82:75":24,"b:82:17:82:53:82:57:82:75":4,"f:84:13:84:14":2,"s:84:21:84:74":25,"f:85:14:85:15":3,"s:85:24:85:41":26,"b:86:6:86:Infinity:undefined:undefined:undefined:undefined":5,"s:86:6:86:Infinity":27,"s:86:33:86:Infinity":28,"s:87:23:87:56":29,"s:90:6:90:Infinity":30,"s:92:19:97:Infinity":31,"s:99:21:99:65":32,"s:102:20:102:49":33,"s:103:17:103:33":34,"s:104:23:104:62":35,"b:104:31:104:51:104:54:104:62":6,"b:105:6:108:Infinity:undefined:undefined:undefined:undefined":7,"s:105:6:108:Infinity":36,"b:105:10:105:29:105:29:105:52":8,"s:106:18:106:51":37,"s:107:8:107:Infinity":38,"s:111:20:116:Infinity":39,"b:118:6:121:Infinity:undefined:undefined:undefined:undefined":9,"s:118:6:121:Infinity":40,"b:118:6:118:50:118:50:118:74":10,"s:119:26:119:60":41,"s:120:8:120:Infinity":42,"s:124:6:124:Infinity":43,"s:126:6:126:Infinity":44,"s:127:6:127:Infinity":45,"s:129:18:129:66":46,"b:129:41:129:52:129:55:129:66":11,"s:130:6:130:Infinity":47,"s:131:6:131:Infinity":48,"s:132:6:141:Infinity":49,"s:133:8:136:Infinity":50,"s:137:8:137:Infinity":51,"s:139:8:139:Infinity":52,"s:140:8:140:Infinity":53,"b:146:2:177:Infinity:undefined:undefined:undefined:undefined":12,"s:146:2:177:Infinity":54,"b:146:6:146:27:146:27:146:71":13,"s:147:4:147:Infinity":55,"s:148:24:148:58":56,"s:149:20:151:10":57,"b:150:8:150:Infinity:151:8:151:10":14,"s:152:22:152:50":58,"b:152:22:152:44:152:48:152:50":15,"s:153:21:153:74":59,"b:153:21:153:68:153:72:153:74":16,"b:155:4:176:Infinity:157:11:176:Infinity":17,"s:155:4:176:Infinity":60,"b:155:8:155:31:155:35:155:57":18,"s:156:6:156:Infinity":61,"s:158:6:175:Infinity":62,"s:159:8:162:Infinity":63,"s:163:8:163:Infinity":64,"s:164:8:164:Infinity":65,"s:166:8:166:Infinity":66,"s:167:8:171:Infinity":67,"s:172:8:174:Infinity":68,"b:180:2:194:Infinity:undefined:undefined:undefined:undefined":19,"s:180:2:194:Infinity":69,"s:185:4:185:Infinity":70,"s:186:19:191:Infinity":71,"s:193:4:193:Infinity":72,"s:197:2:197:Infinity":73,"s:198:2:198:Infinity":74,"b:200:2:212:Infinity:203:9:212:Infinity":20,"s:200:2:212:Infinity":75,"s:201:4:201:Infinity":76,"s:202:4:202:Infinity":77,"s:204:4:208:Infinity":78,"s:209:4:211:Infinity":79,"f:215:9:215:26":4,"s:216:18:216:79":80,"s:218:2:218:Infinity":81,"s:219:21:219:54":82,"b:220:2:222:Infinity:undefined:undefined:undefined:undefined":21,"s:220:2:222:Infinity":83,"s:221:4:221:Infinity":84,"s:224:20:224:51":85,"s:225:21:225:53":86,"b:226:2:242:Infinity:undefined:undefined:undefined:undefined":22,"s:226:2:242:Infinity":87,"s:227:4:227:Infinity":88,"s:228:26:234:Infinity":89,"s:235:4:241:Infinity":90,"s:236:15:236:42":91,"s:237:16:237:44":92,"b:238:6:240:Infinity:undefined:undefined:undefined:undefined":23,"s:238:6:240:Infinity":93,"s:239:8:239:Infinity":94,"s:244:2:246:Infinity":95}}}
}
